2024-06-10 19:49:54,657 Received market data message: blue
2024-06-10 19:49:55,759 Error receiving market data message: main thread is not in main loop
2024-06-10 19:49:56,811 Received market data message: blue
2024-06-10 19:49:56,828 Received market data message: red
2024-06-10 19:49:56,922 Received market data message: red
2024-06-10 19:49:58,293 Received market data message: red
2024-06-10 19:50:01,294 Received market data message: red
2024-06-10 19:50:03,300 Received market data message: red
2024-06-10 19:50:05,307 Received market data message: red
2024-06-10 19:50:06,309 Received market data message: red
2024-06-10 19:50:08,320 Received market data message: red
2024-06-10 19:50:10,325 Received market data message: blue
2024-06-10 19:50:12,332 Received market data message: red
2024-06-10 19:50:13,817 Sent order: order red
2024-06-10 19:50:15,347 Received market data message: blue
2024-06-10 19:50:15,509 Sent order: order blue
2024-06-10 19:50:16,349 Received market data message: blue
2024-06-10 19:50:19,361 Received market data message: red
2024-06-10 19:50:20,363 Received market data message: blue
2024-06-10 19:50:21,365 Received market data message: blue
2024-06-10 19:50:23,371 Received market data message: blue
2024-06-10 19:50:26,382 Received market data message: blue
2024-06-10 19:50:27,394 Received market data message: red
2024-06-10 19:50:30,396 Received market data message: blue
2024-06-10 19:50:32,404 Received market data message: red
2024-06-10 19:50:34,409 Received market data message: red
2024-06-10 19:50:37,418 Received market data message: red
2024-06-10 19:50:38,431 Received market data message: blue
2024-06-10 19:50:41,442 Received market data message: red
2024-06-10 19:50:43,450 Received market data message: blue
2024-06-10 19:50:44,454 Received market data message: red
2024-06-10 19:50:47,464 Received market data message: blue
2024-06-10 19:50:50,479 Received market data message: red
2024-06-10 19:50:51,493 Received market data message: blue
2024-06-10 19:50:52,496 Received market data message: blue
2024-06-10 19:50:53,498 Received market data message: blue
2024-06-10 19:50:56,513 Received market data message: red
2024-06-10 19:50:58,514 Received market data message: red
2024-06-10 19:50:59,528 Received market data message: blue
2024-06-10 19:51:00,544 Received market data message: blue
2024-06-10 19:51:02,551 Received market data message: red
2024-06-10 19:51:03,557 Received market data message: red
2024-06-10 19:51:05,559 Received market data message: blue
2024-06-10 19:51:06,565 Received market data message: blue
2024-06-10 19:51:09,569 Received market data message: blue
2024-06-10 19:51:10,573 Received market data message: red
2024-06-10 19:51:13,576 Received market data message: blue
2024-06-10 19:51:15,596 Received market data message: red
2024-06-10 19:51:16,606 Received market data message: blue
2024-06-10 19:51:18,608 Received market data message: blue
2024-06-10 19:51:21,616 Received market data message: blue
2024-06-10 19:51:23,631 Received market data message: red
2024-06-10 19:51:26,634 Received market data message: blue
2024-06-10 19:51:27,649 Received market data message: blue
2024-06-10 19:51:28,651 Received market data message: blue
2024-06-10 19:51:29,665 Received market data message: blue
2024-06-10 19:51:32,666 Received market data message: blue
2024-06-10 19:51:33,674 Received market data message: red
2024-06-10 19:51:34,688 Received market data message: blue
2024-06-10 19:51:35,690 Received market data message: blue
2024-06-10 19:51:36,694 Received market data message: blue
2024-06-10 19:51:37,696 Received market data message: blue
2024-06-10 19:51:38,700 Received market data message: red
2024-06-10 19:51:41,715 Received market data message: blue
2024-06-10 19:51:44,724 Received market data message: red
2024-06-10 19:51:47,730 Received market data message: blue
2024-06-10 19:51:49,733 Received market data message: blue
2024-06-10 19:51:52,750 Received market data message: blue
2024-06-10 19:51:54,761 Received market data message: red
2024-06-10 19:51:56,771 Received market data message: red
2024-06-10 19:51:57,781 Received market data message: blue
2024-06-10 19:51:59,785 Received market data message: blue
2024-06-10 19:52:00,795 Received market data message: red
2024-06-10 19:52:03,810 Received market data message: red
2024-06-10 19:52:06,811 Received market data message: blue
2024-06-10 19:52:08,814 Received market data message: blue
2024-06-10 19:52:11,826 Received market data message: red
2024-06-10 19:52:12,831 Received market data message: red
2024-06-10 19:52:13,844 Received market data message: blue
2024-06-10 19:52:15,854 Received market data message: red
2024-06-10 19:52:16,856 Received market data message: red
2024-06-10 19:52:18,857 Received market data message: blue
2024-06-10 19:52:19,864 Received market data message: blue
2024-06-10 19:52:21,866 Received market data message: blue
2024-06-10 19:52:23,876 Received market data message: red
2024-06-10 19:52:24,885 Received market data message: blue
2024-06-10 19:52:26,887 Received market data message: red
2024-06-10 19:52:29,895 Received market data message: blue
2024-06-10 19:52:31,909 Received market data message: red
2024-06-10 19:52:33,916 Received market data message: blue
2024-06-10 19:52:36,923 Received market data message: red
2024-06-10 19:52:39,936 Received market data message: blue
2024-06-10 19:52:42,950 Received market data message: blue
2024-06-10 19:52:45,952 Received market data message: blue
2024-06-10 19:52:48,962 Received market data message: blue
2024-06-10 19:52:51,977 Received market data message: red
2024-06-10 19:52:53,983 Received market data message: blue
2024-06-10 19:52:55,994 Received market data message: blue
2024-06-10 19:52:58,999 Received market data message: blue
2024-06-10 19:53:02,003 Received market data message: red
2024-06-10 19:53:03,051 Received market data message: blue
2024-06-10 19:53:05,056 Received market data message: red
2024-06-10 19:53:06,105 Received market data message: red
2024-06-10 19:53:07,108 Received market data message: blue
2024-06-10 19:53:09,109 Received market data message: blue
