2024-06-11 21:11:38,238 DEBUG Starting TradingApp
2024-06-11 21:11:38,369 DEBUG Starting MarketDataListener
2024-06-11 21:11:38,370 DEBUG Initializing MarketDataListener
2024-06-11 21:11:38,371 INFO Socket bound to ('', 5007)
2024-06-11 21:11:38,371 INFO MarketDataListener joined multicast group 224.1.1.1 on port 5007
2024-06-11 21:11:38,372 DEBUG MarketDataListener thread started
2024-06-11 21:11:38,375 DEBUG Updating status lights
2024-06-11 21:11:38,376 DEBUG Checking dependencies
2024-06-11 21:11:38,376 DEBUG Pinging component on port 5008
2024-06-11 21:11:38,376 INFO Trying to connect to localhost:5008
2024-06-11 21:11:40,422 DEBUG Component on port 5008 is down
2024-06-11 21:11:40,422 DEBUG Component OrderRouter status: down
2024-06-11 21:11:40,422 DEBUG Pinging component on port 5009
2024-06-11 21:11:40,422 INFO Trying to connect to localhost:5009
2024-06-11 21:11:41,184 DEBUG Received market data message from 192.168.56.1:53314: blue
2024-06-11 21:11:41,184 DEBUG Scheduling update for Market Data status light to green
2024-06-11 21:11:42,280 ERROR Error receiving market data message: main thread is not in main loop
2024-06-11 21:11:42,280 DEBUG Scheduling update for Market Data status light to red
2024-06-11 21:11:42,468 DEBUG Component on port 5009 is down
2024-06-11 21:11:42,468 DEBUG Component FIXEngine status: down
2024-06-11 21:11:42,468 DEBUG Pinging component on port 5010
2024-06-11 21:11:42,468 INFO Trying to connect to localhost:5010
2024-06-11 21:11:44,484 DEBUG Component on port 5010 is down
2024-06-11 21:11:44,484 DEBUG Component MarketSimulator status: down
2024-06-11 21:11:44,484 DEBUG Checking dependencies
2024-06-11 21:11:44,485 DEBUG Pinging component on port 5008
2024-06-11 21:11:44,485 INFO Trying to connect to localhost:5008
2024-06-11 21:11:44,486 DEBUG Component on port 5008 is up
2024-06-11 21:11:44,486 DEBUG Component OrderRouter status: up
2024-06-11 21:11:44,486 DEBUG Pinging component on port 5009
2024-06-11 21:11:44,486 INFO Trying to connect to localhost:5009
2024-06-11 21:11:44,487 DEBUG Component on port 5009 is up
2024-06-11 21:11:44,487 DEBUG Component FIXEngine status: up
2024-06-11 21:11:44,487 DEBUG Pinging component on port 5010
2024-06-11 21:11:44,487 INFO Trying to connect to localhost:5010
2024-06-11 21:11:46,542 DEBUG Component on port 5010 is down
2024-06-11 21:11:46,542 DEBUG Component MarketSimulator status: down
2024-06-11 21:11:46,543 DEBUG Updating market data display
2024-06-11 21:11:46,543 INFO 2024-06-11 21:11:46 - blue from 192.168.56.1:53314
2024-06-11 21:11:47,557 DEBUG Updating market data display
2024-06-11 21:11:48,567 DEBUG Updating market data display
2024-06-11 21:11:49,488 DEBUG Updating status lights
2024-06-11 21:11:49,488 DEBUG Checking dependencies
2024-06-11 21:11:49,488 DEBUG Pinging component on port 5008
2024-06-11 21:11:49,488 INFO Trying to connect to localhost:5008
2024-06-11 21:11:49,489 DEBUG Component on port 5008 is up
2024-06-11 21:11:49,489 DEBUG Component OrderRouter status: up
2024-06-11 21:11:49,489 DEBUG Pinging component on port 5009
2024-06-11 21:11:49,489 INFO Trying to connect to localhost:5009
2024-06-11 21:11:49,490 DEBUG Component on port 5009 is up
2024-06-11 21:11:49,490 DEBUG Component FIXEngine status: up
2024-06-11 21:11:49,490 DEBUG Pinging component on port 5010
2024-06-11 21:11:49,490 INFO Trying to connect to localhost:5010
2024-06-11 21:11:49,490 DEBUG Component on port 5010 is up
2024-06-11 21:11:49,491 DEBUG Component MarketSimulator status: up
2024-06-11 21:11:49,581 DEBUG Updating market data display
2024-06-11 21:11:50,589 DEBUG Updating market data display
2024-06-11 21:11:51,589 DEBUG Updating market data display
