2024-06-11 18:34:01,630 MarketDataListener initialized and joined multicast group
2024-06-11 18:34:02,507 Received market data message: red
2024-06-11 18:34:02,507 Updating Market Data status light to green
2024-06-11 18:34:03,611 Error updating market data status light: main thread is not in main loop
2024-06-11 18:34:03,674 Component on port 5008 is down
2024-06-11 18:34:04,713 Error receiving market data message: main thread is not in main loop
2024-06-11 18:34:04,713 Updating Market Data status light to red
2024-06-11 18:34:05,711 Component on port 5009 is down
2024-06-11 18:34:05,817 Error updating market data status light: main thread is not in main loop
2024-06-11 18:34:07,732 Component on port 5010 is down
2024-06-11 18:34:07,733 Component on port 5008 is up
2024-06-11 18:34:07,734 Component on port 5009 is up
2024-06-11 18:34:09,765 Component on port 5010 is down
2024-06-11 18:34:09,774 2024-06-11 18:34:09 - red
2024-06-11 18:34:12,735 Component on port 5008 is up
2024-06-11 18:34:12,736 Component on port 5009 is up
2024-06-11 18:34:12,737 Component on port 5010 is up
2024-06-11 18:34:17,749 Component on port 5008 is up
2024-06-11 18:34:17,750 Component on port 5009 is up
2024-06-11 18:34:17,751 Component on port 5010 is up
2024-06-11 18:34:22,760 Component on port 5008 is up
2024-06-11 18:34:22,761 Component on port 5009 is up
2024-06-11 18:34:22,762 Component on port 5010 is up
2024-06-11 18:34:27,777 Component on port 5008 is up
2024-06-11 18:34:27,779 Component on port 5009 is up
2024-06-11 18:34:27,781 Component on port 5010 is up
2024-06-11 18:34:32,783 Component on port 5008 is up
2024-06-11 18:34:32,785 Component on port 5009 is up
2024-06-11 18:34:32,788 Component on port 5010 is up
2024-06-11 18:34:37,796 Component on port 5008 is up
2024-06-11 18:34:37,797 Component on port 5009 is up
2024-06-11 18:34:37,798 Component on port 5010 is up
2024-06-11 18:34:42,809 Component on port 5008 is up
2024-06-11 18:34:42,810 Component on port 5009 is up
2024-06-11 18:34:42,811 Component on port 5010 is up
2024-06-11 18:34:47,825 Component on port 5008 is up
2024-06-11 18:34:47,826 Component on port 5009 is up
2024-06-11 18:34:47,827 Component on port 5010 is up
2024-06-11 18:34:52,829 Component on port 5008 is up
2024-06-11 18:34:52,831 Component on port 5009 is up
2024-06-11 18:34:52,832 Component on port 5010 is up
2024-06-11 18:34:57,842 Component on port 5008 is up
2024-06-11 18:34:57,843 Component on port 5009 is up
2024-06-11 18:34:57,844 Component on port 5010 is up
2024-06-11 18:35:02,858 Component on port 5008 is up
2024-06-11 18:35:02,859 Component on port 5009 is up
2024-06-11 18:35:02,860 Component on port 5010 is up
2024-06-11 18:35:07,873 Component on port 5008 is up
2024-06-11 18:35:07,874 Component on port 5009 is up
2024-06-11 18:35:07,875 Component on port 5010 is up
2024-06-11 18:35:12,881 Component on port 5008 is up
2024-06-11 18:35:12,882 Component on port 5009 is up
2024-06-11 18:35:12,884 Component on port 5010 is up
2024-06-11 18:35:17,898 Component on port 5008 is up
2024-06-11 18:35:17,899 Component on port 5009 is up
2024-06-11 18:35:17,900 Component on port 5010 is up
2024-06-11 18:35:22,902 Component on port 5008 is up
2024-06-11 18:35:22,904 Component on port 5009 is up
2024-06-11 18:35:22,906 Component on port 5010 is up
2024-06-11 18:35:27,912 Component on port 5008 is up
2024-06-11 18:35:27,913 Component on port 5009 is up
2024-06-11 18:35:27,915 Component on port 5010 is up
2024-06-11 18:35:32,919 Component on port 5008 is up
2024-06-11 18:35:32,922 Component on port 5009 is up
2024-06-11 18:35:32,924 Component on port 5010 is up
2024-06-11 18:35:37,936 Component on port 5008 is up
2024-06-11 18:35:37,938 Component on port 5009 is up
2024-06-11 18:35:37,939 Component on port 5010 is up
2024-06-11 18:35:42,945 Component on port 5008 is up
2024-06-11 18:35:42,946 Component on port 5009 is up
2024-06-11 18:35:42,947 Component on port 5010 is up
2024-06-11 18:35:47,959 Component on port 5008 is up
2024-06-11 18:35:47,961 Component on port 5009 is up
2024-06-11 18:35:47,962 Component on port 5010 is up
2024-06-11 18:35:52,963 Component on port 5008 is up
2024-06-11 18:35:52,965 Component on port 5009 is up
2024-06-11 18:35:52,967 Component on port 5010 is up
2024-06-11 18:35:57,980 Component on port 5008 is up
2024-06-11 18:35:57,981 Component on port 5009 is up
2024-06-11 18:35:57,982 Component on port 5010 is up
2024-06-11 18:36:02,985 Component on port 5008 is up
2024-06-11 18:36:02,986 Component on port 5009 is up
2024-06-11 18:36:02,987 Component on port 5010 is up
2024-06-11 18:36:08,003 Component on port 5008 is up
2024-06-11 18:36:08,005 Component on port 5009 is up
2024-06-11 18:36:08,006 Component on port 5010 is up
2024-06-11 18:36:13,020 Component on port 5008 is up
2024-06-11 18:36:13,021 Component on port 5009 is up
2024-06-11 18:36:13,021 Component on port 5010 is up
2024-06-11 18:36:18,026 Component on port 5008 is up
2024-06-11 18:36:18,027 Component on port 5009 is up
2024-06-11 18:36:18,028 Component on port 5010 is up
2024-06-11 18:36:23,033 Component on port 5008 is up
2024-06-11 18:36:23,034 Component on port 5009 is up
2024-06-11 18:36:23,034 Component on port 5010 is up
2024-06-11 18:36:28,035 Component on port 5008 is up
2024-06-11 18:36:28,036 Component on port 5009 is up
2024-06-11 18:36:28,038 Component on port 5010 is up
2024-06-11 18:36:33,040 Component on port 5008 is up
2024-06-11 18:36:33,040 Component on port 5009 is up
2024-06-11 18:36:33,041 Component on port 5010 is up
2024-06-11 18:36:38,053 Component on port 5008 is up
2024-06-11 18:36:38,054 Component on port 5009 is up
2024-06-11 18:36:38,055 Component on port 5010 is up
2024-06-11 18:36:43,072 Component on port 5008 is up
2024-06-11 18:36:43,073 Component on port 5009 is up
2024-06-11 18:36:43,074 Component on port 5010 is up
2024-06-11 18:36:48,087 Component on port 5008 is up
2024-06-11 18:36:48,088 Component on port 5009 is up
2024-06-11 18:36:48,089 Component on port 5010 is up
2024-06-11 18:36:53,098 Component on port 5008 is up
2024-06-11 18:36:53,099 Component on port 5009 is up
2024-06-11 18:36:53,099 Component on port 5010 is up
2024-06-11 18:36:58,109 Component on port 5008 is up
2024-06-11 18:36:58,110 Component on port 5009 is up
2024-06-11 18:36:58,110 Component on port 5010 is up
2024-06-11 18:37:03,115 Component on port 5008 is up
2024-06-11 18:37:03,115 Component on port 5009 is up
2024-06-11 18:37:03,116 Component on port 5010 is up
2024-06-11 18:37:08,127 Component on port 5008 is up
2024-06-11 18:37:08,128 Component on port 5009 is up
2024-06-11 18:37:08,128 Component on port 5010 is up
2024-06-11 18:37:13,137 Component on port 5008 is up
2024-06-11 18:37:13,140 Component on port 5009 is up
2024-06-11 18:37:13,143 Component on port 5010 is up
2024-06-11 18:37:18,150 Component on port 5008 is up
2024-06-11 18:37:18,152 Component on port 5009 is up
2024-06-11 18:37:18,154 Component on port 5010 is up
2024-06-11 18:37:23,168 Component on port 5008 is up
2024-06-11 18:37:23,170 Component on port 5009 is up
2024-06-11 18:37:23,173 Component on port 5010 is up
2024-06-11 18:37:28,181 Component on port 5008 is up
2024-06-11 18:37:28,182 Component on port 5009 is up
2024-06-11 18:37:28,183 Component on port 5010 is up
2024-06-11 18:37:33,198 Component on port 5008 is up
2024-06-11 18:37:33,200 Component on port 5009 is up
2024-06-11 18:37:33,202 Component on port 5010 is up
2024-06-11 18:37:38,206 Component on port 5008 is up
2024-06-11 18:37:38,206 Component on port 5009 is up
2024-06-11 18:37:38,208 Component on port 5010 is up
2024-06-11 18:37:43,210 Component on port 5008 is up
2024-06-11 18:37:43,212 Component on port 5009 is up
2024-06-11 18:37:43,213 Component on port 5010 is up
2024-06-11 18:37:48,218 Component on port 5008 is up
2024-06-11 18:37:48,218 Component on port 5009 is up
2024-06-11 18:37:48,219 Component on port 5010 is up
2024-06-11 18:37:53,232 Component on port 5008 is up
2024-06-11 18:37:53,234 Component on port 5009 is up
2024-06-11 18:37:53,237 Component on port 5010 is up
2024-06-11 18:37:58,244 Component on port 5008 is up
2024-06-11 18:37:58,246 Component on port 5009 is up
2024-06-11 18:37:58,247 Component on port 5010 is up
2024-06-11 18:38:03,260 Component on port 5008 is up
2024-06-11 18:38:03,260 Component on port 5009 is up
2024-06-11 18:38:03,261 Component on port 5010 is up
2024-06-11 18:38:08,277 Component on port 5008 is up
2024-06-11 18:38:08,278 Component on port 5009 is up
2024-06-11 18:38:08,279 Component on port 5010 is up
2024-06-11 18:38:13,288 Component on port 5008 is up
2024-06-11 18:38:13,290 Component on port 5009 is up
2024-06-11 18:38:13,292 Component on port 5010 is up
2024-06-11 18:38:18,304 Component on port 5008 is up
2024-06-11 18:38:18,305 Component on port 5009 is up
2024-06-11 18:38:18,306 Component on port 5010 is up
2024-06-11 18:38:23,310 Component on port 5008 is up
2024-06-11 18:38:23,311 Component on port 5009 is up
2024-06-11 18:38:23,312 Component on port 5010 is up
2024-06-11 18:38:28,319 Component on port 5008 is up
2024-06-11 18:38:28,320 Component on port 5009 is up
2024-06-11 18:38:28,320 Component on port 5010 is up
2024-06-11 18:38:33,331 Component on port 5008 is up
2024-06-11 18:38:33,332 Component on port 5009 is up
2024-06-11 18:38:33,333 Component on port 5010 is up
2024-06-11 18:38:38,342 Component on port 5008 is up
2024-06-11 18:38:38,343 Component on port 5009 is up
2024-06-11 18:38:38,344 Component on port 5010 is up
2024-06-11 18:38:43,346 Component on port 5008 is up
2024-06-11 18:38:43,348 Component on port 5009 is up
2024-06-11 18:38:43,349 Component on port 5010 is up
2024-06-11 18:38:48,363 Component on port 5008 is up
2024-06-11 18:38:48,364 Component on port 5009 is up
2024-06-11 18:38:48,364 Component on port 5010 is up
2024-06-11 18:38:53,369 Component on port 5008 is up
2024-06-11 18:38:53,371 Component on port 5009 is up
2024-06-11 18:38:53,372 Component on port 5010 is up
2024-06-11 18:38:58,382 Component on port 5008 is up
2024-06-11 18:38:58,382 Component on port 5009 is up
2024-06-11 18:38:58,383 Component on port 5010 is up
2024-06-11 18:39:03,396 Component on port 5008 is up
2024-06-11 18:39:03,398 Component on port 5009 is up
2024-06-11 18:39:03,401 Component on port 5010 is up
2024-06-11 18:39:08,415 Component on port 5008 is up
2024-06-11 18:39:08,417 Component on port 5009 is up
2024-06-11 18:39:08,419 Component on port 5010 is up
2024-06-11 18:39:13,420 Component on port 5008 is up
2024-06-11 18:39:13,421 Component on port 5009 is up
2024-06-11 18:39:13,422 Component on port 5010 is up
2024-06-11 18:39:18,423 Component on port 5008 is up
2024-06-11 18:39:18,424 Component on port 5009 is up
2024-06-11 18:39:18,425 Component on port 5010 is up
2024-06-11 18:39:23,434 Component on port 5008 is up
2024-06-11 18:39:23,435 Component on port 5009 is up
2024-06-11 18:39:23,436 Component on port 5010 is up
2024-06-11 18:39:28,446 Component on port 5008 is up
2024-06-11 18:39:28,447 Component on port 5009 is up
2024-06-11 18:39:28,448 Component on port 5010 is up
2024-06-11 18:39:33,460 Component on port 5008 is up
2024-06-11 18:39:33,461 Component on port 5009 is up
2024-06-11 18:39:33,462 Component on port 5010 is up
2024-06-11 18:39:38,477 Component on port 5008 is up
2024-06-11 18:39:38,479 Component on port 5009 is up
2024-06-11 18:39:38,480 Component on port 5010 is up
2024-06-11 18:39:43,482 Component on port 5008 is up
2024-06-11 18:39:43,484 Component on port 5009 is up
2024-06-11 18:39:43,485 Component on port 5010 is up
2024-06-11 18:39:48,499 Component on port 5008 is up
2024-06-11 18:39:48,501 Component on port 5009 is up
2024-06-11 18:39:48,503 Component on port 5010 is up
2024-06-11 18:39:53,518 Component on port 5008 is up
2024-06-11 18:39:53,519 Component on port 5009 is up
2024-06-11 18:39:53,520 Component on port 5010 is up
2024-06-11 18:39:58,536 Component on port 5008 is up
2024-06-11 18:39:58,537 Component on port 5009 is up
2024-06-11 18:39:58,539 Component on port 5010 is up
2024-06-11 18:40:03,544 Component on port 5008 is up
2024-06-11 18:40:03,546 Component on port 5009 is up
2024-06-11 18:40:03,549 Component on port 5010 is up
2024-06-11 18:40:08,554 Component on port 5008 is up
2024-06-11 18:40:08,555 Component on port 5009 is up
2024-06-11 18:40:08,557 Component on port 5010 is up
2024-06-11 18:40:13,559 Component on port 5008 is up
2024-06-11 18:40:13,561 Component on port 5009 is up
2024-06-11 18:40:13,563 Component on port 5010 is up
2024-06-11 18:40:18,575 Component on port 5008 is up
2024-06-11 18:40:18,576 Component on port 5009 is up
2024-06-11 18:40:18,577 Component on port 5010 is up
2024-06-11 18:40:23,588 Component on port 5008 is up
2024-06-11 18:40:23,590 Component on port 5009 is up
2024-06-11 18:40:23,591 Component on port 5010 is up
2024-06-11 18:40:28,607 Component on port 5008 is up
2024-06-11 18:40:28,607 Component on port 5009 is up
2024-06-11 18:40:28,608 Component on port 5010 is up
2024-06-11 18:40:33,611 Component on port 5008 is up
2024-06-11 18:40:33,612 Component on port 5009 is up
2024-06-11 18:40:33,613 Component on port 5010 is up
2024-06-11 18:40:38,624 Component on port 5008 is up
2024-06-11 18:40:38,625 Component on port 5009 is up
2024-06-11 18:40:38,626 Component on port 5010 is up
2024-06-11 18:40:43,633 Component on port 5008 is up
2024-06-11 18:40:43,634 Component on port 5009 is up
2024-06-11 18:40:43,635 Component on port 5010 is up
2024-06-11 18:40:48,642 Component on port 5008 is up
2024-06-11 18:40:48,643 Component on port 5009 is up
2024-06-11 18:40:48,644 Component on port 5010 is up
2024-06-11 18:40:53,648 Component on port 5008 is up
2024-06-11 18:40:53,649 Component on port 5009 is up
2024-06-11 18:40:53,650 Component on port 5010 is up
2024-06-11 18:40:58,660 Component on port 5008 is up
2024-06-11 18:40:58,661 Component on port 5009 is up
2024-06-11 18:40:58,662 Component on port 5010 is up
2024-06-11 18:41:03,678 Component on port 5008 is up
2024-06-11 18:41:03,678 Component on port 5009 is up
2024-06-11 18:41:03,679 Component on port 5010 is up
2024-06-11 18:41:08,689 Component on port 5008 is up
2024-06-11 18:41:08,691 Component on port 5009 is up
2024-06-11 18:41:08,694 Component on port 5010 is up
2024-06-11 18:41:13,699 Component on port 5008 is up
2024-06-11 18:41:13,701 Component on port 5009 is up
2024-06-11 18:41:13,702 Component on port 5010 is up
2024-06-11 18:41:18,707 Component on port 5008 is up
2024-06-11 18:41:18,708 Component on port 5009 is up
2024-06-11 18:41:18,709 Component on port 5010 is up
2024-06-11 18:41:23,720 Component on port 5008 is up
2024-06-11 18:41:23,721 Component on port 5009 is up
2024-06-11 18:41:23,722 Component on port 5010 is up
2024-06-11 18:41:28,723 Component on port 5008 is up
2024-06-11 18:41:28,724 Component on port 5009 is up
2024-06-11 18:41:28,724 Component on port 5010 is up
2024-06-11 18:41:33,729 Component on port 5008 is up
2024-06-11 18:41:33,730 Component on port 5009 is up
2024-06-11 18:41:33,731 Component on port 5010 is up
2024-06-11 18:41:38,734 Component on port 5008 is up
2024-06-11 18:41:38,735 Component on port 5009 is up
2024-06-11 18:41:38,735 Component on port 5010 is up
2024-06-11 18:41:43,750 Component on port 5008 is up
2024-06-11 18:41:43,751 Component on port 5009 is up
2024-06-11 18:41:43,752 Component on port 5010 is up
2024-06-11 18:41:48,764 Component on port 5008 is up
2024-06-11 18:41:48,766 Component on port 5009 is up
2024-06-11 18:41:48,767 Component on port 5010 is up
2024-06-11 18:41:53,775 Component on port 5008 is up
2024-06-11 18:41:53,777 Component on port 5009 is up
2024-06-11 18:41:53,779 Component on port 5010 is up
2024-06-11 18:41:58,788 Component on port 5008 is up
2024-06-11 18:41:58,790 Component on port 5009 is up
2024-06-11 18:41:58,792 Component on port 5010 is up
2024-06-11 18:42:03,795 Component on port 5008 is up
2024-06-11 18:42:03,796 Component on port 5009 is up
2024-06-11 18:42:03,796 Component on port 5010 is up
2024-06-11 18:42:08,799 Component on port 5008 is up
2024-06-11 18:42:08,800 Component on port 5009 is up
2024-06-11 18:42:08,801 Component on port 5010 is up
2024-06-11 18:42:13,815 Component on port 5008 is up
2024-06-11 18:42:13,816 Component on port 5009 is up
2024-06-11 18:42:13,817 Component on port 5010 is up
2024-06-11 18:42:18,825 Component on port 5008 is up
2024-06-11 18:42:18,826 Component on port 5009 is up
2024-06-11 18:42:18,827 Component on port 5010 is up
2024-06-11 18:42:23,836 Component on port 5008 is up
2024-06-11 18:42:23,837 Component on port 5009 is up
2024-06-11 18:42:23,839 Component on port 5010 is up
2024-06-11 18:42:28,854 Component on port 5008 is up
2024-06-11 18:42:28,855 Component on port 5009 is up
2024-06-11 18:42:28,856 Component on port 5010 is up
2024-06-11 18:42:33,861 Component on port 5008 is up
2024-06-11 18:42:33,862 Component on port 5009 is up
2024-06-11 18:42:33,862 Component on port 5010 is up
2024-06-11 18:42:38,867 Component on port 5008 is up
2024-06-11 18:42:38,868 Component on port 5009 is up
2024-06-11 18:42:38,869 Component on port 5010 is up
2024-06-11 18:42:43,872 Component on port 5008 is up
2024-06-11 18:42:43,873 Component on port 5009 is up
2024-06-11 18:42:43,874 Component on port 5010 is up
2024-06-11 18:42:48,880 Component on port 5008 is up
2024-06-11 18:42:48,881 Component on port 5009 is up
2024-06-11 18:42:48,883 Component on port 5010 is up
2024-06-11 18:42:53,888 Component on port 5008 is up
2024-06-11 18:42:53,889 Component on port 5009 is up
2024-06-11 18:42:53,890 Component on port 5010 is up
2024-06-11 18:42:58,897 Component on port 5008 is up
2024-06-11 18:42:58,898 Component on port 5009 is up
2024-06-11 18:42:58,899 Component on port 5010 is up
2024-06-11 18:43:03,901 Component on port 5008 is up
2024-06-11 18:43:03,902 Component on port 5009 is up
2024-06-11 18:43:03,903 Component on port 5010 is up
2024-06-11 18:43:08,918 Component on port 5008 is up
2024-06-11 18:43:08,919 Component on port 5009 is up
2024-06-11 18:43:08,920 Component on port 5010 is up
2024-06-11 18:43:13,926 Component on port 5008 is up
2024-06-11 18:43:13,926 Component on port 5009 is up
2024-06-11 18:43:13,927 Component on port 5010 is up
2024-06-11 18:43:18,928 Component on port 5008 is up
2024-06-11 18:43:18,929 Component on port 5009 is up
2024-06-11 18:43:18,930 Component on port 5010 is up
2024-06-11 18:43:23,933 Component on port 5008 is up
2024-06-11 18:43:23,934 Component on port 5009 is up
2024-06-11 18:43:23,935 Component on port 5010 is up
2024-06-11 18:43:28,936 Component on port 5008 is up
2024-06-11 18:43:28,938 Component on port 5009 is up
2024-06-11 18:43:28,940 Component on port 5010 is up
2024-06-11 18:43:33,944 Component on port 5008 is up
2024-06-11 18:43:33,945 Component on port 5009 is up
2024-06-11 18:43:33,946 Component on port 5010 is up
2024-06-11 18:43:38,957 Component on port 5008 is up
2024-06-11 18:43:38,958 Component on port 5009 is up
2024-06-11 18:43:38,959 Component on port 5010 is up
2024-06-11 18:43:43,970 Component on port 5008 is up
2024-06-11 18:43:43,972 Component on port 5009 is up
2024-06-11 18:43:43,973 Component on port 5010 is up
2024-06-11 18:43:48,978 Component on port 5008 is up
2024-06-11 18:43:48,979 Component on port 5009 is up
2024-06-11 18:43:48,980 Component on port 5010 is up
2024-06-11 18:43:53,986 Component on port 5008 is up
2024-06-11 18:43:53,987 Component on port 5009 is up
2024-06-11 18:43:53,989 Component on port 5010 is up
2024-06-11 18:43:59,002 Component on port 5008 is up
2024-06-11 18:43:59,003 Component on port 5009 is up
2024-06-11 18:43:59,004 Component on port 5010 is up
2024-06-11 18:44:04,010 Component on port 5008 is up
2024-06-11 18:44:04,011 Component on port 5009 is up
2024-06-11 18:44:04,012 Component on port 5010 is up
2024-06-11 18:44:09,023 Component on port 5008 is up
2024-06-11 18:44:09,024 Component on port 5009 is up
2024-06-11 18:44:09,025 Component on port 5010 is up
2024-06-11 18:44:14,029 Component on port 5008 is up
2024-06-11 18:44:14,030 Component on port 5009 is up
2024-06-11 18:44:14,032 Component on port 5010 is up
2024-06-11 18:44:19,041 Component on port 5008 is up
2024-06-11 18:44:19,042 Component on port 5009 is up
2024-06-11 18:44:19,044 Component on port 5010 is up
2024-06-11 18:44:24,056 Component on port 5008 is up
2024-06-11 18:44:24,057 Component on port 5009 is up
2024-06-11 18:44:24,058 Component on port 5010 is up
2024-06-11 18:44:29,061 Component on port 5008 is up
2024-06-11 18:44:29,062 Component on port 5009 is up
2024-06-11 18:44:29,063 Component on port 5010 is up
2024-06-11 18:44:34,069 Component on port 5008 is up
2024-06-11 18:44:34,069 Component on port 5009 is up
2024-06-11 18:44:34,071 Component on port 5010 is up
2024-06-11 18:44:39,080 Component on port 5008 is up
2024-06-11 18:44:39,081 Component on port 5009 is up
2024-06-11 18:44:39,082 Component on port 5010 is up
2024-06-11 18:44:44,087 Component on port 5008 is up
2024-06-11 18:44:44,088 Component on port 5009 is up
2024-06-11 18:44:44,089 Component on port 5010 is up
2024-06-11 18:44:49,105 Component on port 5008 is up
2024-06-11 18:44:49,107 Component on port 5009 is up
2024-06-11 18:44:49,109 Component on port 5010 is up
2024-06-11 18:44:54,121 Component on port 5008 is up
2024-06-11 18:44:54,122 Component on port 5009 is up
2024-06-11 18:44:54,123 Component on port 5010 is up
2024-06-11 18:44:59,136 Component on port 5008 is up
2024-06-11 18:44:59,137 Component on port 5009 is up
2024-06-11 18:44:59,138 Component on port 5010 is up
2024-06-11 18:45:04,141 Component on port 5008 is up
2024-06-11 18:45:04,142 Component on port 5009 is up
2024-06-11 18:45:04,143 Component on port 5010 is up
2024-06-11 18:45:09,157 Component on port 5008 is up
2024-06-11 18:45:09,158 Component on port 5009 is up
2024-06-11 18:45:09,159 Component on port 5010 is up
2024-06-11 18:45:14,160 Component on port 5008 is up
2024-06-11 18:45:14,162 Component on port 5009 is up
2024-06-11 18:45:14,163 Component on port 5010 is up
2024-06-11 18:45:19,174 Component on port 5008 is up
2024-06-11 18:45:19,176 Component on port 5009 is up
2024-06-11 18:45:19,177 Component on port 5010 is up
2024-06-11 18:45:24,190 Component on port 5008 is up
2024-06-11 18:45:24,192 Component on port 5009 is up
2024-06-11 18:45:24,193 Component on port 5010 is up
2024-06-11 18:45:29,204 Component on port 5008 is up
2024-06-11 18:45:29,205 Component on port 5009 is up
2024-06-11 18:45:29,206 Component on port 5010 is up
2024-06-11 18:45:34,217 Component on port 5008 is up
2024-06-11 18:45:34,219 Component on port 5009 is up
2024-06-11 18:45:34,221 Component on port 5010 is up
2024-06-11 18:45:39,225 Component on port 5008 is up
2024-06-11 18:45:39,226 Component on port 5009 is up
2024-06-11 18:45:39,227 Component on port 5010 is up
2024-06-11 18:45:44,239 Component on port 5008 is up
2024-06-11 18:45:44,241 Component on port 5009 is up
2024-06-11 18:45:44,243 Component on port 5010 is up
2024-06-11 18:45:49,257 Component on port 5008 is up
2024-06-11 18:45:49,258 Component on port 5009 is up
2024-06-11 18:45:49,259 Component on port 5010 is up
2024-06-11 18:45:54,263 Component on port 5008 is up
2024-06-11 18:45:54,265 Component on port 5009 is up
2024-06-11 18:45:54,266 Component on port 5010 is up
2024-06-11 18:45:59,280 Component on port 5008 is up
2024-06-11 18:45:59,281 Component on port 5009 is up
2024-06-11 18:45:59,283 Component on port 5010 is up
2024-06-11 18:46:04,286 Component on port 5008 is up
2024-06-11 18:46:04,287 Component on port 5009 is up
2024-06-11 18:46:04,289 Component on port 5010 is up
2024-06-11 18:46:09,302 Component on port 5008 is up
2024-06-11 18:46:09,302 Component on port 5009 is up
2024-06-11 18:46:09,304 Component on port 5010 is up
2024-06-11 18:46:14,312 Component on port 5008 is up
2024-06-11 18:46:14,313 Component on port 5009 is up
2024-06-11 18:46:14,314 Component on port 5010 is up
2024-06-11 18:46:19,327 Component on port 5008 is up
2024-06-11 18:46:19,328 Component on port 5009 is up
2024-06-11 18:46:19,329 Component on port 5010 is up
2024-06-11 18:46:24,338 Component on port 5008 is up
2024-06-11 18:46:24,339 Component on port 5009 is up
2024-06-11 18:46:24,340 Component on port 5010 is up
2024-06-11 18:46:29,350 Component on port 5008 is up
2024-06-11 18:46:29,352 Component on port 5009 is up
2024-06-11 18:46:29,353 Component on port 5010 is up
2024-06-11 18:46:34,356 Component on port 5008 is up
2024-06-11 18:46:34,357 Component on port 5009 is up
2024-06-11 18:46:34,359 Component on port 5010 is up
2024-06-11 18:46:39,361 Component on port 5008 is up
2024-06-11 18:46:39,362 Component on port 5009 is up
2024-06-11 18:46:39,364 Component on port 5010 is up
2024-06-11 18:46:44,370 Component on port 5008 is up
2024-06-11 18:46:44,372 Component on port 5009 is up
2024-06-11 18:46:44,373 Component on port 5010 is up
2024-06-11 18:46:49,381 Component on port 5008 is up
2024-06-11 18:46:49,382 Component on port 5009 is up
2024-06-11 18:46:49,383 Component on port 5010 is up
2024-06-11 18:46:54,393 Component on port 5008 is up
2024-06-11 18:46:54,394 Component on port 5009 is up
2024-06-11 18:46:54,396 Component on port 5010 is up
2024-06-11 18:46:59,405 Component on port 5008 is up
2024-06-11 18:46:59,407 Component on port 5009 is up
2024-06-11 18:46:59,409 Component on port 5010 is up
2024-06-11 18:47:04,418 Component on port 5008 is up
2024-06-11 18:47:04,419 Component on port 5009 is up
2024-06-11 18:47:04,420 Component on port 5010 is up
2024-06-11 18:47:09,428 Component on port 5008 is up
2024-06-11 18:47:09,430 Component on port 5009 is up
2024-06-11 18:47:09,433 Component on port 5010 is up
2024-06-11 18:47:14,442 Component on port 5008 is up
2024-06-11 18:47:14,444 Component on port 5009 is up
2024-06-11 18:47:14,447 Component on port 5010 is up
2024-06-11 18:47:19,460 Component on port 5008 is up
2024-06-11 18:47:19,462 Component on port 5009 is up
2024-06-11 18:47:19,464 Component on port 5010 is up
2024-06-11 18:47:24,468 Component on port 5008 is up
2024-06-11 18:47:24,471 Component on port 5009 is up
2024-06-11 18:47:24,474 Component on port 5010 is up
2024-06-11 18:47:29,487 Component on port 5008 is up
2024-06-11 18:47:29,489 Component on port 5009 is up
2024-06-11 18:47:29,491 Component on port 5010 is up
2024-06-11 18:47:34,502 Component on port 5008 is up
2024-06-11 18:47:34,504 Component on port 5009 is up
2024-06-11 18:47:34,506 Component on port 5010 is up
2024-06-11 18:47:39,510 Component on port 5008 is up
2024-06-11 18:47:39,512 Component on port 5009 is up
2024-06-11 18:47:39,514 Component on port 5010 is up
2024-06-11 18:47:44,527 Component on port 5008 is up
2024-06-11 18:47:44,530 Component on port 5009 is up
2024-06-11 18:47:44,532 Component on port 5010 is up
2024-06-11 18:47:49,546 Component on port 5008 is up
2024-06-11 18:47:49,547 Component on port 5009 is up
2024-06-11 18:47:49,549 Component on port 5010 is up
2024-06-11 18:47:54,555 Component on port 5008 is up
2024-06-11 18:47:54,557 Component on port 5009 is up
2024-06-11 18:47:54,559 Component on port 5010 is up
2024-06-11 18:47:59,574 Component on port 5008 is up
2024-06-11 18:47:59,576 Component on port 5009 is up
2024-06-11 18:47:59,577 Component on port 5010 is up
2024-06-11 18:48:04,588 Component on port 5008 is up
2024-06-11 18:48:04,590 Component on port 5009 is up
2024-06-11 18:48:04,591 Component on port 5010 is up
2024-06-11 18:48:09,600 Component on port 5008 is up
2024-06-11 18:48:09,601 Component on port 5009 is up
2024-06-11 18:48:09,604 Component on port 5010 is up
2024-06-11 18:48:14,619 Component on port 5008 is up
2024-06-11 18:48:14,620 Component on port 5009 is up
2024-06-11 18:48:14,622 Component on port 5010 is up
2024-06-11 18:48:19,627 Component on port 5008 is up
2024-06-11 18:48:19,628 Component on port 5009 is up
2024-06-11 18:48:19,629 Component on port 5010 is up
2024-06-11 18:48:24,634 Component on port 5008 is up
2024-06-11 18:48:24,635 Component on port 5009 is up
2024-06-11 18:48:24,637 Component on port 5010 is up
2024-06-11 18:48:29,641 Component on port 5008 is up
2024-06-11 18:48:29,643 Component on port 5009 is up
2024-06-11 18:48:29,644 Component on port 5010 is up
2024-06-11 18:48:34,648 Component on port 5008 is up
2024-06-11 18:48:34,649 Component on port 5009 is up
2024-06-11 18:48:34,651 Component on port 5010 is up
2024-06-11 18:48:39,655 Component on port 5008 is up
2024-06-11 18:48:39,658 Component on port 5009 is up
2024-06-11 18:48:39,660 Component on port 5010 is up
2024-06-11 18:48:44,668 Component on port 5008 is up
2024-06-11 18:48:44,670 Component on port 5009 is up
2024-06-11 18:48:44,672 Component on port 5010 is up
2024-06-11 18:48:49,683 Component on port 5008 is up
2024-06-11 18:48:49,685 Component on port 5009 is up
2024-06-11 18:48:49,687 Component on port 5010 is up
2024-06-11 18:48:54,689 Component on port 5008 is up
2024-06-11 18:48:54,691 Component on port 5009 is up
2024-06-11 18:48:54,693 Component on port 5010 is up
2024-06-11 18:48:59,710 Component on port 5008 is up
2024-06-11 18:48:59,712 Component on port 5009 is up
2024-06-11 18:48:59,714 Component on port 5010 is up
2024-06-11 18:49:04,730 Component on port 5008 is up
2024-06-11 18:49:04,732 Component on port 5009 is up
2024-06-11 18:49:04,734 Component on port 5010 is up
2024-06-11 18:49:09,741 Component on port 5008 is up
2024-06-11 18:49:09,743 Component on port 5009 is up
2024-06-11 18:49:09,744 Component on port 5010 is up
2024-06-11 18:49:14,753 Component on port 5008 is up
2024-06-11 18:49:14,754 Component on port 5009 is up
2024-06-11 18:49:14,755 Component on port 5010 is up
2024-06-11 18:49:19,769 Component on port 5008 is up
2024-06-11 18:49:19,771 Component on port 5009 is up
2024-06-11 18:49:19,773 Component on port 5010 is up
2024-06-11 18:49:24,789 Component on port 5008 is up
2024-06-11 18:49:24,789 Component on port 5009 is up
2024-06-11 18:49:24,791 Component on port 5010 is up
2024-06-11 18:49:29,798 Component on port 5008 is up
2024-06-11 18:49:29,800 Component on port 5009 is up
2024-06-11 18:49:29,801 Component on port 5010 is up
2024-06-11 18:49:34,817 Component on port 5008 is up
2024-06-11 18:49:34,818 Component on port 5009 is up
2024-06-11 18:49:34,820 Component on port 5010 is up
2024-06-11 18:49:39,831 Component on port 5008 is up
2024-06-11 18:49:39,832 Component on port 5009 is up
2024-06-11 18:49:39,834 Component on port 5010 is up
2024-06-11 18:49:44,835 Component on port 5008 is up
2024-06-11 18:49:44,836 Component on port 5009 is up
2024-06-11 18:49:44,838 Component on port 5010 is up
2024-06-11 18:49:49,843 Component on port 5008 is up
2024-06-11 18:49:49,844 Component on port 5009 is up
2024-06-11 18:49:49,846 Component on port 5010 is up
2024-06-11 18:49:54,850 Component on port 5008 is up
2024-06-11 18:49:54,851 Component on port 5009 is up
2024-06-11 18:49:54,853 Component on port 5010 is up
2024-06-11 18:49:59,857 Component on port 5008 is up
2024-06-11 18:49:59,858 Component on port 5009 is up
2024-06-11 18:49:59,859 Component on port 5010 is up
2024-06-11 18:50:04,869 Component on port 5008 is up
2024-06-11 18:50:04,870 Component on port 5009 is up
2024-06-11 18:50:04,872 Component on port 5010 is up
2024-06-11 18:50:09,874 Component on port 5008 is up
2024-06-11 18:50:09,876 Component on port 5009 is up
2024-06-11 18:50:09,879 Component on port 5010 is up
2024-06-11 18:50:14,884 Component on port 5008 is up
2024-06-11 18:50:14,886 Component on port 5009 is up
2024-06-11 18:50:14,889 Component on port 5010 is up
2024-06-11 18:50:19,902 Component on port 5008 is up
2024-06-11 18:50:19,905 Component on port 5009 is up
2024-06-11 18:50:19,906 Component on port 5010 is up
2024-06-11 18:50:24,919 Component on port 5008 is up
2024-06-11 18:50:24,921 Component on port 5009 is up
2024-06-11 18:50:24,923 Component on port 5010 is up
2024-06-11 18:50:29,933 Component on port 5008 is up
2024-06-11 18:50:29,934 Component on port 5009 is up
2024-06-11 18:50:29,936 Component on port 5010 is up
2024-06-11 18:50:34,948 Component on port 5008 is up
2024-06-11 18:50:34,950 Component on port 5009 is up
2024-06-11 18:50:34,952 Component on port 5010 is up
2024-06-11 18:50:39,954 Component on port 5008 is up
2024-06-11 18:50:39,957 Component on port 5009 is up
2024-06-11 18:50:39,959 Component on port 5010 is up
2024-06-11 18:50:44,970 Component on port 5008 is up
2024-06-11 18:50:44,971 Component on port 5009 is up
2024-06-11 18:50:44,973 Component on port 5010 is up
2024-06-11 18:50:49,981 Component on port 5008 is up
2024-06-11 18:50:49,983 Component on port 5009 is up
2024-06-11 18:50:49,985 Component on port 5010 is up
2024-06-11 18:50:54,994 Component on port 5008 is up
2024-06-11 18:50:54,996 Component on port 5009 is up
2024-06-11 18:50:54,999 Component on port 5010 is up
2024-06-11 18:51:00,009 Component on port 5008 is up
2024-06-11 18:51:00,011 Component on port 5009 is up
2024-06-11 18:51:00,013 Component on port 5010 is up
2024-06-11 18:51:05,026 Component on port 5008 is up
2024-06-11 18:51:05,028 Component on port 5009 is up
2024-06-11 18:51:05,030 Component on port 5010 is up
2024-06-11 18:51:10,040 Component on port 5008 is up
2024-06-11 18:51:10,042 Component on port 5009 is up
2024-06-11 18:51:10,044 Component on port 5010 is up
2024-06-11 18:51:15,054 Component on port 5008 is up
2024-06-11 18:51:15,056 Component on port 5009 is up
2024-06-11 18:51:15,058 Component on port 5010 is up
2024-06-11 18:51:20,071 Component on port 5008 is up
2024-06-11 18:51:20,073 Component on port 5009 is up
2024-06-11 18:51:20,076 Component on port 5010 is up
2024-06-11 18:51:25,088 Component on port 5008 is up
2024-06-11 18:51:25,090 Component on port 5009 is up
2024-06-11 18:51:25,092 Component on port 5010 is up
2024-06-11 18:51:30,105 Component on port 5008 is up
2024-06-11 18:51:30,108 Component on port 5009 is up
2024-06-11 18:51:30,111 Component on port 5010 is up
2024-06-11 18:51:35,126 Component on port 5008 is up
2024-06-11 18:51:35,128 Component on port 5009 is up
2024-06-11 18:51:35,130 Component on port 5010 is up
2024-06-11 18:51:40,139 Component on port 5008 is up
2024-06-11 18:51:40,141 Component on port 5009 is up
2024-06-11 18:51:40,143 Component on port 5010 is up
2024-06-11 18:51:45,154 Component on port 5008 is up
2024-06-11 18:51:45,156 Component on port 5009 is up
2024-06-11 18:51:45,158 Component on port 5010 is up
2024-06-11 18:51:50,174 Component on port 5008 is up
2024-06-11 18:51:50,175 Component on port 5009 is up
2024-06-11 18:51:50,177 Component on port 5010 is up
2024-06-11 18:51:55,194 Component on port 5008 is up
2024-06-11 18:51:55,196 Component on port 5009 is up
2024-06-11 18:51:55,198 Component on port 5010 is up
2024-06-11 18:52:00,214 Component on port 5008 is up
2024-06-11 18:52:00,217 Component on port 5009 is up
2024-06-11 18:52:00,219 Component on port 5010 is up
2024-06-11 18:52:05,235 Component on port 5008 is up
2024-06-11 18:52:05,237 Component on port 5009 is up
2024-06-11 18:52:05,238 Component on port 5010 is up
2024-06-11 18:52:10,244 Component on port 5008 is up
2024-06-11 18:52:10,245 Component on port 5009 is up
2024-06-11 18:52:10,246 Component on port 5010 is up
2024-06-11 18:52:15,253 Component on port 5008 is up
2024-06-11 18:52:15,254 Component on port 5009 is up
2024-06-11 18:52:15,255 Component on port 5010 is up
2024-06-11 18:52:20,258 Component on port 5008 is up
2024-06-11 18:52:20,260 Component on port 5009 is up
2024-06-11 18:52:20,262 Component on port 5010 is up
2024-06-11 18:52:25,266 Component on port 5008 is up
2024-06-11 18:52:25,268 Component on port 5009 is up
2024-06-11 18:52:25,270 Component on port 5010 is up
2024-06-11 18:52:30,278 Component on port 5008 is up
2024-06-11 18:52:30,280 Component on port 5009 is up
2024-06-11 18:52:30,282 Component on port 5010 is up
2024-06-11 18:52:35,283 Component on port 5008 is up
2024-06-11 18:52:35,284 Component on port 5009 is up
2024-06-11 18:52:35,285 Component on port 5010 is up
2024-06-11 18:52:40,292 Component on port 5008 is up
2024-06-11 18:52:40,293 Component on port 5009 is up
2024-06-11 18:52:40,295 Component on port 5010 is up
2024-06-11 18:52:45,307 Component on port 5008 is up
2024-06-11 18:52:45,308 Component on port 5009 is up
2024-06-11 18:52:45,309 Component on port 5010 is up
