2024-06-11 18:19:18,327 MarketDataListener initialized and joined multicast group
2024-06-11 18:19:19,088 Received market data message: blue
2024-06-11 18:19:19,088 Updating Market Data status light to green
2024-06-11 18:19:20,193 Error updating market data status light: main thread is not in main loop
2024-06-11 18:19:20,366 Component on port 5008 is down
2024-06-11 18:19:21,294 Error receiving market data message: main thread is not in main loop
2024-06-11 18:19:21,294 Updating Market Data status light to red
2024-06-11 18:19:22,401 Error updating market data status light: main thread is not in main loop
2024-06-11 18:19:22,401 Component on port 5009 is down
2024-06-11 18:19:24,441 Component on port 5010 is down
2024-06-11 18:19:24,442 Component on port 5008 is up
2024-06-11 18:19:24,443 Component on port 5009 is up
2024-06-11 18:19:26,490 Component on port 5010 is down
2024-06-11 18:19:26,496 2024-06-11 18:19:26 - blue
2024-06-11 18:19:29,446 Component on port 5008 is up
2024-06-11 18:19:29,447 Component on port 5009 is up
2024-06-11 18:19:29,448 Component on port 5010 is up
2024-06-11 18:19:34,463 Component on port 5008 is up
2024-06-11 18:19:34,464 Component on port 5009 is up
2024-06-11 18:19:34,465 Component on port 5010 is up
2024-06-11 18:19:39,473 Component on port 5008 is up
2024-06-11 18:19:39,474 Component on port 5009 is up
2024-06-11 18:19:39,476 Component on port 5010 is up
2024-06-11 18:19:44,486 Component on port 5008 is up
2024-06-11 18:19:44,487 Component on port 5009 is up
2024-06-11 18:19:44,488 Component on port 5010 is up
2024-06-11 18:19:49,493 Component on port 5008 is up
2024-06-11 18:19:49,494 Component on port 5009 is up
2024-06-11 18:19:49,495 Component on port 5010 is up
2024-06-11 18:19:54,499 Component on port 5008 is up
2024-06-11 18:19:54,500 Component on port 5009 is up
2024-06-11 18:19:54,502 Component on port 5010 is up
2024-06-11 18:19:59,512 Component on port 5008 is up
2024-06-11 18:19:59,514 Component on port 5009 is up
2024-06-11 18:19:59,515 Component on port 5010 is up
2024-06-11 18:20:04,521 Component on port 5008 is up
2024-06-11 18:20:04,522 Component on port 5009 is up
2024-06-11 18:20:04,523 Component on port 5010 is up
2024-06-11 18:20:09,536 Component on port 5008 is up
2024-06-11 18:20:09,537 Component on port 5009 is up
2024-06-11 18:20:09,538 Component on port 5010 is up
2024-06-11 18:20:14,540 Component on port 5008 is up
2024-06-11 18:20:14,541 Component on port 5009 is up
2024-06-11 18:20:14,542 Component on port 5010 is up
2024-06-11 18:20:19,550 Component on port 5008 is up
2024-06-11 18:20:19,551 Component on port 5009 is up
2024-06-11 18:20:19,552 Component on port 5010 is up
2024-06-11 18:20:24,562 Component on port 5008 is up
2024-06-11 18:20:24,563 Component on port 5009 is up
2024-06-11 18:20:24,564 Component on port 5010 is up
2024-06-11 18:20:29,565 Component on port 5008 is up
2024-06-11 18:20:29,566 Component on port 5009 is up
2024-06-11 18:20:29,567 Component on port 5010 is up
2024-06-11 18:20:34,580 Component on port 5008 is up
2024-06-11 18:20:34,581 Component on port 5009 is up
2024-06-11 18:20:34,582 Component on port 5010 is up
2024-06-11 18:20:39,585 Component on port 5008 is up
2024-06-11 18:20:39,586 Component on port 5009 is up
2024-06-11 18:20:39,588 Component on port 5010 is up
2024-06-11 18:20:44,603 Component on port 5008 is up
2024-06-11 18:20:44,605 Component on port 5009 is up
2024-06-11 18:20:44,606 Component on port 5010 is up
2024-06-11 18:20:49,619 Component on port 5008 is up
2024-06-11 18:20:49,620 Component on port 5009 is up
2024-06-11 18:20:49,621 Component on port 5010 is up
2024-06-11 18:20:54,623 Component on port 5008 is up
2024-06-11 18:20:54,624 Component on port 5009 is up
2024-06-11 18:20:54,626 Component on port 5010 is up
2024-06-11 18:20:59,638 Component on port 5008 is up
2024-06-11 18:20:59,639 Component on port 5009 is up
2024-06-11 18:20:59,640 Component on port 5010 is up
2024-06-11 18:21:04,653 Component on port 5008 is up
2024-06-11 18:21:04,654 Component on port 5009 is up
2024-06-11 18:21:04,655 Component on port 5010 is up
2024-06-11 18:21:09,670 Component on port 5008 is up
2024-06-11 18:21:09,671 Component on port 5009 is up
2024-06-11 18:21:09,672 Component on port 5010 is up
2024-06-11 18:21:14,683 Component on port 5008 is up
2024-06-11 18:21:14,684 Component on port 5009 is up
2024-06-11 18:21:14,685 Component on port 5010 is up
2024-06-11 18:21:19,688 Component on port 5008 is up
2024-06-11 18:21:19,689 Component on port 5009 is up
2024-06-11 18:21:19,690 Component on port 5010 is up
2024-06-11 18:21:24,701 Component on port 5008 is up
2024-06-11 18:21:24,702 Component on port 5009 is up
2024-06-11 18:21:24,703 Component on port 5010 is up
2024-06-11 18:21:29,707 Component on port 5008 is up
2024-06-11 18:21:29,707 Component on port 5009 is up
2024-06-11 18:21:29,709 Component on port 5010 is up
2024-06-11 18:21:34,719 Component on port 5008 is up
2024-06-11 18:21:34,720 Component on port 5009 is up
2024-06-11 18:21:34,721 Component on port 5010 is up
2024-06-11 18:21:39,736 Component on port 5008 is up
2024-06-11 18:21:39,737 Component on port 5009 is up
2024-06-11 18:21:39,738 Component on port 5010 is up
2024-06-11 18:21:44,740 Component on port 5008 is up
2024-06-11 18:21:44,741 Component on port 5009 is up
2024-06-11 18:21:44,742 Component on port 5010 is up
2024-06-11 18:21:49,753 Component on port 5008 is up
2024-06-11 18:21:49,754 Component on port 5009 is up
2024-06-11 18:21:49,755 Component on port 5010 is up
2024-06-11 18:21:54,768 Component on port 5008 is up
2024-06-11 18:21:54,769 Component on port 5009 is up
2024-06-11 18:21:54,770 Component on port 5010 is up
2024-06-11 18:21:59,776 Component on port 5008 is up
2024-06-11 18:21:59,777 Component on port 5009 is up
2024-06-11 18:21:59,779 Component on port 5010 is up
2024-06-11 18:22:04,792 Component on port 5008 is up
2024-06-11 18:22:04,793 Component on port 5009 is up
2024-06-11 18:22:04,794 Component on port 5010 is up
2024-06-11 18:22:09,799 Component on port 5008 is up
2024-06-11 18:22:09,800 Component on port 5009 is up
2024-06-11 18:22:09,801 Component on port 5010 is up
2024-06-11 18:22:14,808 Component on port 5008 is up
2024-06-11 18:22:14,809 Component on port 5009 is up
2024-06-11 18:22:14,810 Component on port 5010 is up
2024-06-11 18:22:19,814 Component on port 5008 is up
2024-06-11 18:22:19,815 Component on port 5009 is up
2024-06-11 18:22:19,816 Component on port 5010 is up
2024-06-11 18:22:24,823 Component on port 5008 is up
2024-06-11 18:22:24,824 Component on port 5009 is up
2024-06-11 18:22:24,824 Component on port 5010 is up
2024-06-11 18:22:29,826 Component on port 5008 is up
2024-06-11 18:22:29,828 Component on port 5009 is up
2024-06-11 18:22:29,830 Component on port 5010 is up
2024-06-11 18:22:34,845 Component on port 5008 is up
2024-06-11 18:22:34,847 Component on port 5009 is up
2024-06-11 18:22:34,849 Component on port 5010 is up
2024-06-11 18:22:39,854 Component on port 5008 is up
2024-06-11 18:22:39,856 Component on port 5009 is up
2024-06-11 18:22:39,858 Component on port 5010 is up
2024-06-11 18:22:44,869 Component on port 5008 is up
2024-06-11 18:22:44,871 Component on port 5009 is up
2024-06-11 18:22:44,872 Component on port 5010 is up
2024-06-11 18:22:49,882 Component on port 5008 is up
2024-06-11 18:22:49,883 Component on port 5009 is up
2024-06-11 18:22:49,884 Component on port 5010 is up
2024-06-11 18:22:54,887 Component on port 5008 is up
2024-06-11 18:22:54,889 Component on port 5009 is up
2024-06-11 18:22:54,890 Component on port 5010 is up
2024-06-11 18:22:59,897 Component on port 5008 is up
2024-06-11 18:22:59,899 Component on port 5009 is up
2024-06-11 18:22:59,900 Component on port 5010 is up
2024-06-11 18:23:04,911 Component on port 5008 is up
2024-06-11 18:23:04,912 Component on port 5009 is up
2024-06-11 18:23:04,913 Component on port 5010 is up
2024-06-11 18:23:09,928 Component on port 5008 is up
2024-06-11 18:23:09,930 Component on port 5009 is up
2024-06-11 18:23:09,932 Component on port 5010 is up
2024-06-11 18:23:14,935 Component on port 5008 is up
2024-06-11 18:23:14,936 Component on port 5009 is up
2024-06-11 18:23:14,937 Component on port 5010 is up
2024-06-11 18:23:19,947 Component on port 5008 is up
2024-06-11 18:23:19,948 Component on port 5009 is up
2024-06-11 18:23:19,949 Component on port 5010 is up
2024-06-11 18:23:24,954 Component on port 5008 is up
2024-06-11 18:23:24,955 Component on port 5009 is up
2024-06-11 18:23:24,956 Component on port 5010 is up
2024-06-11 18:23:29,957 Component on port 5008 is up
2024-06-11 18:23:29,958 Component on port 5009 is up
2024-06-11 18:23:29,959 Component on port 5010 is up
2024-06-11 18:23:34,973 Component on port 5008 is up
2024-06-11 18:23:34,974 Component on port 5009 is up
2024-06-11 18:23:34,975 Component on port 5010 is up
2024-06-11 18:23:39,991 Component on port 5008 is up
2024-06-11 18:23:39,992 Component on port 5009 is up
2024-06-11 18:23:39,994 Component on port 5010 is up
2024-06-11 18:23:45,008 Component on port 5008 is up
2024-06-11 18:23:45,009 Component on port 5009 is up
2024-06-11 18:23:45,011 Component on port 5010 is up
2024-06-11 18:23:50,021 Component on port 5008 is up
2024-06-11 18:23:50,023 Component on port 5009 is up
2024-06-11 18:23:50,025 Component on port 5010 is up
2024-06-11 18:23:55,038 Component on port 5008 is up
2024-06-11 18:23:55,039 Component on port 5009 is up
2024-06-11 18:23:55,040 Component on port 5010 is up
2024-06-11 18:24:00,044 Component on port 5008 is up
2024-06-11 18:24:00,045 Component on port 5009 is up
2024-06-11 18:24:00,046 Component on port 5010 is up
2024-06-11 18:24:05,050 Component on port 5008 is up
2024-06-11 18:24:05,050 Component on port 5009 is up
2024-06-11 18:24:05,051 Component on port 5010 is up
2024-06-11 18:24:10,060 Component on port 5008 is up
2024-06-11 18:24:10,061 Component on port 5009 is up
2024-06-11 18:24:10,062 Component on port 5010 is up
2024-06-11 18:24:15,065 Component on port 5008 is up
2024-06-11 18:24:15,065 Component on port 5009 is up
2024-06-11 18:24:15,066 Component on port 5010 is up
2024-06-11 18:24:20,070 Component on port 5008 is up
2024-06-11 18:24:20,072 Component on port 5009 is up
2024-06-11 18:24:20,074 Component on port 5010 is up
2024-06-11 18:24:25,080 Component on port 5008 is up
2024-06-11 18:24:25,081 Component on port 5009 is up
2024-06-11 18:24:25,083 Component on port 5010 is up
2024-06-11 18:24:30,097 Component on port 5008 is up
2024-06-11 18:24:30,098 Component on port 5009 is up
2024-06-11 18:24:30,099 Component on port 5010 is up
2024-06-11 18:24:35,110 Component on port 5008 is up
2024-06-11 18:24:35,111 Component on port 5009 is up
2024-06-11 18:24:35,113 Component on port 5010 is up
2024-06-11 18:24:40,129 Component on port 5008 is up
2024-06-11 18:24:40,130 Component on port 5009 is up
2024-06-11 18:24:40,130 Component on port 5010 is up
2024-06-11 18:24:45,139 Component on port 5008 is up
2024-06-11 18:24:45,140 Component on port 5009 is up
2024-06-11 18:24:45,141 Component on port 5010 is up
2024-06-11 18:24:50,148 Component on port 5008 is up
2024-06-11 18:24:50,149 Component on port 5009 is up
2024-06-11 18:24:50,150 Component on port 5010 is up
2024-06-11 18:24:55,165 Component on port 5008 is up
2024-06-11 18:24:55,166 Component on port 5009 is up
2024-06-11 18:24:55,168 Component on port 5010 is up
2024-06-11 18:25:00,183 Component on port 5008 is up
2024-06-11 18:25:00,184 Component on port 5009 is up
2024-06-11 18:25:00,186 Component on port 5010 is up
