2024-07-02 23:44:17,671 DEBUG Starting TradingApp
2024-07-02 23:44:17,772 DEBUG Starting MarketDataListener
2024-07-02 23:44:17,772 DEBUG Initializing MarketDataListener
2024-07-02 23:44:17,774 INFO Socket bound to ('', 5007)
2024-07-02 23:44:17,774 INFO MarketDataListener joined multicast group 224.1.1.1 on port 5007
2024-07-02 23:44:17,774 DEBUG MarketDataListener thread started
2024-07-02 23:44:17,778 DEBUG Updating status lights
2024-07-02 23:44:17,779 DEBUG Checking dependencies
2024-07-02 23:44:17,779 DEBUG Pinging component on port 5008
2024-07-02 23:44:17,779 INFO Trying to connect to localhost:5008
2024-07-02 23:44:19,817 DEBUG Component on port 5008 is down
2024-07-02 23:44:19,817 DEBUG Component OrderRouter status: down
2024-07-02 23:44:19,817 DEBUG Pinging component on port 5009
2024-07-02 23:44:19,817 INFO Trying to connect to localhost:5009
2024-07-02 23:44:20,715 DEBUG Received market data message from 192.168.56.1:53892: blue
2024-07-02 23:44:20,715 DEBUG Scheduling update for Market Data status light to green
2024-07-02 23:44:21,717 DEBUG Received market data message from 192.168.56.1:53892: blue
2024-07-02 23:44:21,717 DEBUG Scheduling update for Market Data status light to green
2024-07-02 23:44:21,840 DEBUG Component on port 5009 is down
2024-07-02 23:44:21,841 DEBUG Component FIXEngine status: down
2024-07-02 23:44:21,841 DEBUG Pinging component on port 5010
2024-07-02 23:44:21,841 INFO Trying to connect to localhost:5010
