2024-07-02 23:33:34,037 DEBUG Starting TradingApp
2024-07-02 23:33:34,122 DEBUG Starting MarketDataListener
2024-07-02 23:33:34,122 DEBUG Initializing MarketDataListener
2024-07-02 23:33:34,123 INFO Socket bound to ('', 5007)
2024-07-02 23:33:34,124 INFO MarketDataListener joined multicast group 224.1.1.1 on port 5007
2024-07-02 23:33:34,124 DEBUG MarketDataListener thread started
2024-07-02 23:33:34,130 DEBUG Updating status lights
2024-07-02 23:33:34,130 DEBUG Checking dependencies
2024-07-02 23:33:34,130 DEBUG Pinging component on port 5008
2024-07-02 23:33:34,130 INFO Trying to connect to localhost:5008
2024-07-02 23:33:36,160 DEBUG Component on port 5008 is down
2024-07-02 23:33:36,160 DEBUG Component OrderRouter status: down
2024-07-02 23:33:36,160 DEBUG Pinging component on port 5009
2024-07-02 23:33:36,161 INFO Trying to connect to localhost:5009
2024-07-02 23:33:38,198 DEBUG Component on port 5009 is down
2024-07-02 23:33:38,198 DEBUG Component FIXEngine status: down
2024-07-02 23:33:38,198 DEBUG Pinging component on port 5010
2024-07-02 23:33:38,198 INFO Trying to connect to localhost:5010
2024-07-02 23:33:40,222 DEBUG Component on port 5010 is down
2024-07-02 23:33:40,222 DEBUG Component MarketSimulator status: down
2024-07-02 23:33:40,222 DEBUG Checking market data multicast
2024-07-02 23:33:41,229 ERROR Failed to receive multicast data within the timeout period
2024-07-02 23:33:41,229 DEBUG MarketData component status: down
2024-07-02 23:33:41,229 DEBUG Checking dependencies
2024-07-02 23:33:41,229 DEBUG Pinging component on port 5008
2024-07-02 23:33:41,229 INFO Trying to connect to localhost:5008
2024-07-02 23:33:43,242 DEBUG Component on port 5008 is down
2024-07-02 23:33:43,242 DEBUG Component OrderRouter status: down
2024-07-02 23:33:43,242 DEBUG Pinging component on port 5009
2024-07-02 23:33:43,242 INFO Trying to connect to localhost:5009
2024-07-02 23:33:45,265 DEBUG Component on port 5009 is down
2024-07-02 23:33:45,265 DEBUG Component FIXEngine status: down
2024-07-02 23:33:45,265 DEBUG Pinging component on port 5010
2024-07-02 23:33:45,265 INFO Trying to connect to localhost:5010
2024-07-02 23:33:47,303 DEBUG Component on port 5010 is down
2024-07-02 23:33:47,303 DEBUG Component MarketSimulator status: down
2024-07-02 23:33:47,303 DEBUG Checking market data multicast
2024-07-02 23:33:48,305 INFO Trading App interrupted and exiting gracefully.
2024-07-02 23:34:54,843 DEBUG Received market data message from 192.168.56.1:54552: blue
2024-07-02 23:34:54,843 DEBUG Scheduling update for Market Data status light to green
2024-07-02 23:34:55,954 ERROR Error receiving market data message: main thread is not in main loop
2024-07-02 23:34:55,954 DEBUG Scheduling update for Market Data status light to red
2024-07-02 23:34:57,071 INFO Trading App interrupted and exiting gracefully.
