2024-06-11 19:41:12,569 MarketDataListener initialized and joined multicast group
2024-06-11 19:41:13,401 Received market data message: red
2024-06-11 19:41:13,401 Updating Market Data status light to green
2024-06-11 19:41:14,501 Error updating market data status light: main thread is not in main loop
2024-06-11 19:41:14,632 Component on port 5008 is down
2024-06-11 19:41:15,602 Error receiving market data message: main thread is not in main loop
2024-06-11 19:41:15,602 Updating Market Data status light to red
2024-06-11 19:41:16,698 Error updating market data status light: main thread is not in main loop
2024-06-11 19:41:16,709 Component on port 5009 is down
2024-06-11 19:41:18,751 Component on port 5010 is down
2024-06-11 19:41:18,752 Component on port 5008 is up
2024-06-11 19:41:18,753 Component on port 5009 is up
2024-06-11 19:41:20,821 Component on port 5010 is down
2024-06-11 19:41:20,822 2024-06-11 19:41:20 - red
2024-06-11 19:41:23,762 Component on port 5008 is up
2024-06-11 19:41:23,763 Component on port 5009 is up
2024-06-11 19:41:23,764 Component on port 5010 is up
2024-06-11 19:41:28,775 Component on port 5008 is up
2024-06-11 19:41:28,776 Component on port 5009 is up
2024-06-11 19:41:28,777 Component on port 5010 is up
2024-06-11 19:41:33,785 Component on port 5008 is up
2024-06-11 19:41:33,786 Component on port 5009 is up
2024-06-11 19:41:33,787 Component on port 5010 is up
2024-06-11 19:41:38,803 Component on port 5008 is up
2024-06-11 19:41:38,803 Component on port 5009 is up
2024-06-11 19:41:38,804 Component on port 5010 is up
2024-06-11 19:41:43,815 Component on port 5008 is up
2024-06-11 19:41:43,816 Component on port 5009 is up
2024-06-11 19:41:43,817 Component on port 5010 is up
2024-06-11 19:41:48,826 Component on port 5008 is up
2024-06-11 19:41:48,827 Component on port 5009 is up
2024-06-11 19:41:48,828 Component on port 5010 is up
2024-06-11 19:41:53,835 Component on port 5008 is up
2024-06-11 19:41:53,836 Component on port 5009 is up
2024-06-11 19:41:53,837 Component on port 5010 is up
2024-06-11 19:41:58,843 Component on port 5008 is up
2024-06-11 19:41:58,843 Component on port 5009 is up
2024-06-11 19:41:58,844 Component on port 5010 is up
2024-06-11 19:42:03,850 Component on port 5008 is up
2024-06-11 19:42:03,851 Component on port 5009 is up
2024-06-11 19:42:03,852 Component on port 5010 is up
2024-06-11 19:42:08,863 Component on port 5008 is up
2024-06-11 19:42:08,864 Component on port 5009 is up
2024-06-11 19:42:08,865 Component on port 5010 is up
2024-06-11 19:42:13,877 Component on port 5008 is up
2024-06-11 19:42:13,879 Component on port 5009 is up
2024-06-11 19:42:13,881 Component on port 5010 is up
2024-06-11 19:42:18,889 Component on port 5008 is up
2024-06-11 19:42:18,890 Component on port 5009 is up
2024-06-11 19:42:18,892 Component on port 5010 is up
2024-06-11 19:42:23,906 Component on port 5008 is up
2024-06-11 19:42:23,907 Component on port 5009 is up
2024-06-11 19:42:23,909 Component on port 5010 is up
2024-06-11 19:42:28,914 Component on port 5008 is up
2024-06-11 19:42:28,915 Component on port 5009 is up
2024-06-11 19:42:28,916 Component on port 5010 is up
2024-06-11 19:42:33,922 Component on port 5008 is up
2024-06-11 19:42:33,923 Component on port 5009 is up
2024-06-11 19:42:33,924 Component on port 5010 is up
2024-06-11 19:42:38,936 Component on port 5008 is up
2024-06-11 19:42:38,937 Component on port 5009 is up
2024-06-11 19:42:38,938 Component on port 5010 is up
2024-06-11 19:42:43,942 Component on port 5008 is up
2024-06-11 19:42:43,943 Component on port 5009 is up
2024-06-11 19:42:43,944 Component on port 5010 is up
2024-06-11 19:42:48,950 Component on port 5008 is up
2024-06-11 19:42:48,951 Component on port 5009 is up
2024-06-11 19:42:48,952 Component on port 5010 is up
2024-06-11 19:42:53,959 Component on port 5008 is up
2024-06-11 19:42:53,960 Component on port 5009 is up
2024-06-11 19:42:53,961 Component on port 5010 is up
2024-06-11 19:42:58,963 Component on port 5008 is up
2024-06-11 19:42:58,964 Component on port 5009 is up
2024-06-11 19:42:58,966 Component on port 5010 is up
2024-06-11 19:43:03,976 Component on port 5008 is up
2024-06-11 19:43:03,978 Component on port 5009 is up
2024-06-11 19:43:03,980 Component on port 5010 is up
2024-06-11 19:43:08,989 Component on port 5008 is up
2024-06-11 19:43:08,990 Component on port 5009 is up
2024-06-11 19:43:08,991 Component on port 5010 is up
2024-06-11 19:43:14,003 Component on port 5008 is up
2024-06-11 19:43:14,005 Component on port 5009 is up
2024-06-11 19:43:14,007 Component on port 5010 is up
2024-06-11 19:43:19,012 Component on port 5008 is up
2024-06-11 19:43:19,014 Component on port 5009 is up
2024-06-11 19:43:19,016 Component on port 5010 is up
2024-06-11 19:43:24,023 Component on port 5008 is up
2024-06-11 19:43:24,025 Component on port 5009 is up
2024-06-11 19:43:24,027 Component on port 5010 is up
2024-06-11 19:43:29,040 Component on port 5008 is up
2024-06-11 19:43:29,041 Component on port 5009 is up
2024-06-11 19:43:29,042 Component on port 5010 is up
2024-06-11 19:43:34,048 Component on port 5008 is up
2024-06-11 19:43:34,049 Component on port 5009 is up
2024-06-11 19:43:34,050 Component on port 5010 is up
2024-06-11 19:43:39,064 Component on port 5008 is up
2024-06-11 19:43:39,064 Component on port 5009 is up
2024-06-11 19:43:39,066 Component on port 5010 is up
2024-06-11 19:43:44,069 Component on port 5008 is up
2024-06-11 19:43:44,069 Component on port 5009 is up
2024-06-11 19:43:44,070 Component on port 5010 is up
2024-06-11 19:43:49,076 Component on port 5008 is up
2024-06-11 19:43:49,077 Component on port 5009 is up
2024-06-11 19:43:49,078 Component on port 5010 is up
2024-06-11 19:43:54,091 Component on port 5008 is up
2024-06-11 19:43:54,092 Component on port 5009 is up
2024-06-11 19:43:54,093 Component on port 5010 is up
2024-06-11 19:43:59,105 Component on port 5008 is up
2024-06-11 19:43:59,106 Component on port 5009 is up
2024-06-11 19:43:59,107 Component on port 5010 is up
2024-06-11 19:44:04,120 Component on port 5008 is up
2024-06-11 19:44:04,120 Component on port 5009 is up
2024-06-11 19:44:04,121 Component on port 5010 is up
2024-06-11 19:44:09,126 Component on port 5008 is up
2024-06-11 19:44:09,127 Component on port 5009 is up
2024-06-11 19:44:09,128 Component on port 5010 is up
2024-06-11 19:44:14,138 Component on port 5008 is up
2024-06-11 19:44:14,138 Component on port 5009 is up
2024-06-11 19:44:14,139 Component on port 5010 is up
2024-06-11 19:44:19,141 Component on port 5008 is up
2024-06-11 19:44:19,142 Component on port 5009 is up
2024-06-11 19:44:19,143 Component on port 5010 is up
2024-06-11 19:44:24,155 Component on port 5008 is up
2024-06-11 19:44:24,156 Component on port 5009 is up
2024-06-11 19:44:24,157 Component on port 5010 is up
2024-06-11 19:44:29,171 Component on port 5008 is up
2024-06-11 19:44:29,173 Component on port 5009 is up
2024-06-11 19:44:29,175 Component on port 5010 is up
2024-06-11 19:44:34,187 Component on port 5008 is up
2024-06-11 19:44:34,187 Component on port 5009 is up
2024-06-11 19:44:34,188 Component on port 5010 is up
2024-06-11 19:44:39,191 Component on port 5008 is up
2024-06-11 19:44:39,192 Component on port 5009 is up
2024-06-11 19:44:39,193 Component on port 5010 is up
2024-06-11 19:44:44,199 Component on port 5008 is up
2024-06-11 19:44:44,200 Component on port 5009 is up
2024-06-11 19:44:44,201 Component on port 5010 is up
2024-06-11 19:44:49,216 Component on port 5008 is up
2024-06-11 19:44:49,217 Component on port 5009 is up
2024-06-11 19:44:49,218 Component on port 5010 is up
2024-06-11 19:44:54,221 Component on port 5008 is up
2024-06-11 19:44:54,222 Component on port 5009 is up
2024-06-11 19:44:54,223 Component on port 5010 is up
2024-06-11 19:44:59,229 Component on port 5008 is up
2024-06-11 19:44:59,230 Component on port 5009 is up
2024-06-11 19:44:59,231 Component on port 5010 is up
2024-06-11 19:45:04,238 Component on port 5008 is up
2024-06-11 19:45:04,238 Component on port 5009 is up
2024-06-11 19:45:04,239 Component on port 5010 is up
2024-06-11 19:45:09,247 Component on port 5008 is up
2024-06-11 19:45:09,248 Component on port 5009 is up
2024-06-11 19:45:09,249 Component on port 5010 is up
2024-06-11 19:45:14,255 Component on port 5008 is up
2024-06-11 19:45:14,256 Component on port 5009 is up
2024-06-11 19:45:14,257 Component on port 5010 is up
2024-06-11 19:45:19,265 Component on port 5008 is up
2024-06-11 19:45:19,266 Component on port 5009 is up
2024-06-11 19:45:19,267 Component on port 5010 is up
2024-06-11 19:45:24,280 Component on port 5008 is up
2024-06-11 19:45:24,281 Component on port 5009 is up
2024-06-11 19:45:24,283 Component on port 5010 is up
2024-06-11 19:45:29,297 Component on port 5008 is up
2024-06-11 19:45:29,298 Component on port 5009 is up
2024-06-11 19:45:29,299 Component on port 5010 is up
2024-06-11 19:45:34,310 Component on port 5008 is up
2024-06-11 19:45:34,311 Component on port 5009 is up
2024-06-11 19:45:34,312 Component on port 5010 is up
2024-06-11 19:45:39,321 Component on port 5008 is up
2024-06-11 19:45:39,323 Component on port 5009 is up
2024-06-11 19:45:39,325 Component on port 5010 is up
2024-06-11 19:45:44,332 Component on port 5008 is up
2024-06-11 19:45:44,334 Component on port 5009 is up
2024-06-11 19:45:44,336 Component on port 5010 is up
2024-06-11 19:45:49,343 Component on port 5008 is up
2024-06-11 19:45:49,344 Component on port 5009 is up
2024-06-11 19:45:49,346 Component on port 5010 is up
2024-06-11 19:45:54,352 Component on port 5008 is up
2024-06-11 19:45:54,353 Component on port 5009 is up
2024-06-11 19:45:54,354 Component on port 5010 is up
2024-06-11 19:45:59,367 Component on port 5008 is up
2024-06-11 19:45:59,368 Component on port 5009 is up
2024-06-11 19:45:59,369 Component on port 5010 is up
2024-06-11 19:46:04,381 Component on port 5008 is up
2024-06-11 19:46:04,383 Component on port 5009 is up
2024-06-11 19:46:04,384 Component on port 5010 is up
2024-06-11 19:46:09,390 Component on port 5008 is up
2024-06-11 19:46:09,391 Component on port 5009 is up
2024-06-11 19:46:09,392 Component on port 5010 is up
2024-06-11 19:46:14,407 Component on port 5008 is up
2024-06-11 19:46:14,408 Component on port 5009 is up
2024-06-11 19:46:14,409 Component on port 5010 is up
2024-06-11 19:46:19,422 Component on port 5008 is up
2024-06-11 19:46:19,423 Component on port 5009 is up
2024-06-11 19:46:19,424 Component on port 5010 is up
2024-06-11 19:46:24,440 Component on port 5008 is up
2024-06-11 19:46:24,442 Component on port 5009 is up
2024-06-11 19:46:24,443 Component on port 5010 is up
2024-06-11 19:46:29,454 Component on port 5008 is up
2024-06-11 19:46:29,456 Component on port 5009 is up
2024-06-11 19:46:29,457 Component on port 5010 is up
2024-06-11 19:46:34,464 Component on port 5008 is up
2024-06-11 19:46:34,466 Component on port 5009 is up
2024-06-11 19:46:34,469 Component on port 5010 is up
2024-06-11 19:46:39,476 Component on port 5008 is up
2024-06-11 19:46:39,478 Component on port 5009 is up
2024-06-11 19:46:39,478 Component on port 5010 is up
2024-06-11 19:46:44,483 Component on port 5008 is up
2024-06-11 19:46:44,483 Component on port 5009 is up
2024-06-11 19:46:44,484 Component on port 5010 is up
2024-06-11 19:46:49,495 Component on port 5008 is up
2024-06-11 19:46:49,496 Component on port 5009 is up
2024-06-11 19:46:49,497 Component on port 5010 is up
2024-06-11 19:46:54,512 Component on port 5008 is up
2024-06-11 19:46:54,513 Component on port 5009 is up
2024-06-11 19:46:54,514 Component on port 5010 is up
2024-06-11 19:46:59,524 Component on port 5008 is up
2024-06-11 19:46:59,525 Component on port 5009 is up
2024-06-11 19:46:59,526 Component on port 5010 is up
2024-06-11 19:47:04,535 Component on port 5008 is up
2024-06-11 19:47:04,536 Component on port 5009 is up
2024-06-11 19:47:04,537 Component on port 5010 is up
2024-06-11 19:47:09,540 Component on port 5008 is up
2024-06-11 19:47:09,541 Component on port 5009 is up
2024-06-11 19:47:09,542 Component on port 5010 is up
2024-06-11 19:47:14,550 Component on port 5008 is up
2024-06-11 19:47:14,550 Component on port 5009 is up
2024-06-11 19:47:14,552 Component on port 5010 is up
2024-06-11 19:47:19,558 Component on port 5008 is up
2024-06-11 19:47:19,559 Component on port 5009 is up
2024-06-11 19:47:19,560 Component on port 5010 is up
2024-06-11 19:47:24,569 Component on port 5008 is up
2024-06-11 19:47:24,570 Component on port 5009 is up
2024-06-11 19:47:24,571 Component on port 5010 is up
2024-06-11 19:47:29,581 Component on port 5008 is up
2024-06-11 19:47:29,582 Component on port 5009 is up
2024-06-11 19:47:29,584 Component on port 5010 is up
2024-06-11 19:47:34,591 Component on port 5008 is up
2024-06-11 19:47:34,592 Component on port 5009 is up
2024-06-11 19:47:34,593 Component on port 5010 is up
2024-06-11 19:47:39,608 Component on port 5008 is up
2024-06-11 19:47:39,610 Component on port 5009 is up
2024-06-11 19:47:39,612 Component on port 5010 is up
2024-06-11 19:47:44,628 Component on port 5008 is up
2024-06-11 19:47:44,630 Component on port 5009 is up
2024-06-11 19:47:44,632 Component on port 5010 is up
2024-06-11 19:47:49,648 Component on port 5008 is up
2024-06-11 19:47:49,648 Component on port 5009 is up
2024-06-11 19:47:49,649 Component on port 5010 is up
2024-06-11 19:47:54,661 Component on port 5008 is up
2024-06-11 19:47:54,663 Component on port 5009 is up
2024-06-11 19:47:54,663 Component on port 5010 is up
2024-06-11 19:47:59,666 Component on port 5008 is up
2024-06-11 19:47:59,666 Component on port 5009 is up
2024-06-11 19:47:59,667 Component on port 5010 is up
2024-06-11 19:48:04,678 Component on port 5008 is up
2024-06-11 19:48:04,678 Component on port 5009 is up
2024-06-11 19:48:04,680 Component on port 5010 is up
2024-06-11 19:48:09,689 Component on port 5008 is up
2024-06-11 19:48:09,690 Component on port 5009 is up
2024-06-11 19:48:09,690 Component on port 5010 is up
2024-06-11 19:48:14,694 Component on port 5008 is up
2024-06-11 19:48:14,696 Component on port 5009 is up
2024-06-11 19:48:14,697 Component on port 5010 is up
2024-06-11 19:48:19,705 Component on port 5008 is up
2024-06-11 19:48:19,706 Component on port 5009 is up
2024-06-11 19:48:19,707 Component on port 5010 is up
2024-06-11 19:48:24,713 Component on port 5008 is up
2024-06-11 19:48:24,715 Component on port 5009 is up
2024-06-11 19:48:24,716 Component on port 5010 is up
2024-06-11 19:48:29,723 Component on port 5008 is up
2024-06-11 19:48:29,724 Component on port 5009 is up
2024-06-11 19:48:29,726 Component on port 5010 is up
2024-06-11 19:48:34,728 Component on port 5008 is up
2024-06-11 19:48:34,729 Component on port 5009 is up
2024-06-11 19:48:34,731 Component on port 5010 is up
2024-06-11 19:48:39,740 Component on port 5008 is up
2024-06-11 19:48:39,741 Component on port 5009 is up
2024-06-11 19:48:39,742 Component on port 5010 is up
2024-06-11 19:48:44,752 Component on port 5008 is up
2024-06-11 19:48:44,753 Component on port 5009 is up
2024-06-11 19:48:44,754 Component on port 5010 is up
2024-06-11 19:48:49,759 Component on port 5008 is up
2024-06-11 19:48:49,760 Component on port 5009 is up
2024-06-11 19:48:49,761 Component on port 5010 is up
2024-06-11 19:48:54,764 Component on port 5008 is up
2024-06-11 19:48:54,765 Component on port 5009 is up
2024-06-11 19:48:54,766 Component on port 5010 is up
2024-06-11 19:48:59,782 Component on port 5008 is up
2024-06-11 19:48:59,782 Component on port 5009 is up
2024-06-11 19:48:59,783 Component on port 5010 is up
2024-06-11 19:49:04,788 Component on port 5008 is up
2024-06-11 19:49:04,789 Component on port 5009 is up
2024-06-11 19:49:04,790 Component on port 5010 is up
2024-06-11 19:49:09,791 Component on port 5008 is up
2024-06-11 19:49:09,792 Component on port 5009 is up
2024-06-11 19:49:09,793 Component on port 5010 is up
2024-06-11 19:49:14,808 Component on port 5008 is up
2024-06-11 19:49:14,810 Component on port 5009 is up
2024-06-11 19:49:14,811 Component on port 5010 is up
2024-06-11 19:49:19,822 Component on port 5008 is up
2024-06-11 19:49:19,823 Component on port 5009 is up
2024-06-11 19:49:19,824 Component on port 5010 is up
2024-06-11 19:49:24,838 Component on port 5008 is up
2024-06-11 19:49:24,840 Component on port 5009 is up
2024-06-11 19:49:24,841 Component on port 5010 is up
2024-06-11 19:49:29,846 Component on port 5008 is up
2024-06-11 19:49:29,848 Component on port 5009 is up
2024-06-11 19:49:29,849 Component on port 5010 is up
2024-06-11 19:49:34,862 Component on port 5008 is up
2024-06-11 19:49:34,863 Component on port 5009 is up
2024-06-11 19:49:34,864 Component on port 5010 is up
2024-06-11 19:49:39,880 Component on port 5008 is up
2024-06-11 19:49:39,881 Component on port 5009 is up
2024-06-11 19:49:39,882 Component on port 5010 is up
2024-06-11 19:49:44,896 Component on port 5008 is up
2024-06-11 19:49:44,897 Component on port 5009 is up
2024-06-11 19:49:44,898 Component on port 5010 is up
2024-06-11 19:49:49,909 Component on port 5008 is up
2024-06-11 19:49:49,910 Component on port 5009 is up
2024-06-11 19:49:49,911 Component on port 5010 is up
2024-06-11 19:49:54,924 Component on port 5008 is up
2024-06-11 19:49:54,925 Component on port 5009 is up
2024-06-11 19:49:54,926 Component on port 5010 is up
