2024-06-11 21:46:33,156 DEBUG Starting TradingApp
2024-06-11 21:46:33,265 DEBUG Starting MarketDataListener
2024-06-11 21:46:33,265 DEBUG Initializing MarketDataListener
2024-06-11 21:46:33,266 INFO Socket bound to ('', 5007)
2024-06-11 21:46:33,267 INFO MarketDataListener joined multicast group 224.1.1.1 on port 5007
2024-06-11 21:46:33,267 DEBUG MarketDataListener thread started
2024-06-11 21:46:33,271 DEBUG Updating status lights
2024-06-11 21:46:33,271 DEBUG Checking dependencies
2024-06-11 21:46:33,271 DEBUG Pinging component on port 5008
2024-06-11 21:46:33,271 INFO Trying to connect to localhost:5008
2024-06-11 21:46:34,130 DEBUG Received market data message from 192.168.56.1:51586: blue
2024-06-11 21:46:34,131 DEBUG Scheduling update for Market Data status light to green
2024-06-11 21:46:35,224 ERROR Error receiving market data message: main thread is not in main loop
2024-06-11 21:46:35,224 DEBUG Scheduling update for Market Data status light to red
2024-06-11 21:46:35,303 DEBUG Component on port 5008 is down
2024-06-11 21:46:35,304 DEBUG Component OrderRouter status: down
2024-06-11 21:46:35,304 DEBUG Pinging component on port 5009
2024-06-11 21:46:35,305 INFO Trying to connect to localhost:5009
2024-06-11 21:46:37,340 DEBUG Component on port 5009 is down
2024-06-11 21:46:37,341 DEBUG Component FIXEngine status: down
2024-06-11 21:46:37,341 DEBUG Pinging component on port 5010
2024-06-11 21:46:37,341 INFO Trying to connect to localhost:5010
2024-06-11 21:46:39,386 DEBUG Component on port 5010 is down
2024-06-11 21:46:39,386 DEBUG Component MarketSimulator status: down
2024-06-11 21:46:39,386 DEBUG Checking dependencies
2024-06-11 21:46:39,386 DEBUG Pinging component on port 5008
2024-06-11 21:46:39,386 INFO Trying to connect to localhost:5008
2024-06-11 21:46:39,387 DEBUG Component on port 5008 is up
2024-06-11 21:46:39,387 DEBUG Component OrderRouter status: up
2024-06-11 21:46:39,387 DEBUG Pinging component on port 5009
2024-06-11 21:46:39,387 INFO Trying to connect to localhost:5009
2024-06-11 21:46:39,388 DEBUG Component on port 5009 is up
2024-06-11 21:46:39,388 DEBUG Component FIXEngine status: up
2024-06-11 21:46:39,389 DEBUG Pinging component on port 5010
2024-06-11 21:46:39,389 INFO Trying to connect to localhost:5010
2024-06-11 21:46:41,424 DEBUG Component on port 5010 is down
2024-06-11 21:46:41,424 DEBUG Component MarketSimulator status: down
2024-06-11 21:46:41,426 DEBUG Updating market data display
2024-06-11 21:46:41,427 INFO 2024-06-11 21:46:41 - blue from 192.168.56.1:51586
2024-06-11 21:46:42,437 DEBUG Updating market data display
2024-06-11 21:46:43,439 DEBUG Updating market data display
2024-06-11 21:46:44,392 DEBUG Updating status lights
2024-06-11 21:46:44,392 DEBUG Checking dependencies
2024-06-11 21:46:44,392 DEBUG Pinging component on port 5008
2024-06-11 21:46:44,392 INFO Trying to connect to localhost:5008
2024-06-11 21:46:44,401 DEBUG Component on port 5008 is up
2024-06-11 21:46:44,402 DEBUG Component OrderRouter status: up
2024-06-11 21:46:44,403 DEBUG Pinging component on port 5009
2024-06-11 21:46:44,403 INFO Trying to connect to localhost:5009
2024-06-11 21:46:44,403 DEBUG Component on port 5009 is up
2024-06-11 21:46:44,403 DEBUG Component FIXEngine status: up
2024-06-11 21:46:44,403 DEBUG Pinging component on port 5010
2024-06-11 21:46:44,403 INFO Trying to connect to localhost:5010
2024-06-11 21:46:44,405 DEBUG Component on port 5010 is up
2024-06-11 21:46:44,405 DEBUG Component MarketSimulator status: up
2024-06-11 21:46:44,453 DEBUG Updating market data display
2024-06-11 21:46:45,466 DEBUG Updating market data display
2024-06-11 21:46:46,476 DEBUG Updating market data display
2024-06-11 21:46:47,482 DEBUG Updating market data display
2024-06-11 21:46:48,482 DEBUG Updating market data display
2024-06-11 21:46:49,407 DEBUG Updating status lights
2024-06-11 21:46:49,408 DEBUG Checking dependencies
2024-06-11 21:46:49,408 DEBUG Pinging component on port 5008
2024-06-11 21:46:49,408 INFO Trying to connect to localhost:5008
2024-06-11 21:46:49,410 DEBUG Component on port 5008 is up
2024-06-11 21:46:49,411 DEBUG Component OrderRouter status: up
2024-06-11 21:46:49,411 DEBUG Pinging component on port 5009
2024-06-11 21:46:49,411 INFO Trying to connect to localhost:5009
2024-06-11 21:46:49,413 DEBUG Component on port 5009 is up
2024-06-11 21:46:49,413 DEBUG Component FIXEngine status: up
2024-06-11 21:46:49,414 DEBUG Pinging component on port 5010
2024-06-11 21:46:49,414 INFO Trying to connect to localhost:5010
2024-06-11 21:46:49,416 DEBUG Component on port 5010 is up
2024-06-11 21:46:49,416 DEBUG Component MarketSimulator status: up
2024-06-11 21:46:49,486 DEBUG Updating market data display
2024-06-11 21:46:50,491 DEBUG Updating market data display
2024-06-11 21:46:51,503 DEBUG Updating market data display
2024-06-11 21:46:52,514 DEBUG Updating market data display
2024-06-11 21:46:53,523 DEBUG Updating market data display
2024-06-11 21:46:54,417 DEBUG Updating status lights
2024-06-11 21:46:54,417 DEBUG Checking dependencies
2024-06-11 21:46:54,417 DEBUG Pinging component on port 5008
2024-06-11 21:46:54,417 INFO Trying to connect to localhost:5008
2024-06-11 21:46:54,418 DEBUG Component on port 5008 is up
2024-06-11 21:46:54,418 DEBUG Component OrderRouter status: up
2024-06-11 21:46:54,418 DEBUG Pinging component on port 5009
2024-06-11 21:46:54,419 INFO Trying to connect to localhost:5009
2024-06-11 21:46:54,420 DEBUG Component on port 5009 is up
2024-06-11 21:46:54,420 DEBUG Component FIXEngine status: up
2024-06-11 21:46:54,420 DEBUG Pinging component on port 5010
2024-06-11 21:46:54,421 INFO Trying to connect to localhost:5010
2024-06-11 21:46:54,422 DEBUG Component on port 5010 is up
2024-06-11 21:46:54,423 DEBUG Component MarketSimulator status: up
2024-06-11 21:46:54,524 DEBUG Updating market data display
2024-06-11 21:46:55,538 DEBUG Updating market data display
2024-06-11 21:46:56,551 DEBUG Updating market data display
2024-06-11 21:46:57,565 DEBUG Updating market data display
2024-06-11 21:46:58,567 DEBUG Updating market data display
2024-06-11 21:46:59,428 DEBUG Updating status lights
2024-06-11 21:46:59,428 DEBUG Checking dependencies
2024-06-11 21:46:59,428 DEBUG Pinging component on port 5008
2024-06-11 21:46:59,429 INFO Trying to connect to localhost:5008
2024-06-11 21:46:59,432 DEBUG Component on port 5008 is up
2024-06-11 21:46:59,432 DEBUG Component OrderRouter status: up
2024-06-11 21:46:59,433 DEBUG Pinging component on port 5009
2024-06-11 21:46:59,434 INFO Trying to connect to localhost:5009
2024-06-11 21:46:59,437 DEBUG Component on port 5009 is up
2024-06-11 21:46:59,438 DEBUG Component FIXEngine status: up
2024-06-11 21:46:59,438 DEBUG Pinging component on port 5010
2024-06-11 21:46:59,438 INFO Trying to connect to localhost:5010
2024-06-11 21:46:59,440 DEBUG Component on port 5010 is up
2024-06-11 21:46:59,440 DEBUG Component MarketSimulator status: up
2024-06-11 21:46:59,570 DEBUG Updating market data display
2024-06-11 21:47:00,582 DEBUG Updating market data display
2024-06-11 21:47:01,594 DEBUG Updating market data display
2024-06-11 21:47:02,609 DEBUG Updating market data display
2024-06-11 21:47:03,619 DEBUG Updating market data display
2024-06-11 21:47:04,453 DEBUG Updating status lights
2024-06-11 21:47:04,453 DEBUG Checking dependencies
2024-06-11 21:47:04,453 DEBUG Pinging component on port 5008
2024-06-11 21:47:04,454 INFO Trying to connect to localhost:5008
2024-06-11 21:47:04,455 DEBUG Component on port 5008 is up
2024-06-11 21:47:04,455 DEBUG Component OrderRouter status: up
2024-06-11 21:47:04,456 DEBUG Pinging component on port 5009
2024-06-11 21:47:04,456 INFO Trying to connect to localhost:5009
2024-06-11 21:47:04,457 DEBUG Component on port 5009 is up
2024-06-11 21:47:04,457 DEBUG Component FIXEngine status: up
2024-06-11 21:47:04,458 DEBUG Pinging component on port 5010
2024-06-11 21:47:04,458 INFO Trying to connect to localhost:5010
2024-06-11 21:47:04,459 DEBUG Component on port 5010 is up
2024-06-11 21:47:04,459 DEBUG Component MarketSimulator status: up
2024-06-11 21:47:04,625 DEBUG Updating market data display
2024-06-11 21:47:05,664 DEBUG Updating market data display
2024-06-11 21:47:06,665 DEBUG Updating market data display
2024-06-11 21:47:07,678 DEBUG Updating market data display
2024-06-11 21:47:08,692 DEBUG Updating market data display
2024-06-11 21:47:09,470 DEBUG Updating status lights
2024-06-11 21:47:09,470 DEBUG Checking dependencies
2024-06-11 21:47:09,470 DEBUG Pinging component on port 5008
2024-06-11 21:47:09,470 INFO Trying to connect to localhost:5008
2024-06-11 21:47:09,472 DEBUG Component on port 5008 is up
2024-06-11 21:47:09,472 DEBUG Component OrderRouter status: up
2024-06-11 21:47:09,472 DEBUG Pinging component on port 5009
2024-06-11 21:47:09,472 INFO Trying to connect to localhost:5009
2024-06-11 21:47:09,474 DEBUG Component on port 5009 is up
2024-06-11 21:47:09,474 DEBUG Component FIXEngine status: up
2024-06-11 21:47:09,475 DEBUG Pinging component on port 5010
2024-06-11 21:47:09,475 INFO Trying to connect to localhost:5010
2024-06-11 21:47:09,477 DEBUG Component on port 5010 is up
2024-06-11 21:47:09,477 DEBUG Component MarketSimulator status: up
2024-06-11 21:47:09,703 DEBUG Updating market data display
2024-06-11 21:47:10,714 DEBUG Updating market data display
2024-06-11 21:47:11,725 DEBUG Updating market data display
2024-06-11 21:47:12,732 DEBUG Updating market data display
2024-06-11 21:47:13,733 DEBUG Updating market data display
2024-06-11 21:47:14,490 DEBUG Updating status lights
2024-06-11 21:47:14,490 DEBUG Checking dependencies
2024-06-11 21:47:14,490 DEBUG Pinging component on port 5008
2024-06-11 21:47:14,491 INFO Trying to connect to localhost:5008
2024-06-11 21:47:14,492 DEBUG Component on port 5008 is up
2024-06-11 21:47:14,492 DEBUG Component OrderRouter status: up
2024-06-11 21:47:14,492 DEBUG Pinging component on port 5009
2024-06-11 21:47:14,492 INFO Trying to connect to localhost:5009
2024-06-11 21:47:14,493 DEBUG Component on port 5009 is up
2024-06-11 21:47:14,493 DEBUG Component FIXEngine status: up
2024-06-11 21:47:14,494 DEBUG Pinging component on port 5010
2024-06-11 21:47:14,494 INFO Trying to connect to localhost:5010
2024-06-11 21:47:14,495 DEBUG Component on port 5010 is up
2024-06-11 21:47:14,495 DEBUG Component MarketSimulator status: up
2024-06-11 21:47:14,736 DEBUG Updating market data display
2024-06-11 21:47:15,754 DEBUG Updating market data display
2024-06-11 21:47:16,760 DEBUG Updating market data display
2024-06-11 21:47:17,767 DEBUG Updating market data display
2024-06-11 21:47:18,773 DEBUG Updating market data display
2024-06-11 21:47:19,500 DEBUG Updating status lights
2024-06-11 21:47:19,500 DEBUG Checking dependencies
2024-06-11 21:47:19,500 DEBUG Pinging component on port 5008
2024-06-11 21:47:19,500 INFO Trying to connect to localhost:5008
2024-06-11 21:47:19,501 DEBUG Component on port 5008 is up
2024-06-11 21:47:19,501 DEBUG Component OrderRouter status: up
2024-06-11 21:47:19,501 DEBUG Pinging component on port 5009
2024-06-11 21:47:19,502 INFO Trying to connect to localhost:5009
2024-06-11 21:47:19,503 DEBUG Component on port 5009 is up
2024-06-11 21:47:19,503 DEBUG Component FIXEngine status: up
2024-06-11 21:47:19,503 DEBUG Pinging component on port 5010
2024-06-11 21:47:19,503 INFO Trying to connect to localhost:5010
2024-06-11 21:47:19,504 DEBUG Component on port 5010 is up
2024-06-11 21:47:19,505 DEBUG Component MarketSimulator status: up
2024-06-11 21:47:19,779 DEBUG Updating market data display
2024-06-11 21:47:20,785 DEBUG Updating market data display
2024-06-11 21:47:21,798 DEBUG Updating market data display
2024-06-11 21:47:22,806 DEBUG Updating market data display
2024-06-11 21:47:23,810 DEBUG Updating market data display
2024-06-11 21:47:24,508 DEBUG Updating status lights
2024-06-11 21:47:24,508 DEBUG Checking dependencies
2024-06-11 21:47:24,508 DEBUG Pinging component on port 5008
2024-06-11 21:47:24,509 INFO Trying to connect to localhost:5008
2024-06-11 21:47:24,511 DEBUG Component on port 5008 is up
2024-06-11 21:47:24,511 DEBUG Component OrderRouter status: up
2024-06-11 21:47:24,512 DEBUG Pinging component on port 5009
2024-06-11 21:47:24,512 INFO Trying to connect to localhost:5009
2024-06-11 21:47:24,514 DEBUG Component on port 5009 is up
2024-06-11 21:47:24,514 DEBUG Component FIXEngine status: up
2024-06-11 21:47:24,515 DEBUG Pinging component on port 5010
2024-06-11 21:47:24,515 INFO Trying to connect to localhost:5010
2024-06-11 21:47:24,516 DEBUG Component on port 5010 is up
2024-06-11 21:47:24,516 DEBUG Component MarketSimulator status: up
2024-06-11 21:47:24,817 DEBUG Updating market data display
2024-06-11 21:47:25,825 DEBUG Updating market data display
2024-06-11 21:47:26,834 DEBUG Updating market data display
2024-06-11 21:47:27,846 DEBUG Updating market data display
2024-06-11 21:47:28,856 DEBUG Updating market data display
2024-06-11 21:47:29,521 DEBUG Updating status lights
2024-06-11 21:47:29,521 DEBUG Checking dependencies
2024-06-11 21:47:29,521 DEBUG Pinging component on port 5008
2024-06-11 21:47:29,521 INFO Trying to connect to localhost:5008
2024-06-11 21:47:29,523 DEBUG Component on port 5008 is up
2024-06-11 21:47:29,523 DEBUG Component OrderRouter status: up
2024-06-11 21:47:29,524 DEBUG Pinging component on port 5009
2024-06-11 21:47:29,524 INFO Trying to connect to localhost:5009
2024-06-11 21:47:29,525 DEBUG Component on port 5009 is up
2024-06-11 21:47:29,525 DEBUG Component FIXEngine status: up
2024-06-11 21:47:29,526 DEBUG Pinging component on port 5010
2024-06-11 21:47:29,526 INFO Trying to connect to localhost:5010
2024-06-11 21:47:29,527 DEBUG Component on port 5010 is up
2024-06-11 21:47:29,527 DEBUG Component MarketSimulator status: up
2024-06-11 21:47:29,863 DEBUG Updating market data display
2024-06-11 21:47:30,868 DEBUG Updating market data display
2024-06-11 21:47:31,869 DEBUG Updating market data display
2024-06-11 21:47:32,881 DEBUG Updating market data display
2024-06-11 21:47:33,887 DEBUG Updating market data display
2024-06-11 21:47:34,543 DEBUG Updating status lights
2024-06-11 21:47:34,544 DEBUG Checking dependencies
2024-06-11 21:47:34,544 DEBUG Pinging component on port 5008
2024-06-11 21:47:34,544 INFO Trying to connect to localhost:5008
2024-06-11 21:47:34,546 DEBUG Component on port 5008 is up
2024-06-11 21:47:34,546 DEBUG Component OrderRouter status: up
2024-06-11 21:47:34,546 DEBUG Pinging component on port 5009
2024-06-11 21:47:34,547 INFO Trying to connect to localhost:5009
2024-06-11 21:47:34,549 DEBUG Component on port 5009 is up
2024-06-11 21:47:34,549 DEBUG Component FIXEngine status: up
2024-06-11 21:47:34,550 DEBUG Pinging component on port 5010
2024-06-11 21:47:34,550 INFO Trying to connect to localhost:5010
2024-06-11 21:47:34,553 DEBUG Component on port 5010 is up
2024-06-11 21:47:34,553 DEBUG Component MarketSimulator status: up
2024-06-11 21:47:34,896 DEBUG Updating market data display
2024-06-11 21:47:35,909 DEBUG Updating market data display
2024-06-11 21:47:36,915 DEBUG Updating market data display
2024-06-11 21:47:37,924 DEBUG Updating market data display
2024-06-11 21:47:38,934 DEBUG Updating market data display
2024-06-11 21:47:39,564 DEBUG Updating status lights
2024-06-11 21:47:39,564 DEBUG Checking dependencies
2024-06-11 21:47:39,564 DEBUG Pinging component on port 5008
2024-06-11 21:47:39,565 INFO Trying to connect to localhost:5008
2024-06-11 21:47:39,566 DEBUG Component on port 5008 is up
2024-06-11 21:47:39,567 DEBUG Component OrderRouter status: up
2024-06-11 21:47:39,567 DEBUG Pinging component on port 5009
2024-06-11 21:47:39,567 INFO Trying to connect to localhost:5009
2024-06-11 21:47:39,570 DEBUG Component on port 5009 is up
2024-06-11 21:47:39,570 DEBUG Component FIXEngine status: up
2024-06-11 21:47:39,570 DEBUG Pinging component on port 5010
2024-06-11 21:47:39,570 INFO Trying to connect to localhost:5010
2024-06-11 21:47:39,572 DEBUG Component on port 5010 is up
2024-06-11 21:47:39,573 DEBUG Component MarketSimulator status: up
2024-06-11 21:47:39,941 DEBUG Updating market data display
2024-06-11 21:47:40,955 DEBUG Updating market data display
2024-06-11 21:47:41,960 DEBUG Updating market data display
2024-06-11 21:47:42,965 DEBUG Updating market data display
2024-06-11 21:47:43,977 DEBUG Updating market data display
2024-06-11 21:47:44,579 DEBUG Updating status lights
2024-06-11 21:47:44,579 DEBUG Checking dependencies
2024-06-11 21:47:44,579 DEBUG Pinging component on port 5008
2024-06-11 21:47:44,580 INFO Trying to connect to localhost:5008
2024-06-11 21:47:44,582 DEBUG Component on port 5008 is up
2024-06-11 21:47:44,583 DEBUG Component OrderRouter status: up
2024-06-11 21:47:44,584 DEBUG Pinging component on port 5009
2024-06-11 21:47:44,585 INFO Trying to connect to localhost:5009
2024-06-11 21:47:44,588 DEBUG Component on port 5009 is up
2024-06-11 21:47:44,588 DEBUG Component FIXEngine status: up
2024-06-11 21:47:44,588 DEBUG Pinging component on port 5010
2024-06-11 21:47:44,589 INFO Trying to connect to localhost:5010
2024-06-11 21:47:44,591 DEBUG Component on port 5010 is up
2024-06-11 21:47:44,592 DEBUG Component MarketSimulator status: up
2024-06-11 21:47:44,985 DEBUG Updating market data display
2024-06-11 21:47:45,996 DEBUG Updating market data display
2024-06-11 21:47:47,009 DEBUG Updating market data display
2024-06-11 21:47:48,021 DEBUG Updating market data display
2024-06-11 21:47:49,029 DEBUG Updating market data display
2024-06-11 21:47:49,600 DEBUG Updating status lights
2024-06-11 21:47:49,600 DEBUG Checking dependencies
2024-06-11 21:47:49,601 DEBUG Pinging component on port 5008
2024-06-11 21:47:49,601 INFO Trying to connect to localhost:5008
2024-06-11 21:47:49,602 DEBUG Component on port 5008 is up
2024-06-11 21:47:49,603 DEBUG Component OrderRouter status: up
2024-06-11 21:47:49,604 DEBUG Pinging component on port 5009
2024-06-11 21:47:49,604 INFO Trying to connect to localhost:5009
2024-06-11 21:47:49,605 DEBUG Component on port 5009 is up
2024-06-11 21:47:49,605 DEBUG Component FIXEngine status: up
2024-06-11 21:47:49,605 DEBUG Pinging component on port 5010
2024-06-11 21:47:49,605 INFO Trying to connect to localhost:5010
2024-06-11 21:47:49,607 DEBUG Component on port 5010 is up
2024-06-11 21:47:49,607 DEBUG Component MarketSimulator status: up
2024-06-11 21:47:50,041 DEBUG Updating market data display
2024-06-11 21:47:51,054 DEBUG Updating market data display
2024-06-11 21:47:52,063 DEBUG Updating market data display
2024-06-11 21:47:53,070 DEBUG Updating market data display
2024-06-11 21:47:54,078 DEBUG Updating market data display
2024-06-11 21:47:54,623 DEBUG Updating status lights
2024-06-11 21:47:54,624 DEBUG Checking dependencies
2024-06-11 21:47:54,624 DEBUG Pinging component on port 5008
2024-06-11 21:47:54,624 INFO Trying to connect to localhost:5008
2024-06-11 21:47:54,627 DEBUG Component on port 5008 is up
2024-06-11 21:47:54,627 DEBUG Component OrderRouter status: up
2024-06-11 21:47:54,627 DEBUG Pinging component on port 5009
2024-06-11 21:47:54,628 INFO Trying to connect to localhost:5009
2024-06-11 21:47:54,631 DEBUG Component on port 5009 is up
2024-06-11 21:47:54,631 DEBUG Component FIXEngine status: up
2024-06-11 21:47:54,631 DEBUG Pinging component on port 5010
2024-06-11 21:47:54,632 INFO Trying to connect to localhost:5010
2024-06-11 21:47:54,635 DEBUG Component on port 5010 is up
2024-06-11 21:47:54,635 DEBUG Component MarketSimulator status: up
2024-06-11 21:47:55,089 DEBUG Updating market data display
2024-06-11 21:47:56,100 DEBUG Updating market data display
2024-06-11 21:47:57,104 DEBUG Updating market data display
2024-06-11 21:47:58,112 DEBUG Updating market data display
2024-06-11 21:47:59,122 DEBUG Updating market data display
2024-06-11 21:47:59,648 DEBUG Updating status lights
2024-06-11 21:47:59,648 DEBUG Checking dependencies
2024-06-11 21:47:59,648 DEBUG Pinging component on port 5008
2024-06-11 21:47:59,649 INFO Trying to connect to localhost:5008
2024-06-11 21:47:59,651 DEBUG Component on port 5008 is up
2024-06-11 21:47:59,651 DEBUG Component OrderRouter status: up
2024-06-11 21:47:59,651 DEBUG Pinging component on port 5009
2024-06-11 21:47:59,651 INFO Trying to connect to localhost:5009
2024-06-11 21:47:59,654 DEBUG Component on port 5009 is up
2024-06-11 21:47:59,654 DEBUG Component FIXEngine status: up
2024-06-11 21:47:59,655 DEBUG Pinging component on port 5010
2024-06-11 21:47:59,655 INFO Trying to connect to localhost:5010
2024-06-11 21:47:59,657 DEBUG Component on port 5010 is up
2024-06-11 21:47:59,657 DEBUG Component MarketSimulator status: up
2024-06-11 21:48:00,131 DEBUG Updating market data display
2024-06-11 21:48:01,138 DEBUG Updating market data display
2024-06-11 21:48:02,146 DEBUG Updating market data display
2024-06-11 21:48:03,153 DEBUG Updating market data display
2024-06-11 21:48:04,165 DEBUG Updating market data display
2024-06-11 21:48:04,662 DEBUG Updating status lights
2024-06-11 21:48:04,663 DEBUG Checking dependencies
2024-06-11 21:48:04,663 DEBUG Pinging component on port 5008
2024-06-11 21:48:04,663 INFO Trying to connect to localhost:5008
2024-06-11 21:48:04,666 DEBUG Component on port 5008 is up
2024-06-11 21:48:04,666 DEBUG Component OrderRouter status: up
2024-06-11 21:48:04,667 DEBUG Pinging component on port 5009
2024-06-11 21:48:04,667 INFO Trying to connect to localhost:5009
2024-06-11 21:48:04,669 DEBUG Component on port 5009 is up
2024-06-11 21:48:04,670 DEBUG Component FIXEngine status: up
2024-06-11 21:48:04,670 DEBUG Pinging component on port 5010
2024-06-11 21:48:04,671 INFO Trying to connect to localhost:5010
2024-06-11 21:48:04,673 DEBUG Component on port 5010 is up
2024-06-11 21:48:04,674 DEBUG Component MarketSimulator status: up
2024-06-11 21:48:05,165 DEBUG Updating market data display
2024-06-11 21:48:06,181 DEBUG Updating market data display
2024-06-11 21:48:07,189 DEBUG Updating market data display
2024-06-11 21:48:08,203 DEBUG Updating market data display
2024-06-11 21:48:09,216 DEBUG Updating market data display
2024-06-11 21:48:09,685 DEBUG Updating status lights
2024-06-11 21:48:09,685 DEBUG Checking dependencies
2024-06-11 21:48:09,686 DEBUG Pinging component on port 5008
2024-06-11 21:48:09,686 INFO Trying to connect to localhost:5008
2024-06-11 21:48:09,688 DEBUG Component on port 5008 is up
2024-06-11 21:48:09,688 DEBUG Component OrderRouter status: up
2024-06-11 21:48:09,688 DEBUG Pinging component on port 5009
2024-06-11 21:48:09,689 INFO Trying to connect to localhost:5009
2024-06-11 21:48:09,690 DEBUG Component on port 5009 is up
2024-06-11 21:48:09,691 DEBUG Component FIXEngine status: up
2024-06-11 21:48:09,691 DEBUG Pinging component on port 5010
2024-06-11 21:48:09,691 INFO Trying to connect to localhost:5010
2024-06-11 21:48:09,693 DEBUG Component on port 5010 is up
2024-06-11 21:48:09,693 DEBUG Component MarketSimulator status: up
2024-06-11 21:48:10,230 DEBUG Updating market data display
2024-06-11 21:48:11,230 DEBUG Updating market data display
2024-06-11 21:48:12,239 DEBUG Updating market data display
2024-06-11 21:48:13,240 DEBUG Updating market data display
2024-06-11 21:48:14,252 DEBUG Updating market data display
2024-06-11 21:48:14,703 DEBUG Updating status lights
2024-06-11 21:48:14,703 DEBUG Checking dependencies
2024-06-11 21:48:14,703 DEBUG Pinging component on port 5008
2024-06-11 21:48:14,703 INFO Trying to connect to localhost:5008
2024-06-11 21:48:14,705 DEBUG Component on port 5008 is up
2024-06-11 21:48:14,705 DEBUG Component OrderRouter status: up
2024-06-11 21:48:14,705 DEBUG Pinging component on port 5009
2024-06-11 21:48:14,705 INFO Trying to connect to localhost:5009
2024-06-11 21:48:14,706 DEBUG Component on port 5009 is up
2024-06-11 21:48:14,706 DEBUG Component FIXEngine status: up
2024-06-11 21:48:14,707 DEBUG Pinging component on port 5010
2024-06-11 21:48:14,707 INFO Trying to connect to localhost:5010
2024-06-11 21:48:14,709 DEBUG Component on port 5010 is up
2024-06-11 21:48:14,709 DEBUG Component MarketSimulator status: up
2024-06-11 21:48:15,253 DEBUG Updating market data display
2024-06-11 21:48:16,267 DEBUG Updating market data display
2024-06-11 21:48:17,268 DEBUG Updating market data display
2024-06-11 21:48:18,270 DEBUG Updating market data display
2024-06-11 21:48:19,281 DEBUG Updating market data display
2024-06-11 21:48:19,724 DEBUG Updating status lights
2024-06-11 21:48:19,724 DEBUG Checking dependencies
2024-06-11 21:48:19,724 DEBUG Pinging component on port 5008
2024-06-11 21:48:19,724 INFO Trying to connect to localhost:5008
2024-06-11 21:48:19,727 DEBUG Component on port 5008 is up
2024-06-11 21:48:19,727 DEBUG Component OrderRouter status: up
2024-06-11 21:48:19,728 DEBUG Pinging component on port 5009
2024-06-11 21:48:19,728 INFO Trying to connect to localhost:5009
2024-06-11 21:48:19,730 DEBUG Component on port 5009 is up
2024-06-11 21:48:19,730 DEBUG Component FIXEngine status: up
2024-06-11 21:48:19,730 DEBUG Pinging component on port 5010
2024-06-11 21:48:19,731 INFO Trying to connect to localhost:5010
2024-06-11 21:48:19,733 DEBUG Component on port 5010 is up
2024-06-11 21:48:19,733 DEBUG Component MarketSimulator status: up
2024-06-11 21:48:20,285 DEBUG Updating market data display
2024-06-11 21:48:21,291 DEBUG Updating market data display
2024-06-11 21:48:22,294 DEBUG Updating market data display
2024-06-11 21:48:23,301 DEBUG Updating market data display
2024-06-11 21:48:24,307 DEBUG Updating market data display
2024-06-11 21:48:24,749 DEBUG Updating status lights
2024-06-11 21:48:24,749 DEBUG Checking dependencies
2024-06-11 21:48:24,749 DEBUG Pinging component on port 5008
2024-06-11 21:48:24,749 INFO Trying to connect to localhost:5008
2024-06-11 21:48:24,749 DEBUG Component on port 5008 is up
2024-06-11 21:48:24,749 DEBUG Component OrderRouter status: up
2024-06-11 21:48:24,749 DEBUG Pinging component on port 5009
2024-06-11 21:48:24,750 INFO Trying to connect to localhost:5009
2024-06-11 21:48:24,751 DEBUG Component on port 5009 is up
2024-06-11 21:48:24,751 DEBUG Component FIXEngine status: up
2024-06-11 21:48:24,751 DEBUG Pinging component on port 5010
2024-06-11 21:48:24,752 INFO Trying to connect to localhost:5010
2024-06-11 21:48:24,752 DEBUG Component on port 5010 is up
2024-06-11 21:48:24,752 DEBUG Component MarketSimulator status: up
2024-06-11 21:48:25,312 DEBUG Updating market data display
2024-06-11 21:48:26,313 DEBUG Updating market data display
2024-06-11 21:48:27,316 DEBUG Updating market data display
2024-06-11 21:48:28,324 DEBUG Updating market data display
2024-06-11 21:48:29,330 DEBUG Updating market data display
2024-06-11 21:48:29,767 DEBUG Updating status lights
2024-06-11 21:48:29,767 DEBUG Checking dependencies
2024-06-11 21:48:29,767 DEBUG Pinging component on port 5008
2024-06-11 21:48:29,768 INFO Trying to connect to localhost:5008
2024-06-11 21:48:29,769 DEBUG Component on port 5008 is up
2024-06-11 21:48:29,770 DEBUG Component OrderRouter status: up
2024-06-11 21:48:29,770 DEBUG Pinging component on port 5009
2024-06-11 21:48:29,770 INFO Trying to connect to localhost:5009
2024-06-11 21:48:29,771 DEBUG Component on port 5009 is up
2024-06-11 21:48:29,772 DEBUG Component FIXEngine status: up
2024-06-11 21:48:29,772 DEBUG Pinging component on port 5010
2024-06-11 21:48:29,772 INFO Trying to connect to localhost:5010
2024-06-11 21:48:29,773 DEBUG Component on port 5010 is up
2024-06-11 21:48:29,773 DEBUG Component MarketSimulator status: up
2024-06-11 21:48:30,345 DEBUG Updating market data display
2024-06-11 21:48:31,348 DEBUG Updating market data display
2024-06-11 21:48:32,349 DEBUG Updating market data display
2024-06-11 21:48:33,352 DEBUG Updating market data display
2024-06-11 21:48:34,352 DEBUG Updating market data display
2024-06-11 21:48:34,788 DEBUG Updating status lights
2024-06-11 21:48:34,788 DEBUG Checking dependencies
2024-06-11 21:48:34,789 DEBUG Pinging component on port 5008
2024-06-11 21:48:34,789 INFO Trying to connect to localhost:5008
2024-06-11 21:48:34,792 DEBUG Component on port 5008 is up
2024-06-11 21:48:34,792 DEBUG Component OrderRouter status: up
2024-06-11 21:48:34,793 DEBUG Pinging component on port 5009
2024-06-11 21:48:34,794 INFO Trying to connect to localhost:5009
2024-06-11 21:48:34,797 DEBUG Component on port 5009 is up
2024-06-11 21:48:34,798 DEBUG Component FIXEngine status: up
2024-06-11 21:48:34,798 DEBUG Pinging component on port 5010
2024-06-11 21:48:34,799 INFO Trying to connect to localhost:5010
2024-06-11 21:48:34,801 DEBUG Component on port 5010 is up
2024-06-11 21:48:34,802 DEBUG Component MarketSimulator status: up
2024-06-11 21:48:35,356 DEBUG Updating market data display
2024-06-11 21:48:36,357 DEBUG Updating market data display
2024-06-11 21:48:37,372 DEBUG Updating market data display
2024-06-11 21:48:38,372 DEBUG Updating market data display
2024-06-11 21:48:39,385 DEBUG Updating market data display
2024-06-11 21:48:39,809 DEBUG Updating status lights
2024-06-11 21:48:39,810 DEBUG Checking dependencies
2024-06-11 21:48:39,810 DEBUG Pinging component on port 5008
2024-06-11 21:48:39,810 INFO Trying to connect to localhost:5008
2024-06-11 21:48:39,813 DEBUG Component on port 5008 is up
2024-06-11 21:48:39,813 DEBUG Component OrderRouter status: up
2024-06-11 21:48:39,814 DEBUG Pinging component on port 5009
2024-06-11 21:48:39,815 INFO Trying to connect to localhost:5009
2024-06-11 21:48:39,818 DEBUG Component on port 5009 is up
2024-06-11 21:48:39,818 DEBUG Component FIXEngine status: up
2024-06-11 21:48:39,819 DEBUG Pinging component on port 5010
2024-06-11 21:48:39,819 INFO Trying to connect to localhost:5010
2024-06-11 21:48:39,823 DEBUG Component on port 5010 is up
2024-06-11 21:48:39,823 DEBUG Component MarketSimulator status: up
2024-06-11 21:48:40,387 DEBUG Updating market data display
2024-06-11 21:48:41,390 DEBUG Updating market data display
2024-06-11 21:48:42,390 DEBUG Updating market data display
2024-06-11 21:48:43,393 DEBUG Updating market data display
2024-06-11 21:48:44,400 DEBUG Updating market data display
2024-06-11 21:48:44,824 DEBUG Updating status lights
2024-06-11 21:48:44,824 DEBUG Checking dependencies
2024-06-11 21:48:44,825 DEBUG Pinging component on port 5008
2024-06-11 21:48:44,825 INFO Trying to connect to localhost:5008
2024-06-11 21:48:44,828 DEBUG Component on port 5008 is up
2024-06-11 21:48:44,828 DEBUG Component OrderRouter status: up
2024-06-11 21:48:44,828 DEBUG Pinging component on port 5009
2024-06-11 21:48:44,829 INFO Trying to connect to localhost:5009
2024-06-11 21:48:44,831 DEBUG Component on port 5009 is up
2024-06-11 21:48:44,831 DEBUG Component FIXEngine status: up
2024-06-11 21:48:44,832 DEBUG Pinging component on port 5010
2024-06-11 21:48:44,832 INFO Trying to connect to localhost:5010
2024-06-11 21:48:44,836 DEBUG Component on port 5010 is up
2024-06-11 21:48:44,836 DEBUG Component MarketSimulator status: up
2024-06-11 21:48:45,401 DEBUG Updating market data display
2024-06-11 21:48:46,415 DEBUG Updating market data display
2024-06-11 21:48:47,422 DEBUG Updating market data display
2024-06-11 21:48:48,429 DEBUG Updating market data display
2024-06-11 21:48:49,430 DEBUG Updating market data display
2024-06-11 21:48:49,849 DEBUG Updating status lights
2024-06-11 21:48:49,849 DEBUG Checking dependencies
2024-06-11 21:48:49,849 DEBUG Pinging component on port 5008
2024-06-11 21:48:49,849 INFO Trying to connect to localhost:5008
2024-06-11 21:48:49,851 DEBUG Component on port 5008 is up
2024-06-11 21:48:49,851 DEBUG Component OrderRouter status: up
2024-06-11 21:48:49,851 DEBUG Pinging component on port 5009
2024-06-11 21:48:49,851 INFO Trying to connect to localhost:5009
2024-06-11 21:48:49,853 DEBUG Component on port 5009 is up
2024-06-11 21:48:49,853 DEBUG Component FIXEngine status: up
2024-06-11 21:48:49,854 DEBUG Pinging component on port 5010
2024-06-11 21:48:49,854 INFO Trying to connect to localhost:5010
2024-06-11 21:48:49,855 DEBUG Component on port 5010 is up
2024-06-11 21:48:49,856 DEBUG Component MarketSimulator status: up
2024-06-11 21:48:50,447 DEBUG Updating market data display
2024-06-11 21:48:51,450 DEBUG Updating market data display
2024-06-11 21:48:52,466 DEBUG Updating market data display
