2024-06-10 23:16:01,590 MarketDataListener initialized and joined multicast group
2024-06-10 23:16:02,456 Received market data message: red
2024-06-10 23:16:02,458 Updating Market Data status light to green
2024-06-10 23:16:03,554 Error receiving market data message: main thread is not in main loop
2024-06-10 23:16:03,554 Updating Market Data status light to red
2024-06-10 23:16:03,633 Component on port 5008 is down
2024-06-10 23:16:05,662 Component on port 5009 is down
2024-06-10 23:16:07,693 Component on port 5010 is down
2024-06-10 23:16:07,696 Component on port 5008 is up
2024-06-10 23:16:07,699 Component on port 5009 is up
2024-06-10 23:16:09,734 Component on port 5010 is down
2024-06-10 23:16:09,741 2024-06-10 23:16:09 - red
2024-06-10 23:16:10,756 Updating Market Data status light to red
2024-06-10 23:16:12,701 Component on port 5008 is up
2024-06-10 23:16:12,702 Component on port 5009 is up
2024-06-10 23:16:12,703 Component on port 5010 is up
2024-06-10 23:16:15,766 Updating Market Data status light to red
2024-06-10 23:16:17,704 Component on port 5008 is up
2024-06-10 23:16:17,705 Component on port 5009 is up
2024-06-10 23:16:17,706 Component on port 5010 is up
2024-06-10 23:16:20,767 Updating Market Data status light to red
2024-06-10 23:16:22,708 Component on port 5008 is up
2024-06-10 23:16:22,708 Component on port 5009 is up
2024-06-10 23:16:22,709 Component on port 5010 is up
2024-06-10 23:16:25,769 Updating Market Data status light to red
2024-06-10 23:16:27,725 Component on port 5008 is up
2024-06-10 23:16:27,728 Component on port 5009 is up
2024-06-10 23:16:27,728 Component on port 5010 is up
2024-06-10 23:16:30,773 Updating Market Data status light to red
2024-06-10 23:16:32,736 Component on port 5008 is up
2024-06-10 23:16:32,737 Component on port 5009 is up
2024-06-10 23:16:32,738 Component on port 5010 is up
2024-06-10 23:16:35,779 Updating Market Data status light to red
2024-06-10 23:16:37,748 Component on port 5008 is up
2024-06-10 23:16:37,748 Component on port 5009 is up
2024-06-10 23:16:37,749 Component on port 5010 is up
2024-06-10 23:16:40,780 Updating Market Data status light to red
2024-06-10 23:16:42,764 Component on port 5008 is up
2024-06-10 23:16:42,765 Component on port 5009 is up
2024-06-10 23:16:42,766 Component on port 5010 is up
2024-06-10 23:16:45,782 Updating Market Data status light to red
2024-06-10 23:16:47,781 Component on port 5008 is up
2024-06-10 23:16:47,782 Component on port 5009 is up
2024-06-10 23:16:47,783 Component on port 5010 is up
2024-06-10 23:16:50,783 Updating Market Data status light to red
2024-06-10 23:16:52,784 Component on port 5008 is up
2024-06-10 23:16:52,785 Component on port 5009 is up
2024-06-10 23:16:52,786 Component on port 5010 is up
2024-06-10 23:16:55,786 Updating Market Data status light to red
2024-06-10 23:16:57,798 Component on port 5008 is up
2024-06-10 23:16:57,799 Component on port 5009 is up
2024-06-10 23:16:57,801 Component on port 5010 is up
2024-06-10 23:17:00,787 Updating Market Data status light to red
2024-06-10 23:17:02,807 Component on port 5008 is up
2024-06-10 23:17:02,808 Component on port 5009 is up
2024-06-10 23:17:02,810 Component on port 5010 is up
2024-06-10 23:17:05,801 Updating Market Data status light to red
2024-06-10 23:17:07,822 Component on port 5008 is up
2024-06-10 23:17:07,823 Component on port 5009 is up
2024-06-10 23:17:07,824 Component on port 5010 is up
2024-06-10 23:17:10,813 Updating Market Data status light to red
2024-06-10 23:17:12,829 Component on port 5008 is up
2024-06-10 23:17:12,830 Component on port 5009 is up
2024-06-10 23:17:12,831 Component on port 5010 is up
2024-06-10 23:17:15,820 Updating Market Data status light to red
2024-06-10 23:17:17,840 Component on port 5008 is up
2024-06-10 23:17:17,841 Component on port 5009 is up
2024-06-10 23:17:17,843 Component on port 5010 is up
2024-06-10 23:17:20,826 Updating Market Data status light to red
2024-06-10 23:17:22,856 Component on port 5008 is up
2024-06-10 23:17:22,858 Component on port 5009 is up
2024-06-10 23:17:22,859 Component on port 5010 is up
2024-06-10 23:17:25,831 Updating Market Data status light to red
2024-06-10 23:17:27,874 Component on port 5008 is up
2024-06-10 23:17:27,876 Component on port 5009 is up
2024-06-10 23:17:27,877 Component on port 5010 is up
2024-06-10 23:17:30,840 Updating Market Data status light to red
2024-06-10 23:17:32,889 Component on port 5008 is up
2024-06-10 23:17:32,890 Component on port 5009 is up
2024-06-10 23:17:32,890 Component on port 5010 is up
2024-06-10 23:17:35,844 Updating Market Data status light to red
2024-06-10 23:17:37,897 Component on port 5008 is up
2024-06-10 23:17:37,898 Component on port 5009 is up
2024-06-10 23:17:37,899 Component on port 5010 is up
2024-06-10 23:17:40,845 Updating Market Data status light to red
2024-06-10 23:17:42,904 Component on port 5008 is up
2024-06-10 23:17:42,905 Component on port 5009 is up
2024-06-10 23:17:42,906 Component on port 5010 is up
2024-06-10 23:17:45,848 Updating Market Data status light to red
2024-06-10 23:17:47,922 Component on port 5008 is up
2024-06-10 23:17:47,923 Component on port 5009 is up
2024-06-10 23:17:47,923 Component on port 5010 is up
2024-06-10 23:17:50,857 Updating Market Data status light to red
2024-06-10 23:17:52,934 Component on port 5008 is up
2024-06-10 23:17:52,935 Component on port 5009 is up
2024-06-10 23:17:52,936 Component on port 5010 is up
2024-06-10 23:17:55,862 Updating Market Data status light to red
2024-06-10 23:17:57,941 Component on port 5008 is up
2024-06-10 23:17:57,941 Component on port 5009 is up
2024-06-10 23:17:57,942 Component on port 5010 is up
2024-06-10 23:18:00,862 Updating Market Data status light to red
2024-06-10 23:18:02,956 Component on port 5008 is up
2024-06-10 23:18:02,957 Component on port 5009 is up
2024-06-10 23:18:02,958 Component on port 5010 is up
2024-06-10 23:18:05,877 Updating Market Data status light to red
2024-06-10 23:18:07,961 Component on port 5008 is up
2024-06-10 23:18:07,962 Component on port 5009 is up
2024-06-10 23:18:07,963 Component on port 5010 is up
2024-06-10 23:18:10,891 Updating Market Data status light to red
2024-06-10 23:18:12,978 Component on port 5008 is up
2024-06-10 23:18:12,980 Component on port 5009 is up
2024-06-10 23:18:12,982 Component on port 5010 is up
2024-06-10 23:18:15,901 Updating Market Data status light to red
2024-06-10 23:18:17,994 Component on port 5008 is up
2024-06-10 23:18:17,995 Component on port 5009 is up
2024-06-10 23:18:17,996 Component on port 5010 is up
2024-06-10 23:18:20,914 Updating Market Data status light to red
2024-06-10 23:18:22,999 Component on port 5008 is up
2024-06-10 23:18:23,000 Component on port 5009 is up
2024-06-10 23:18:23,001 Component on port 5010 is up
2024-06-10 23:18:25,927 Updating Market Data status light to red
2024-06-10 23:18:28,008 Component on port 5008 is up
2024-06-10 23:18:28,010 Component on port 5009 is up
2024-06-10 23:18:28,012 Component on port 5010 is up
2024-06-10 23:18:30,936 Updating Market Data status light to red
2024-06-10 23:18:33,026 Component on port 5008 is up
2024-06-10 23:18:33,027 Component on port 5009 is up
2024-06-10 23:18:33,028 Component on port 5010 is up
2024-06-10 23:18:35,941 Updating Market Data status light to red
2024-06-10 23:18:38,037 Component on port 5008 is up
2024-06-10 23:18:38,037 Component on port 5009 is up
2024-06-10 23:18:38,038 Component on port 5010 is up
2024-06-10 23:18:40,945 Updating Market Data status light to red
2024-06-10 23:18:43,046 Component on port 5008 is up
2024-06-10 23:18:43,047 Component on port 5009 is up
2024-06-10 23:18:43,047 Component on port 5010 is up
2024-06-10 23:18:45,948 Updating Market Data status light to red
2024-06-10 23:18:48,049 Component on port 5008 is up
2024-06-10 23:18:48,049 Component on port 5009 is up
2024-06-10 23:18:48,050 Component on port 5010 is up
2024-06-10 23:18:50,951 Updating Market Data status light to red
2024-06-10 23:18:53,057 Component on port 5008 is up
2024-06-10 23:18:53,058 Component on port 5009 is up
2024-06-10 23:18:53,059 Component on port 5010 is up
2024-06-10 23:18:55,964 Updating Market Data status light to red
2024-06-10 23:18:58,061 Component on port 5008 is up
2024-06-10 23:18:58,062 Component on port 5009 is up
2024-06-10 23:18:58,063 Component on port 5010 is up
2024-06-10 23:19:00,964 Updating Market Data status light to red
2024-06-10 23:19:03,068 Component on port 5008 is up
2024-06-10 23:19:03,069 Component on port 5009 is up
2024-06-10 23:19:03,070 Component on port 5010 is up
2024-06-10 23:19:05,975 Updating Market Data status light to red
2024-06-10 23:19:08,075 Component on port 5008 is up
2024-06-10 23:19:08,076 Component on port 5009 is up
2024-06-10 23:19:08,077 Component on port 5010 is up
2024-06-10 23:19:10,987 Updating Market Data status light to red
2024-06-10 23:19:13,088 Component on port 5008 is up
2024-06-10 23:19:13,088 Component on port 5009 is up
2024-06-10 23:19:13,089 Component on port 5010 is up
2024-06-10 23:19:15,989 Updating Market Data status light to red
2024-06-10 23:19:18,092 Component on port 5008 is up
2024-06-10 23:19:18,093 Component on port 5009 is up
2024-06-10 23:19:18,094 Component on port 5010 is up
2024-06-10 23:19:20,994 Updating Market Data status light to red
2024-06-10 23:19:23,098 Component on port 5008 is up
2024-06-10 23:19:23,098 Component on port 5009 is up
2024-06-10 23:19:23,099 Component on port 5010 is up
2024-06-10 23:19:26,002 Updating Market Data status light to red
2024-06-10 23:19:28,103 Component on port 5008 is up
2024-06-10 23:19:28,104 Component on port 5009 is up
2024-06-10 23:19:28,105 Component on port 5010 is up
2024-06-10 23:19:31,015 Updating Market Data status light to red
2024-06-10 23:19:33,119 Component on port 5008 is up
2024-06-10 23:19:33,122 Component on port 5009 is up
2024-06-10 23:19:33,125 Component on port 5010 is up
2024-06-10 23:19:36,016 Updating Market Data status light to red
2024-06-10 23:19:38,127 Component on port 5008 is up
2024-06-10 23:19:38,128 Component on port 5009 is up
2024-06-10 23:19:38,128 Component on port 5010 is up
2024-06-10 23:19:41,030 Updating Market Data status light to red
2024-06-10 23:19:43,130 Component on port 5008 is up
2024-06-10 23:19:43,131 Component on port 5009 is up
2024-06-10 23:19:43,132 Component on port 5010 is up
2024-06-10 23:19:46,044 Updating Market Data status light to red
2024-06-10 23:19:48,143 Component on port 5008 is up
2024-06-10 23:19:48,146 Component on port 5009 is up
2024-06-10 23:19:48,146 Component on port 5010 is up
2024-06-10 23:19:51,056 Updating Market Data status light to red
2024-06-10 23:19:53,149 Component on port 5008 is up
2024-06-10 23:19:53,151 Component on port 5009 is up
2024-06-10 23:19:53,152 Component on port 5010 is up
2024-06-10 23:19:56,067 Updating Market Data status light to red
2024-06-10 23:19:58,155 Component on port 5008 is up
2024-06-10 23:19:58,156 Component on port 5009 is up
2024-06-10 23:19:58,157 Component on port 5010 is up
2024-06-10 23:20:01,079 Updating Market Data status light to red
2024-06-10 23:20:03,163 Component on port 5008 is up
2024-06-10 23:20:03,164 Component on port 5009 is up
2024-06-10 23:20:03,164 Component on port 5010 is up
2024-06-10 23:20:06,081 Updating Market Data status light to red
2024-06-10 23:20:08,170 Component on port 5008 is up
2024-06-10 23:20:08,172 Component on port 5009 is up
2024-06-10 23:20:08,172 Component on port 5010 is up
2024-06-10 23:20:11,086 Updating Market Data status light to red
2024-06-10 23:20:13,187 Component on port 5008 is up
2024-06-10 23:20:13,189 Component on port 5009 is up
2024-06-10 23:20:13,190 Component on port 5010 is up
2024-06-10 23:20:16,097 Updating Market Data status light to red
2024-06-10 23:20:18,201 Component on port 5008 is up
2024-06-10 23:20:18,202 Component on port 5009 is up
2024-06-10 23:20:18,202 Component on port 5010 is up
2024-06-10 23:20:21,104 Updating Market Data status light to red
2024-06-10 23:20:23,216 Component on port 5008 is up
2024-06-10 23:20:23,217 Component on port 5009 is up
2024-06-10 23:20:23,218 Component on port 5010 is up
2024-06-10 23:20:26,117 Updating Market Data status light to red
2024-06-10 23:20:28,224 Component on port 5008 is up
2024-06-10 23:20:28,226 Component on port 5009 is up
2024-06-10 23:20:28,227 Component on port 5010 is up
2024-06-10 23:20:31,125 Updating Market Data status light to red
2024-06-10 23:20:33,233 Component on port 5008 is up
2024-06-10 23:20:33,233 Component on port 5009 is up
2024-06-10 23:20:33,235 Component on port 5010 is up
2024-06-10 23:20:36,134 Updating Market Data status light to red
2024-06-10 23:20:38,248 Component on port 5008 is up
2024-06-10 23:20:38,249 Component on port 5009 is up
2024-06-10 23:20:38,249 Component on port 5010 is up
2024-06-10 23:20:41,149 Updating Market Data status light to red
2024-06-10 23:20:43,258 Component on port 5008 is up
2024-06-10 23:20:43,259 Component on port 5009 is up
2024-06-10 23:20:43,260 Component on port 5010 is up
2024-06-10 23:20:46,156 Updating Market Data status light to red
2024-06-10 23:20:48,265 Component on port 5008 is up
2024-06-10 23:20:48,266 Component on port 5009 is up
2024-06-10 23:20:48,266 Component on port 5010 is up
2024-06-10 23:20:51,172 Updating Market Data status light to red
2024-06-10 23:20:53,280 Component on port 5008 is up
2024-06-10 23:20:53,281 Component on port 5009 is up
2024-06-10 23:20:53,281 Component on port 5010 is up
2024-06-10 23:20:56,183 Updating Market Data status light to red
2024-06-10 23:20:58,291 Component on port 5008 is up
2024-06-10 23:20:58,292 Component on port 5009 is up
2024-06-10 23:20:58,293 Component on port 5010 is up
2024-06-10 23:21:01,187 Updating Market Data status light to red
2024-06-10 23:21:03,308 Component on port 5008 is up
2024-06-10 23:21:03,310 Component on port 5009 is up
2024-06-10 23:21:03,310 Component on port 5010 is up
2024-06-10 23:21:06,196 Updating Market Data status light to red
