2024-06-11 21:45:46,890 DEBUG Starting TradingApp
2024-06-11 21:45:47,140 DEBUG Starting MarketDataListener
2024-06-11 21:45:47,140 DEBUG Initializing MarketDataListener
2024-06-11 21:45:47,142 INFO Socket bound to ('', 5007)
2024-06-11 21:45:47,142 INFO MarketDataListener joined multicast group 224.1.1.1 on port 5007
2024-06-11 21:45:47,144 DEBUG MarketDataListener thread started
2024-06-11 21:45:47,151 DEBUG Updating status lights
2024-06-11 21:45:47,151 DEBUG Checking dependencies
2024-06-11 21:45:47,151 DEBUG Pinging component on port 5008
2024-06-11 21:45:47,151 INFO Trying to connect to localhost:5008
2024-06-11 21:45:48,612 DEBUG Received market data message from 192.168.56.1:59511: red
2024-06-11 21:45:48,613 DEBUG Scheduling update for Market Data status light to green
2024-06-11 21:45:49,204 DEBUG Component on port 5008 is down
2024-06-11 21:45:49,204 DEBUG Component OrderRouter status: down
2024-06-11 21:45:49,205 DEBUG Pinging component on port 5009
2024-06-11 21:45:49,205 INFO Trying to connect to localhost:5009
2024-06-11 21:45:49,706 ERROR Error receiving market data message: main thread is not in main loop
2024-06-11 21:45:49,706 DEBUG Scheduling update for Market Data status light to red
2024-06-11 21:45:51,235 DEBUG Component on port 5009 is down
2024-06-11 21:45:51,235 DEBUG Component FIXEngine status: down
2024-06-11 21:45:51,236 DEBUG Pinging component on port 5010
2024-06-11 21:45:51,236 INFO Trying to connect to localhost:5010
2024-06-11 21:45:53,255 DEBUG Component on port 5010 is down
2024-06-11 21:45:53,256 DEBUG Component MarketSimulator status: down
2024-06-11 21:45:53,256 DEBUG Checking dependencies
2024-06-11 21:45:53,257 DEBUG Pinging component on port 5008
2024-06-11 21:45:53,257 INFO Trying to connect to localhost:5008
2024-06-11 21:45:53,260 DEBUG Component on port 5008 is up
2024-06-11 21:45:53,260 DEBUG Component OrderRouter status: up
2024-06-11 21:45:53,261 DEBUG Pinging component on port 5009
2024-06-11 21:45:53,261 INFO Trying to connect to localhost:5009
2024-06-11 21:45:53,263 DEBUG Component on port 5009 is up
2024-06-11 21:45:53,263 DEBUG Component FIXEngine status: up
2024-06-11 21:45:53,263 DEBUG Pinging component on port 5010
2024-06-11 21:45:53,264 INFO Trying to connect to localhost:5010
2024-06-11 21:45:55,277 DEBUG Component on port 5010 is down
2024-06-11 21:45:55,277 DEBUG Component MarketSimulator status: down
2024-06-11 21:45:55,279 DEBUG Updating market data display
2024-06-11 21:45:55,280 INFO 2024-06-11 21:45:55 - red from 192.168.56.1:59511
2024-06-11 21:45:56,293 DEBUG Updating market data display
2024-06-11 21:45:57,298 DEBUG Updating market data display
2024-06-11 21:45:58,257 DEBUG Updating status lights
2024-06-11 21:45:58,257 DEBUG Checking dependencies
2024-06-11 21:45:58,257 DEBUG Pinging component on port 5008
2024-06-11 21:45:58,258 INFO Trying to connect to localhost:5008
2024-06-11 21:45:58,259 DEBUG Component on port 5008 is up
2024-06-11 21:45:58,260 DEBUG Component OrderRouter status: up
2024-06-11 21:45:58,260 DEBUG Pinging component on port 5009
2024-06-11 21:45:58,260 INFO Trying to connect to localhost:5009
2024-06-11 21:45:58,261 DEBUG Component on port 5009 is up
2024-06-11 21:45:58,261 DEBUG Component FIXEngine status: up
2024-06-11 21:45:58,261 DEBUG Pinging component on port 5010
2024-06-11 21:45:58,262 INFO Trying to connect to localhost:5010
2024-06-11 21:45:58,263 DEBUG Component on port 5010 is up
2024-06-11 21:45:58,263 DEBUG Component MarketSimulator status: up
2024-06-11 21:45:58,305 DEBUG Updating market data display
2024-06-11 21:45:59,316 DEBUG Updating market data display
2024-06-11 21:46:00,323 DEBUG Updating market data display
2024-06-11 21:46:01,337 DEBUG Updating market data display
2024-06-11 21:46:02,347 DEBUG Updating market data display
2024-06-11 21:46:03,271 DEBUG Updating status lights
2024-06-11 21:46:03,271 DEBUG Checking dependencies
2024-06-11 21:46:03,271 DEBUG Pinging component on port 5008
2024-06-11 21:46:03,272 INFO Trying to connect to localhost:5008
2024-06-11 21:46:03,273 DEBUG Component on port 5008 is up
2024-06-11 21:46:03,273 DEBUG Component OrderRouter status: up
2024-06-11 21:46:03,274 DEBUG Pinging component on port 5009
2024-06-11 21:46:03,274 INFO Trying to connect to localhost:5009
2024-06-11 21:46:03,276 DEBUG Component on port 5009 is up
2024-06-11 21:46:03,276 DEBUG Component FIXEngine status: up
2024-06-11 21:46:03,277 DEBUG Pinging component on port 5010
2024-06-11 21:46:03,277 INFO Trying to connect to localhost:5010
2024-06-11 21:46:03,279 DEBUG Component on port 5010 is up
2024-06-11 21:46:03,279 DEBUG Component MarketSimulator status: up
2024-06-11 21:46:03,349 DEBUG Updating market data display
2024-06-11 21:46:04,356 DEBUG Updating market data display
2024-06-11 21:46:05,361 DEBUG Updating market data display
2024-06-11 21:46:06,368 DEBUG Updating market data display
2024-06-11 21:46:07,372 DEBUG Updating market data display
2024-06-11 21:46:08,287 DEBUG Updating status lights
2024-06-11 21:46:08,287 DEBUG Checking dependencies
2024-06-11 21:46:08,288 DEBUG Pinging component on port 5008
2024-06-11 21:46:08,288 INFO Trying to connect to localhost:5008
2024-06-11 21:46:08,290 DEBUG Component on port 5008 is up
2024-06-11 21:46:08,290 DEBUG Component OrderRouter status: up
2024-06-11 21:46:08,291 DEBUG Pinging component on port 5009
2024-06-11 21:46:08,291 INFO Trying to connect to localhost:5009
2024-06-11 21:46:08,293 DEBUG Component on port 5009 is up
2024-06-11 21:46:08,293 DEBUG Component FIXEngine status: up
2024-06-11 21:46:08,293 DEBUG Pinging component on port 5010
2024-06-11 21:46:08,294 INFO Trying to connect to localhost:5010
2024-06-11 21:46:08,295 DEBUG Component on port 5010 is up
2024-06-11 21:46:08,295 DEBUG Component MarketSimulator status: up
2024-06-11 21:46:08,382 DEBUG Updating market data display
2024-06-11 21:46:09,388 DEBUG Updating market data display
2024-06-11 21:46:10,399 DEBUG Updating market data display
2024-06-11 21:46:11,405 DEBUG Updating market data display
2024-06-11 21:46:12,416 DEBUG Updating market data display
2024-06-11 21:46:13,297 DEBUG Updating status lights
2024-06-11 21:46:13,297 DEBUG Checking dependencies
2024-06-11 21:46:13,297 DEBUG Pinging component on port 5008
2024-06-11 21:46:13,298 INFO Trying to connect to localhost:5008
2024-06-11 21:46:13,299 DEBUG Component on port 5008 is up
2024-06-11 21:46:13,300 DEBUG Component OrderRouter status: up
2024-06-11 21:46:13,300 DEBUG Pinging component on port 5009
2024-06-11 21:46:13,300 INFO Trying to connect to localhost:5009
2024-06-11 21:46:13,302 DEBUG Component on port 5009 is up
2024-06-11 21:46:13,302 DEBUG Component FIXEngine status: up
2024-06-11 21:46:13,302 DEBUG Pinging component on port 5010
2024-06-11 21:46:13,303 INFO Trying to connect to localhost:5010
2024-06-11 21:46:13,304 DEBUG Component on port 5010 is up
2024-06-11 21:46:13,304 DEBUG Component MarketSimulator status: up
2024-06-11 21:46:13,422 DEBUG Updating market data display
2024-06-11 21:46:14,424 DEBUG Updating market data display
2024-06-11 21:46:15,430 DEBUG Updating market data display
2024-06-11 21:46:16,437 DEBUG Updating market data display
2024-06-11 21:46:17,442 DEBUG Updating market data display
2024-06-11 21:46:18,310 DEBUG Updating status lights
2024-06-11 21:46:18,310 DEBUG Checking dependencies
2024-06-11 21:46:18,310 DEBUG Pinging component on port 5008
2024-06-11 21:46:18,311 INFO Trying to connect to localhost:5008
2024-06-11 21:46:18,312 DEBUG Component on port 5008 is up
2024-06-11 21:46:18,312 DEBUG Component OrderRouter status: up
2024-06-11 21:46:18,313 DEBUG Pinging component on port 5009
2024-06-11 21:46:18,313 INFO Trying to connect to localhost:5009
2024-06-11 21:46:18,315 DEBUG Component on port 5009 is up
2024-06-11 21:46:18,315 DEBUG Component FIXEngine status: up
2024-06-11 21:46:18,315 DEBUG Pinging component on port 5010
2024-06-11 21:46:18,315 INFO Trying to connect to localhost:5010
2024-06-11 21:46:18,318 DEBUG Component on port 5010 is up
2024-06-11 21:46:18,318 DEBUG Component MarketSimulator status: up
2024-06-11 21:46:18,451 DEBUG Updating market data display
2024-06-11 21:46:19,460 DEBUG Updating market data display
