2024-06-11 18:25:20,935 MarketDataListener initialized and joined multicast group
2024-06-11 18:25:21,732 Received market data message: blue
2024-06-11 18:25:21,732 Updating Market Data status light to green
2024-06-11 18:25:22,833 Error updating market data status light: main thread is not in main loop
2024-06-11 18:25:22,959 Component on port 5008 is down
2024-06-11 18:25:23,933 Error receiving market data message: main thread is not in main loop
2024-06-11 18:25:23,933 Updating Market Data status light to red
2024-06-11 18:25:24,974 Component on port 5009 is down
2024-06-11 18:25:25,035 Error updating market data status light: main thread is not in main loop
2024-06-11 18:25:27,016 Component on port 5010 is down
2024-06-11 18:25:27,017 Component on port 5008 is up
2024-06-11 18:25:27,018 Component on port 5009 is up
2024-06-11 18:25:29,036 Component on port 5010 is down
2024-06-11 18:25:29,044 2024-06-11 18:25:29 - blue
2024-06-11 18:25:32,018 Component on port 5008 is up
2024-06-11 18:25:32,019 Component on port 5009 is up
2024-06-11 18:25:32,021 Component on port 5010 is up
2024-06-11 18:25:37,025 Component on port 5008 is up
2024-06-11 18:25:37,026 Component on port 5009 is up
2024-06-11 18:25:37,027 Component on port 5010 is up
2024-06-11 18:25:42,038 Component on port 5008 is up
2024-06-11 18:25:42,039 Component on port 5009 is up
2024-06-11 18:25:42,040 Component on port 5010 is up
2024-06-11 18:25:47,052 Component on port 5008 is up
2024-06-11 18:25:47,053 Component on port 5009 is up
2024-06-11 18:25:47,053 Component on port 5010 is up
2024-06-11 18:25:52,057 Component on port 5008 is up
2024-06-11 18:25:52,058 Component on port 5009 is up
2024-06-11 18:25:52,059 Component on port 5010 is up
2024-06-11 18:25:57,072 Component on port 5008 is up
2024-06-11 18:25:57,073 Component on port 5009 is up
2024-06-11 18:25:57,074 Component on port 5010 is up
2024-06-11 18:26:02,087 Component on port 5008 is up
2024-06-11 18:26:02,088 Component on port 5009 is up
2024-06-11 18:26:02,089 Component on port 5010 is up
2024-06-11 18:26:07,095 Component on port 5008 is up
2024-06-11 18:26:07,096 Component on port 5009 is up
2024-06-11 18:26:07,097 Component on port 5010 is up
2024-06-11 18:26:12,108 Component on port 5008 is up
2024-06-11 18:26:12,109 Component on port 5009 is up
2024-06-11 18:26:12,110 Component on port 5010 is up
2024-06-11 18:26:17,118 Component on port 5008 is up
2024-06-11 18:26:17,120 Component on port 5009 is up
2024-06-11 18:26:17,121 Component on port 5010 is up
2024-06-11 18:26:22,128 Component on port 5008 is up
2024-06-11 18:26:22,129 Component on port 5009 is up
2024-06-11 18:26:22,129 Component on port 5010 is up
2024-06-11 18:26:27,138 Component on port 5008 is up
2024-06-11 18:26:27,139 Component on port 5009 is up
2024-06-11 18:26:27,140 Component on port 5010 is up
2024-06-11 18:26:32,148 Component on port 5008 is up
2024-06-11 18:26:32,150 Component on port 5009 is up
2024-06-11 18:26:32,151 Component on port 5010 is up
2024-06-11 18:26:37,163 Component on port 5008 is up
2024-06-11 18:26:37,165 Component on port 5009 is up
2024-06-11 18:26:37,166 Component on port 5010 is up
2024-06-11 18:26:42,167 Component on port 5008 is up
2024-06-11 18:26:42,168 Component on port 5009 is up
2024-06-11 18:26:42,169 Component on port 5010 is up
2024-06-11 18:26:47,173 Component on port 5008 is up
2024-06-11 18:26:47,175 Component on port 5009 is up
2024-06-11 18:26:47,177 Component on port 5010 is up
2024-06-11 18:26:52,191 Component on port 5008 is up
2024-06-11 18:26:52,192 Component on port 5009 is up
2024-06-11 18:26:52,193 Component on port 5010 is up
2024-06-11 18:26:57,206 Component on port 5008 is up
2024-06-11 18:26:57,208 Component on port 5009 is up
2024-06-11 18:26:57,210 Component on port 5010 is up
2024-06-11 18:27:02,218 Component on port 5008 is up
2024-06-11 18:27:02,219 Component on port 5009 is up
2024-06-11 18:27:02,220 Component on port 5010 is up
2024-06-11 18:27:07,221 Component on port 5008 is up
2024-06-11 18:27:07,222 Component on port 5009 is up
2024-06-11 18:27:07,223 Component on port 5010 is up
2024-06-11 18:27:12,230 Component on port 5008 is up
2024-06-11 18:27:12,231 Component on port 5009 is up
2024-06-11 18:27:12,232 Component on port 5010 is up
2024-06-11 18:27:17,234 Component on port 5008 is up
2024-06-11 18:27:17,236 Component on port 5009 is up
2024-06-11 18:27:17,236 Component on port 5010 is up
2024-06-11 18:27:22,239 Component on port 5008 is up
2024-06-11 18:27:22,240 Component on port 5009 is up
2024-06-11 18:27:22,241 Component on port 5010 is up
2024-06-11 18:27:27,242 Component on port 5008 is up
2024-06-11 18:27:27,243 Component on port 5009 is up
2024-06-11 18:27:27,245 Component on port 5010 is up
2024-06-11 18:27:32,253 Component on port 5008 is up
2024-06-11 18:27:32,254 Component on port 5009 is up
2024-06-11 18:27:32,255 Component on port 5010 is up
2024-06-11 18:27:37,260 Component on port 5008 is up
2024-06-11 18:27:37,260 Component on port 5009 is up
2024-06-11 18:27:37,261 Component on port 5010 is up
2024-06-11 18:27:42,271 Component on port 5008 is up
2024-06-11 18:27:42,273 Component on port 5009 is up
2024-06-11 18:27:42,274 Component on port 5010 is up
2024-06-11 18:27:47,277 Component on port 5008 is up
2024-06-11 18:27:47,278 Component on port 5009 is up
2024-06-11 18:27:47,279 Component on port 5010 is up
2024-06-11 18:27:52,284 Component on port 5008 is up
2024-06-11 18:27:52,285 Component on port 5009 is up
2024-06-11 18:27:52,286 Component on port 5010 is up
2024-06-11 18:27:57,301 Component on port 5008 is up
2024-06-11 18:27:57,302 Component on port 5009 is up
2024-06-11 18:27:57,303 Component on port 5010 is up
2024-06-11 18:28:02,307 Component on port 5008 is up
2024-06-11 18:28:02,309 Component on port 5009 is up
2024-06-11 18:28:02,311 Component on port 5010 is up
2024-06-11 18:28:07,315 Component on port 5008 is up
2024-06-11 18:28:07,316 Component on port 5009 is up
2024-06-11 18:28:07,317 Component on port 5010 is up
2024-06-11 18:28:12,327 Component on port 5008 is up
2024-06-11 18:28:12,328 Component on port 5009 is up
2024-06-11 18:28:12,329 Component on port 5010 is up
2024-06-11 18:28:17,334 Component on port 5008 is up
2024-06-11 18:28:17,335 Component on port 5009 is up
2024-06-11 18:28:17,336 Component on port 5010 is up
2024-06-11 18:28:22,347 Component on port 5008 is up
2024-06-11 18:28:22,349 Component on port 5009 is up
2024-06-11 18:28:22,351 Component on port 5010 is up
2024-06-11 18:28:27,352 Component on port 5008 is up
2024-06-11 18:28:27,353 Component on port 5009 is up
2024-06-11 18:28:27,354 Component on port 5010 is up
2024-06-11 18:28:32,363 Component on port 5008 is up
2024-06-11 18:28:32,364 Component on port 5009 is up
2024-06-11 18:28:32,365 Component on port 5010 is up
2024-06-11 18:28:37,381 Component on port 5008 is up
2024-06-11 18:28:37,382 Component on port 5009 is up
2024-06-11 18:28:37,384 Component on port 5010 is up
2024-06-11 18:28:42,390 Component on port 5008 is up
2024-06-11 18:28:42,392 Component on port 5009 is up
2024-06-11 18:28:42,393 Component on port 5010 is up
2024-06-11 18:28:47,409 Component on port 5008 is up
2024-06-11 18:28:47,410 Component on port 5009 is up
2024-06-11 18:28:47,411 Component on port 5010 is up
2024-06-11 18:28:52,413 Component on port 5008 is up
2024-06-11 18:28:52,414 Component on port 5009 is up
2024-06-11 18:28:52,415 Component on port 5010 is up
2024-06-11 18:28:57,426 Component on port 5008 is up
2024-06-11 18:28:57,427 Component on port 5009 is up
2024-06-11 18:28:57,428 Component on port 5010 is up
2024-06-11 18:29:02,436 Component on port 5008 is up
2024-06-11 18:29:02,438 Component on port 5009 is up
2024-06-11 18:29:02,439 Component on port 5010 is up
2024-06-11 18:29:07,443 Component on port 5008 is up
2024-06-11 18:29:07,445 Component on port 5009 is up
2024-06-11 18:29:07,446 Component on port 5010 is up
2024-06-11 18:29:12,459 Component on port 5008 is up
2024-06-11 18:29:12,461 Component on port 5009 is up
2024-06-11 18:29:12,462 Component on port 5010 is up
2024-06-11 18:29:17,470 Component on port 5008 is up
2024-06-11 18:29:17,471 Component on port 5009 is up
2024-06-11 18:29:17,472 Component on port 5010 is up
2024-06-11 18:29:22,486 Component on port 5008 is up
2024-06-11 18:29:22,487 Component on port 5009 is up
2024-06-11 18:29:22,488 Component on port 5010 is up
2024-06-11 18:29:27,503 Component on port 5008 is up
2024-06-11 18:29:27,504 Component on port 5009 is up
2024-06-11 18:29:27,505 Component on port 5010 is up
2024-06-11 18:29:32,511 Component on port 5008 is up
2024-06-11 18:29:32,512 Component on port 5009 is up
2024-06-11 18:29:32,513 Component on port 5010 is up
2024-06-11 18:29:37,522 Component on port 5008 is up
2024-06-11 18:29:37,523 Component on port 5009 is up
2024-06-11 18:29:37,524 Component on port 5010 is up
2024-06-11 18:29:42,525 Component on port 5008 is up
2024-06-11 18:29:42,527 Component on port 5009 is up
2024-06-11 18:29:42,528 Component on port 5010 is up
2024-06-11 18:29:47,536 Component on port 5008 is up
2024-06-11 18:29:47,537 Component on port 5009 is up
2024-06-11 18:29:47,538 Component on port 5010 is up
2024-06-11 18:29:52,544 Component on port 5008 is up
2024-06-11 18:29:52,545 Component on port 5009 is up
2024-06-11 18:29:52,545 Component on port 5010 is up
2024-06-11 18:29:57,557 Component on port 5008 is up
2024-06-11 18:29:57,558 Component on port 5009 is up
2024-06-11 18:29:57,559 Component on port 5010 is up
2024-06-11 18:30:02,562 Component on port 5008 is up
2024-06-11 18:30:02,564 Component on port 5009 is up
2024-06-11 18:30:02,565 Component on port 5010 is up
2024-06-11 18:30:07,569 Component on port 5008 is up
2024-06-11 18:30:07,571 Component on port 5009 is up
2024-06-11 18:30:07,572 Component on port 5010 is up
2024-06-11 18:30:12,587 Component on port 5008 is up
2024-06-11 18:30:12,588 Component on port 5009 is up
2024-06-11 18:30:12,589 Component on port 5010 is up
2024-06-11 18:30:17,590 Component on port 5008 is up
2024-06-11 18:30:17,592 Component on port 5009 is up
2024-06-11 18:30:17,592 Component on port 5010 is up
2024-06-11 18:30:22,598 Component on port 5008 is up
2024-06-11 18:30:22,600 Component on port 5009 is up
2024-06-11 18:30:22,601 Component on port 5010 is up
2024-06-11 18:30:27,605 Component on port 5008 is up
2024-06-11 18:30:27,606 Component on port 5009 is up
2024-06-11 18:30:27,607 Component on port 5010 is up
2024-06-11 18:30:32,621 Component on port 5008 is up
2024-06-11 18:30:32,622 Component on port 5009 is up
2024-06-11 18:30:32,623 Component on port 5010 is up
2024-06-11 18:30:37,637 Component on port 5008 is up
2024-06-11 18:30:37,638 Component on port 5009 is up
2024-06-11 18:30:37,639 Component on port 5010 is up
2024-06-11 18:30:42,643 Component on port 5008 is up
2024-06-11 18:30:42,644 Component on port 5009 is up
2024-06-11 18:30:42,645 Component on port 5010 is up
2024-06-11 18:30:47,651 Component on port 5008 is up
2024-06-11 18:30:47,651 Component on port 5009 is up
2024-06-11 18:30:47,652 Component on port 5010 is up
2024-06-11 18:30:52,665 Component on port 5008 is up
2024-06-11 18:30:52,667 Component on port 5009 is up
2024-06-11 18:30:52,668 Component on port 5010 is up
2024-06-11 18:30:57,675 Component on port 5008 is up
2024-06-11 18:30:57,676 Component on port 5009 is up
2024-06-11 18:30:57,676 Component on port 5010 is up
2024-06-11 18:31:02,684 Component on port 5008 is up
2024-06-11 18:31:02,685 Component on port 5009 is up
2024-06-11 18:31:02,686 Component on port 5010 is up
2024-06-11 18:31:07,690 Component on port 5008 is up
2024-06-11 18:31:07,690 Component on port 5009 is up
2024-06-11 18:31:07,691 Component on port 5010 is up
2024-06-11 18:31:12,704 Component on port 5008 is up
2024-06-11 18:31:12,705 Component on port 5009 is up
2024-06-11 18:31:12,705 Component on port 5010 is up
2024-06-11 18:31:17,706 Component on port 5008 is up
2024-06-11 18:31:17,707 Component on port 5009 is up
2024-06-11 18:31:17,708 Component on port 5010 is up
2024-06-11 18:31:19,779 Sent order: order red
2024-06-11 18:31:22,561 Sent order: order blue
2024-06-11 18:31:22,711 Component on port 5008 is up
2024-06-11 18:31:22,713 Component on port 5009 is up
2024-06-11 18:31:22,715 Component on port 5010 is up
2024-06-11 18:31:27,717 Component on port 5008 is up
2024-06-11 18:31:27,718 Component on port 5009 is up
2024-06-11 18:31:27,720 Component on port 5010 is up
2024-06-11 18:31:32,731 Component on port 5008 is up
2024-06-11 18:31:32,732 Component on port 5009 is up
2024-06-11 18:31:32,733 Component on port 5010 is up
2024-06-11 18:31:37,740 Component on port 5008 is up
2024-06-11 18:31:37,745 Component on port 5009 is up
2024-06-11 18:31:37,749 Component on port 5010 is up
2024-06-11 18:31:42,758 Component on port 5008 is up
2024-06-11 18:31:42,758 Component on port 5009 is up
2024-06-11 18:31:42,759 Component on port 5010 is up
2024-06-11 18:31:47,769 Component on port 5008 is up
2024-06-11 18:31:47,771 Component on port 5009 is up
2024-06-11 18:31:47,772 Component on port 5010 is up
2024-06-11 18:31:52,778 Component on port 5008 is up
2024-06-11 18:31:52,780 Component on port 5009 is up
2024-06-11 18:31:52,782 Component on port 5010 is up
2024-06-11 18:31:57,791 Component on port 5008 is up
2024-06-11 18:31:57,792 Component on port 5009 is up
2024-06-11 18:31:57,793 Component on port 5010 is up
2024-06-11 18:32:02,794 Component on port 5008 is up
2024-06-11 18:32:02,795 Component on port 5009 is up
2024-06-11 18:32:02,796 Component on port 5010 is up
2024-06-11 18:32:07,806 Component on port 5008 is up
2024-06-11 18:32:07,808 Component on port 5009 is up
2024-06-11 18:32:07,809 Component on port 5010 is up
2024-06-11 18:32:12,822 Component on port 5008 is up
2024-06-11 18:32:12,823 Component on port 5009 is up
2024-06-11 18:32:12,824 Component on port 5010 is up
2024-06-11 18:32:17,834 Component on port 5008 is up
2024-06-11 18:32:17,836 Component on port 5009 is up
2024-06-11 18:32:17,837 Component on port 5010 is up
2024-06-11 18:32:22,848 Component on port 5008 is up
2024-06-11 18:32:22,849 Component on port 5009 is up
2024-06-11 18:32:22,850 Component on port 5010 is up
2024-06-11 18:32:27,854 Component on port 5008 is up
2024-06-11 18:32:27,855 Component on port 5009 is up
2024-06-11 18:32:27,856 Component on port 5010 is up
2024-06-11 18:32:32,859 Component on port 5008 is up
2024-06-11 18:32:32,860 Component on port 5009 is up
2024-06-11 18:32:32,862 Component on port 5010 is up
2024-06-11 18:32:37,868 Component on port 5008 is up
2024-06-11 18:32:37,869 Component on port 5009 is up
2024-06-11 18:32:37,871 Component on port 5010 is up
2024-06-11 18:32:42,873 Component on port 5008 is up
2024-06-11 18:32:42,874 Component on port 5009 is up
2024-06-11 18:32:42,875 Component on port 5010 is up
2024-06-11 18:32:47,891 Component on port 5008 is up
2024-06-11 18:32:47,892 Component on port 5009 is up
2024-06-11 18:32:47,894 Component on port 5010 is up
2024-06-11 18:32:52,899 Component on port 5008 is up
2024-06-11 18:32:52,900 Component on port 5009 is up
2024-06-11 18:32:52,901 Component on port 5010 is up
2024-06-11 18:32:57,905 Component on port 5008 is up
2024-06-11 18:32:57,906 Component on port 5009 is up
2024-06-11 18:32:57,907 Component on port 5010 is up
2024-06-11 18:33:02,914 Component on port 5008 is up
2024-06-11 18:33:02,916 Component on port 5009 is up
2024-06-11 18:33:02,917 Component on port 5010 is up
2024-06-11 18:33:07,921 Component on port 5008 is up
2024-06-11 18:33:07,922 Component on port 5009 is up
2024-06-11 18:33:07,923 Component on port 5010 is up
2024-06-11 18:33:12,936 Component on port 5008 is up
2024-06-11 18:33:12,937 Component on port 5009 is up
2024-06-11 18:33:12,938 Component on port 5010 is up
2024-06-11 18:33:17,950 Component on port 5008 is up
2024-06-11 18:33:17,952 Component on port 5009 is up
2024-06-11 18:33:17,953 Component on port 5010 is up
2024-06-11 18:33:22,962 Component on port 5008 is up
2024-06-11 18:33:22,963 Component on port 5009 is up
2024-06-11 18:33:22,965 Component on port 5010 is up
2024-06-11 18:33:27,977 Component on port 5008 is up
2024-06-11 18:33:27,978 Component on port 5009 is up
2024-06-11 18:33:27,979 Component on port 5010 is up
2024-06-11 18:33:32,992 Component on port 5008 is up
2024-06-11 18:33:32,994 Component on port 5009 is up
2024-06-11 18:33:32,995 Component on port 5010 is up
2024-06-11 18:33:38,003 Component on port 5008 is up
2024-06-11 18:33:38,004 Component on port 5009 is up
2024-06-11 18:33:38,005 Component on port 5010 is up
2024-06-11 18:33:43,018 Component on port 5008 is up
2024-06-11 18:33:43,019 Component on port 5009 is up
2024-06-11 18:33:43,021 Component on port 5010 is up
2024-06-11 18:33:48,025 Component on port 5008 is up
2024-06-11 18:33:48,026 Component on port 5009 is up
2024-06-11 18:33:48,027 Component on port 5010 is up
2024-06-11 18:33:53,038 Component on port 5008 is up
2024-06-11 18:33:53,039 Component on port 5009 is up
2024-06-11 18:33:53,040 Component on port 5010 is up
