2024-06-11 18:52:53,449 MarketDataListener initialized and joined multicast group
2024-06-11 18:52:55,479 Component on port 5008 is down
2024-06-11 18:52:56,381 Received market data message: blue
2024-06-11 18:52:56,381 Updating Market Data status light to green
2024-06-11 18:52:57,483 Error updating market data status light: main thread is not in main loop
2024-06-11 18:52:57,498 Component on port 5009 is down
2024-06-11 18:52:58,577 Error receiving market data message: main thread is not in main loop
2024-06-11 18:52:58,577 Updating Market Data status light to red
2024-06-11 18:52:59,519 Component on port 5010 is down
2024-06-11 18:52:59,520 Component on port 5008 is up
2024-06-11 18:52:59,522 Component on port 5009 is up
2024-06-11 18:52:59,675 Error updating market data status light: main thread is not in main loop
2024-06-11 18:53:01,558 Component on port 5010 is down
2024-06-11 18:53:01,567 2024-06-11 18:53:01 - blue
2024-06-11 18:53:04,531 Component on port 5008 is up
2024-06-11 18:53:04,532 Component on port 5009 is up
2024-06-11 18:53:04,534 Component on port 5010 is up
2024-06-11 18:53:09,550 Component on port 5008 is up
2024-06-11 18:53:09,552 Component on port 5009 is up
2024-06-11 18:53:09,554 Component on port 5010 is up
2024-06-11 18:53:14,569 Component on port 5008 is up
2024-06-11 18:53:14,571 Component on port 5009 is up
2024-06-11 18:53:14,572 Component on port 5010 is up
2024-06-11 18:53:19,580 Component on port 5008 is up
2024-06-11 18:53:19,582 Component on port 5009 is up
2024-06-11 18:53:19,584 Component on port 5010 is up
2024-06-11 18:53:24,600 Component on port 5008 is up
2024-06-11 18:53:24,601 Component on port 5009 is up
2024-06-11 18:53:24,602 Component on port 5010 is up
2024-06-11 18:53:29,618 Component on port 5008 is up
2024-06-11 18:53:29,619 Component on port 5009 is up
2024-06-11 18:53:29,620 Component on port 5010 is up
2024-06-11 18:53:34,634 Component on port 5008 is up
2024-06-11 18:53:34,636 Component on port 5009 is up
2024-06-11 18:53:34,637 Component on port 5010 is up
2024-06-11 18:53:39,646 Component on port 5008 is up
2024-06-11 18:53:39,648 Component on port 5009 is up
2024-06-11 18:53:39,649 Component on port 5010 is up
2024-06-11 18:53:44,650 Component on port 5008 is up
2024-06-11 18:53:44,651 Component on port 5009 is up
2024-06-11 18:53:44,652 Component on port 5010 is up
2024-06-11 18:53:49,661 Component on port 5008 is up
2024-06-11 18:53:49,662 Component on port 5009 is up
2024-06-11 18:53:49,663 Component on port 5010 is up
2024-06-11 18:53:54,666 Component on port 5008 is up
2024-06-11 18:53:54,667 Component on port 5009 is up
2024-06-11 18:53:54,668 Component on port 5010 is up
2024-06-11 18:53:59,682 Component on port 5008 is up
2024-06-11 18:53:59,683 Component on port 5009 is up
2024-06-11 18:53:59,684 Component on port 5010 is up
2024-06-11 18:54:04,689 Component on port 5008 is up
2024-06-11 18:54:04,690 Component on port 5009 is up
2024-06-11 18:54:04,691 Component on port 5010 is up
2024-06-11 18:54:09,706 Component on port 5008 is up
2024-06-11 18:54:09,707 Component on port 5009 is up
2024-06-11 18:54:09,708 Component on port 5010 is up
2024-06-11 18:54:14,720 Component on port 5008 is up
2024-06-11 18:54:14,721 Component on port 5009 is up
2024-06-11 18:54:14,722 Component on port 5010 is up
2024-06-11 18:54:19,739 Component on port 5008 is up
2024-06-11 18:54:19,741 Component on port 5009 is up
2024-06-11 18:54:19,742 Component on port 5010 is up
2024-06-11 18:54:24,746 Component on port 5008 is up
2024-06-11 18:54:24,748 Component on port 5009 is up
2024-06-11 18:54:24,750 Component on port 5010 is up
2024-06-11 18:54:29,766 Component on port 5008 is up
2024-06-11 18:54:29,768 Component on port 5009 is up
2024-06-11 18:54:29,769 Component on port 5010 is up
2024-06-11 18:54:34,772 Component on port 5008 is up
2024-06-11 18:54:34,775 Component on port 5009 is up
2024-06-11 18:54:34,777 Component on port 5010 is up
2024-06-11 18:54:39,790 Component on port 5008 is up
2024-06-11 18:54:39,791 Component on port 5009 is up
2024-06-11 18:54:39,792 Component on port 5010 is up
2024-06-11 18:54:44,802 Component on port 5008 is up
2024-06-11 18:54:44,804 Component on port 5009 is up
2024-06-11 18:54:44,805 Component on port 5010 is up
2024-06-11 18:54:49,821 Component on port 5008 is up
2024-06-11 18:54:49,822 Component on port 5009 is up
2024-06-11 18:54:49,823 Component on port 5010 is up
2024-06-11 18:54:54,827 Component on port 5008 is up
2024-06-11 18:54:54,829 Component on port 5009 is up
2024-06-11 18:54:54,830 Component on port 5010 is up
2024-06-11 18:54:59,832 Component on port 5008 is up
2024-06-11 18:54:59,833 Component on port 5009 is up
2024-06-11 18:54:59,833 Component on port 5010 is up
2024-06-11 18:55:04,835 Component on port 5008 is up
2024-06-11 18:55:04,835 Component on port 5009 is up
2024-06-11 18:55:04,836 Component on port 5010 is up
2024-06-11 18:55:09,852 Component on port 5008 is up
2024-06-11 18:55:09,853 Component on port 5009 is up
2024-06-11 18:55:09,854 Component on port 5010 is up
2024-06-11 18:55:14,866 Component on port 5008 is up
2024-06-11 18:55:14,867 Component on port 5009 is up
2024-06-11 18:55:14,867 Component on port 5010 is up
2024-06-11 18:55:19,878 Component on port 5008 is up
2024-06-11 18:55:19,881 Component on port 5009 is up
2024-06-11 18:55:19,883 Component on port 5010 is up
2024-06-11 18:55:24,894 Component on port 5008 is up
2024-06-11 18:55:24,895 Component on port 5009 is up
2024-06-11 18:55:24,896 Component on port 5010 is up
2024-06-11 18:55:29,904 Component on port 5008 is up
2024-06-11 18:55:29,906 Component on port 5009 is up
2024-06-11 18:55:29,906 Component on port 5010 is up
2024-06-11 18:55:34,915 Component on port 5008 is up
2024-06-11 18:55:34,915 Component on port 5009 is up
2024-06-11 18:55:34,917 Component on port 5010 is up
2024-06-11 18:55:39,928 Component on port 5008 is up
2024-06-11 18:55:39,929 Component on port 5009 is up
2024-06-11 18:55:39,930 Component on port 5010 is up
2024-06-11 18:55:44,931 Component on port 5008 is up
2024-06-11 18:55:44,932 Component on port 5009 is up
2024-06-11 18:55:44,933 Component on port 5010 is up
2024-06-11 18:55:49,945 Component on port 5008 is up
2024-06-11 18:55:49,947 Component on port 5009 is up
2024-06-11 18:55:49,948 Component on port 5010 is up
2024-06-11 18:55:54,953 Component on port 5008 is up
2024-06-11 18:55:54,955 Component on port 5009 is up
2024-06-11 18:55:54,958 Component on port 5010 is up
2024-06-11 18:55:59,972 Component on port 5008 is up
2024-06-11 18:55:59,975 Component on port 5009 is up
2024-06-11 18:55:59,978 Component on port 5010 is up
2024-06-11 18:56:04,982 Component on port 5008 is up
2024-06-11 18:56:04,983 Component on port 5009 is up
2024-06-11 18:56:04,984 Component on port 5010 is up
2024-06-11 18:56:09,986 Component on port 5008 is up
2024-06-11 18:56:09,987 Component on port 5009 is up
2024-06-11 18:56:09,988 Component on port 5010 is up
2024-06-11 18:56:15,002 Component on port 5008 is up
2024-06-11 18:56:15,003 Component on port 5009 is up
2024-06-11 18:56:15,004 Component on port 5010 is up
2024-06-11 18:56:20,018 Component on port 5008 is up
2024-06-11 18:56:20,019 Component on port 5009 is up
2024-06-11 18:56:20,021 Component on port 5010 is up
2024-06-11 18:56:25,022 Component on port 5008 is up
2024-06-11 18:56:25,023 Component on port 5009 is up
2024-06-11 18:56:25,024 Component on port 5010 is up
2024-06-11 18:56:30,034 Component on port 5008 is up
2024-06-11 18:56:30,036 Component on port 5009 is up
2024-06-11 18:56:30,037 Component on port 5010 is up
2024-06-11 18:56:35,048 Component on port 5008 is up
2024-06-11 18:56:35,049 Component on port 5009 is up
2024-06-11 18:56:35,050 Component on port 5010 is up
2024-06-11 18:56:40,054 Component on port 5008 is up
2024-06-11 18:56:40,055 Component on port 5009 is up
2024-06-11 18:56:40,056 Component on port 5010 is up
2024-06-11 18:56:45,064 Component on port 5008 is up
2024-06-11 18:56:45,065 Component on port 5009 is up
2024-06-11 18:56:45,066 Component on port 5010 is up
2024-06-11 18:56:50,078 Component on port 5008 is up
2024-06-11 18:56:50,079 Component on port 5009 is up
2024-06-11 18:56:50,080 Component on port 5010 is up
2024-06-11 18:56:55,089 Component on port 5008 is up
2024-06-11 18:56:55,091 Component on port 5009 is up
2024-06-11 18:56:55,092 Component on port 5010 is up
2024-06-11 18:57:00,100 Component on port 5008 is up
2024-06-11 18:57:00,101 Component on port 5009 is up
2024-06-11 18:57:00,102 Component on port 5010 is up
2024-06-11 18:57:05,106 Component on port 5008 is up
2024-06-11 18:57:05,107 Component on port 5009 is up
2024-06-11 18:57:05,108 Component on port 5010 is up
2024-06-11 18:57:10,111 Component on port 5008 is up
2024-06-11 18:57:10,112 Component on port 5009 is up
2024-06-11 18:57:10,113 Component on port 5010 is up
2024-06-11 18:57:15,123 Component on port 5008 is up
2024-06-11 18:57:15,125 Component on port 5009 is up
2024-06-11 18:57:15,128 Component on port 5010 is up
2024-06-11 18:57:20,143 Component on port 5008 is up
2024-06-11 18:57:20,144 Component on port 5009 is up
2024-06-11 18:57:20,145 Component on port 5010 is up
2024-06-11 18:57:25,152 Component on port 5008 is up
2024-06-11 18:57:25,153 Component on port 5009 is up
2024-06-11 18:57:25,155 Component on port 5010 is up
2024-06-11 18:57:30,157 Component on port 5008 is up
2024-06-11 18:57:30,158 Component on port 5009 is up
2024-06-11 18:57:30,159 Component on port 5010 is up
2024-06-11 18:57:35,171 Component on port 5008 is up
2024-06-11 18:57:35,172 Component on port 5009 is up
2024-06-11 18:57:35,173 Component on port 5010 is up
2024-06-11 18:57:40,185 Component on port 5008 is up
2024-06-11 18:57:40,186 Component on port 5009 is up
2024-06-11 18:57:40,187 Component on port 5010 is up
2024-06-11 18:57:45,203 Component on port 5008 is up
2024-06-11 18:57:45,204 Component on port 5009 is up
2024-06-11 18:57:45,205 Component on port 5010 is up
2024-06-11 18:57:50,213 Component on port 5008 is up
2024-06-11 18:57:50,214 Component on port 5009 is up
2024-06-11 18:57:50,215 Component on port 5010 is up
2024-06-11 18:57:55,219 Component on port 5008 is up
2024-06-11 18:57:55,220 Component on port 5009 is up
2024-06-11 18:57:55,221 Component on port 5010 is up
2024-06-11 18:58:00,237 Component on port 5008 is up
2024-06-11 18:58:00,239 Component on port 5009 is up
2024-06-11 18:58:00,241 Component on port 5010 is up
2024-06-11 18:58:05,253 Component on port 5008 is up
2024-06-11 18:58:05,254 Component on port 5009 is up
2024-06-11 18:58:05,255 Component on port 5010 is up
2024-06-11 18:58:10,261 Component on port 5008 is up
2024-06-11 18:58:10,261 Component on port 5009 is up
2024-06-11 18:58:10,262 Component on port 5010 is up
2024-06-11 18:58:15,264 Component on port 5008 is up
2024-06-11 18:58:15,264 Component on port 5009 is up
2024-06-11 18:58:15,265 Component on port 5010 is up
2024-06-11 18:58:20,274 Component on port 5008 is up
2024-06-11 18:58:20,275 Component on port 5009 is up
2024-06-11 18:58:20,276 Component on port 5010 is up
2024-06-11 18:58:25,288 Component on port 5008 is up
2024-06-11 18:58:25,289 Component on port 5009 is up
2024-06-11 18:58:25,290 Component on port 5010 is up
2024-06-11 18:58:30,296 Component on port 5008 is up
2024-06-11 18:58:30,298 Component on port 5009 is up
2024-06-11 18:58:30,299 Component on port 5010 is up
2024-06-11 18:58:35,313 Component on port 5008 is up
2024-06-11 18:58:35,314 Component on port 5009 is up
2024-06-11 18:58:35,315 Component on port 5010 is up
2024-06-11 18:58:40,321 Component on port 5008 is up
2024-06-11 18:58:40,323 Component on port 5009 is up
2024-06-11 18:58:40,324 Component on port 5010 is up
2024-06-11 18:58:45,328 Component on port 5008 is up
2024-06-11 18:58:45,329 Component on port 5009 is up
2024-06-11 18:58:45,331 Component on port 5010 is up
2024-06-11 18:58:50,342 Component on port 5008 is up
2024-06-11 18:58:50,343 Component on port 5009 is up
2024-06-11 18:58:50,344 Component on port 5010 is up
2024-06-11 18:58:55,361 Component on port 5008 is up
2024-06-11 18:58:55,362 Component on port 5009 is up
2024-06-11 18:58:55,364 Component on port 5010 is up
2024-06-11 18:59:00,373 Component on port 5008 is up
2024-06-11 18:59:00,374 Component on port 5009 is up
2024-06-11 18:59:00,375 Component on port 5010 is up
2024-06-11 18:59:05,389 Component on port 5008 is up
2024-06-11 18:59:05,390 Component on port 5009 is up
2024-06-11 18:59:05,391 Component on port 5010 is up
2024-06-11 18:59:10,406 Component on port 5008 is up
2024-06-11 18:59:10,408 Component on port 5009 is up
2024-06-11 18:59:10,410 Component on port 5010 is up
2024-06-11 18:59:15,419 Component on port 5008 is up
2024-06-11 18:59:15,420 Component on port 5009 is up
2024-06-11 18:59:15,421 Component on port 5010 is up
2024-06-11 18:59:20,436 Component on port 5008 is up
2024-06-11 18:59:20,437 Component on port 5009 is up
2024-06-11 18:59:20,437 Component on port 5010 is up
2024-06-11 18:59:25,441 Component on port 5008 is up
2024-06-11 18:59:25,442 Component on port 5009 is up
2024-06-11 18:59:25,443 Component on port 5010 is up
2024-06-11 18:59:30,453 Component on port 5008 is up
2024-06-11 18:59:30,454 Component on port 5009 is up
2024-06-11 18:59:30,455 Component on port 5010 is up
2024-06-11 18:59:35,460 Component on port 5008 is up
2024-06-11 18:59:35,461 Component on port 5009 is up
2024-06-11 18:59:35,462 Component on port 5010 is up
2024-06-11 18:59:40,465 Component on port 5008 is up
2024-06-11 18:59:40,466 Component on port 5009 is up
2024-06-11 18:59:40,466 Component on port 5010 is up
2024-06-11 18:59:45,470 Component on port 5008 is up
2024-06-11 18:59:45,471 Component on port 5009 is up
2024-06-11 18:59:45,472 Component on port 5010 is up
2024-06-11 18:59:50,484 Component on port 5008 is up
2024-06-11 18:59:50,485 Component on port 5009 is up
2024-06-11 18:59:50,486 Component on port 5010 is up
2024-06-11 18:59:55,490 Component on port 5008 is up
2024-06-11 18:59:55,492 Component on port 5009 is up
2024-06-11 18:59:55,493 Component on port 5010 is up
2024-06-11 19:00:00,496 Component on port 5008 is up
2024-06-11 19:00:00,497 Component on port 5009 is up
2024-06-11 19:00:00,499 Component on port 5010 is up
2024-06-11 19:00:05,503 Component on port 5008 is up
2024-06-11 19:00:05,504 Component on port 5009 is up
2024-06-11 19:00:05,505 Component on port 5010 is up
2024-06-11 19:00:10,508 Component on port 5008 is up
2024-06-11 19:00:10,509 Component on port 5009 is up
2024-06-11 19:00:10,510 Component on port 5010 is up
2024-06-11 19:00:15,518 Component on port 5008 is up
2024-06-11 19:00:15,519 Component on port 5009 is up
2024-06-11 19:00:15,520 Component on port 5010 is up
2024-06-11 19:00:20,522 Component on port 5008 is up
2024-06-11 19:00:20,523 Component on port 5009 is up
2024-06-11 19:00:20,525 Component on port 5010 is up
2024-06-11 19:00:25,531 Component on port 5008 is up
2024-06-11 19:00:25,532 Component on port 5009 is up
2024-06-11 19:00:25,533 Component on port 5010 is up
2024-06-11 19:00:30,540 Component on port 5008 is up
2024-06-11 19:00:30,541 Component on port 5009 is up
2024-06-11 19:00:30,542 Component on port 5010 is up
2024-06-11 19:00:35,545 Component on port 5008 is up
2024-06-11 19:00:35,547 Component on port 5009 is up
2024-06-11 19:00:35,549 Component on port 5010 is up
2024-06-11 19:00:40,552 Component on port 5008 is up
2024-06-11 19:00:40,554 Component on port 5009 is up
2024-06-11 19:00:40,556 Component on port 5010 is up
2024-06-11 19:00:45,558 Component on port 5008 is up
2024-06-11 19:00:45,559 Component on port 5009 is up
2024-06-11 19:00:45,561 Component on port 5010 is up
2024-06-11 19:00:50,570 Component on port 5008 is up
2024-06-11 19:00:50,571 Component on port 5009 is up
2024-06-11 19:00:50,572 Component on port 5010 is up
2024-06-11 19:00:55,582 Component on port 5008 is up
2024-06-11 19:00:55,584 Component on port 5009 is up
2024-06-11 19:00:55,586 Component on port 5010 is up
2024-06-11 19:01:00,592 Component on port 5008 is up
2024-06-11 19:01:00,593 Component on port 5009 is up
2024-06-11 19:01:00,594 Component on port 5010 is up
2024-06-11 19:01:05,597 Component on port 5008 is up
2024-06-11 19:01:05,598 Component on port 5009 is up
2024-06-11 19:01:05,599 Component on port 5010 is up
2024-06-11 19:01:10,615 Component on port 5008 is up
2024-06-11 19:01:10,616 Component on port 5009 is up
2024-06-11 19:01:10,618 Component on port 5010 is up
2024-06-11 19:01:15,627 Component on port 5008 is up
2024-06-11 19:01:15,628 Component on port 5009 is up
2024-06-11 19:01:15,629 Component on port 5010 is up
2024-06-11 19:01:20,638 Component on port 5008 is up
2024-06-11 19:01:20,639 Component on port 5009 is up
2024-06-11 19:01:20,640 Component on port 5010 is up
2024-06-11 19:01:25,643 Component on port 5008 is up
2024-06-11 19:01:25,644 Component on port 5009 is up
2024-06-11 19:01:25,645 Component on port 5010 is up
2024-06-11 19:01:30,654 Component on port 5008 is up
2024-06-11 19:01:30,655 Component on port 5009 is up
2024-06-11 19:01:30,657 Component on port 5010 is up
2024-06-11 19:01:35,664 Component on port 5008 is up
2024-06-11 19:01:35,665 Component on port 5009 is up
2024-06-11 19:01:35,666 Component on port 5010 is up
2024-06-11 19:01:40,677 Component on port 5008 is up
2024-06-11 19:01:40,678 Component on port 5009 is up
2024-06-11 19:01:40,680 Component on port 5010 is up
2024-06-11 19:01:45,693 Component on port 5008 is up
2024-06-11 19:01:45,694 Component on port 5009 is up
2024-06-11 19:01:45,695 Component on port 5010 is up
2024-06-11 19:01:50,700 Component on port 5008 is up
2024-06-11 19:01:50,702 Component on port 5009 is up
2024-06-11 19:01:50,706 Component on port 5010 is up
2024-06-11 19:01:55,717 Component on port 5008 is up
2024-06-11 19:01:55,718 Component on port 5009 is up
2024-06-11 19:01:55,721 Component on port 5010 is up
2024-06-11 19:02:00,729 Component on port 5008 is up
2024-06-11 19:02:00,730 Component on port 5009 is up
2024-06-11 19:02:00,731 Component on port 5010 is up
2024-06-11 19:02:05,750 Component on port 5008 is up
2024-06-11 19:02:05,759 Component on port 5009 is up
2024-06-11 19:02:05,761 Component on port 5010 is up
2024-06-11 19:02:10,768 Component on port 5008 is up
2024-06-11 19:02:10,772 Component on port 5009 is up
2024-06-11 19:02:10,774 Component on port 5010 is up
2024-06-11 19:02:15,777 Component on port 5008 is up
2024-06-11 19:02:15,779 Component on port 5009 is up
2024-06-11 19:02:15,781 Component on port 5010 is up
2024-06-11 19:02:20,208 Sent order: order red
2024-06-11 19:02:20,791 Component on port 5008 is up
2024-06-11 19:02:20,793 Component on port 5009 is up
2024-06-11 19:02:20,795 Component on port 5010 is up
2024-06-11 19:02:21,317 Sent order: order blue
2024-06-11 19:02:22,408 Sent order: order red
2024-06-11 19:02:23,682 Sent order: order blue
2024-06-11 19:02:25,802 Component on port 5008 is up
2024-06-11 19:02:25,805 Component on port 5009 is up
2024-06-11 19:02:25,807 Component on port 5010 is up
2024-06-11 19:02:30,819 Component on port 5008 is up
2024-06-11 19:02:30,823 Component on port 5009 is up
2024-06-11 19:02:30,825 Component on port 5010 is up
2024-06-11 19:02:35,828 Component on port 5008 is up
2024-06-11 19:02:35,830 Component on port 5009 is up
2024-06-11 19:02:35,833 Component on port 5010 is up
2024-06-11 19:02:40,849 Component on port 5008 is up
2024-06-11 19:02:40,854 Component on port 5009 is up
2024-06-11 19:02:40,861 Component on port 5010 is up
2024-06-11 19:02:45,882 Component on port 5008 is up
2024-06-11 19:02:45,886 Component on port 5009 is up
2024-06-11 19:02:45,892 Component on port 5010 is up
2024-06-11 19:02:50,903 Component on port 5008 is up
2024-06-11 19:02:50,909 Component on port 5009 is up
2024-06-11 19:02:50,913 Component on port 5010 is up
2024-06-11 19:02:55,932 Component on port 5008 is up
2024-06-11 19:02:55,938 Component on port 5009 is up
2024-06-11 19:02:55,945 Error pinging component on port 5010: [WinError 10048] Only one usage of each socket address (protocol/network address/port) is normally permitted
2024-06-11 19:03:00,955 Component on port 5008 is up
2024-06-11 19:03:00,957 Component on port 5009 is up
2024-06-11 19:03:00,968 Component on port 5010 is up
2024-06-11 19:03:05,977 Component on port 5008 is up
2024-06-11 19:03:05,980 Component on port 5009 is up
2024-06-11 19:03:05,986 Error pinging component on port 5010: [WinError 10048] Only one usage of each socket address (protocol/network address/port) is normally permitted
2024-06-11 19:03:10,996 Component on port 5008 is up
2024-06-11 19:03:10,997 Component on port 5009 is up
2024-06-11 19:03:10,999 Component on port 5010 is up
2024-06-11 19:03:16,012 Component on port 5008 is up
2024-06-11 19:03:16,017 Component on port 5009 is up
2024-06-11 19:03:16,024 Component on port 5010 is up
2024-06-11 19:03:21,037 Component on port 5008 is up
2024-06-11 19:03:21,042 Component on port 5009 is up
2024-06-11 19:03:21,049 Component on port 5010 is up
2024-06-11 19:03:26,063 Error pinging component on port 5008: [WinError 10048] Only one usage of each socket address (protocol/network address/port) is normally permitted
2024-06-11 19:03:26,067 Error pinging component on port 5009: [WinError 10048] Only one usage of each socket address (protocol/network address/port) is normally permitted
2024-06-11 19:03:26,071 Error pinging component on port 5010: [WinError 10048] Only one usage of each socket address (protocol/network address/port) is normally permitted
2024-06-11 19:03:31,086 Component on port 5008 is up
2024-06-11 19:03:31,091 Error pinging component on port 5009: [WinError 10048] Only one usage of each socket address (protocol/network address/port) is normally permitted
2024-06-11 19:03:31,095 Error pinging component on port 5010: [WinError 10048] Only one usage of each socket address (protocol/network address/port) is normally permitted
2024-06-11 19:03:36,107 Component on port 5008 is up
2024-06-11 19:03:36,109 Component on port 5009 is up
2024-06-11 19:03:36,110 Component on port 5010 is up
2024-06-11 19:03:41,121 Component on port 5008 is up
2024-06-11 19:03:41,126 Component on port 5009 is up
2024-06-11 19:03:41,132 Component on port 5010 is up
2024-06-11 19:03:46,141 Component on port 5008 is up
2024-06-11 19:03:46,143 Component on port 5009 is up
2024-06-11 19:03:46,145 Component on port 5010 is up
2024-06-11 19:03:51,151 Component on port 5008 is up
2024-06-11 19:03:51,155 Component on port 5009 is up
2024-06-11 19:03:51,162 Component on port 5010 is up
2024-06-11 19:03:56,172 Component on port 5008 is up
2024-06-11 19:03:56,173 Component on port 5009 is up
2024-06-11 19:03:56,174 Component on port 5010 is up
2024-06-11 19:04:01,179 Component on port 5008 is up
2024-06-11 19:04:01,183 Error pinging component on port 5009: [WinError 10048] Only one usage of each socket address (protocol/network address/port) is normally permitted
2024-06-11 19:04:01,190 Component on port 5010 is up
2024-06-11 19:04:06,202 Component on port 5008 is up
2024-06-11 19:04:06,203 Component on port 5009 is up
2024-06-11 19:04:06,204 Component on port 5010 is up
2024-06-11 19:04:11,209 Component on port 5008 is up
2024-06-11 19:04:11,210 Component on port 5009 is up
2024-06-11 19:04:11,211 Component on port 5010 is up
2024-06-11 19:04:16,215 Component on port 5008 is up
2024-06-11 19:04:16,216 Component on port 5009 is up
2024-06-11 19:04:16,218 Component on port 5010 is up
2024-06-11 19:04:21,233 Component on port 5008 is up
2024-06-11 19:04:21,234 Component on port 5009 is up
2024-06-11 19:04:21,236 Component on port 5010 is up
2024-06-11 19:04:26,250 Component on port 5008 is up
2024-06-11 19:04:26,251 Component on port 5009 is up
2024-06-11 19:04:26,252 Component on port 5010 is up
2024-06-11 19:04:31,255 Component on port 5008 is up
2024-06-11 19:04:31,256 Component on port 5009 is up
2024-06-11 19:04:31,258 Component on port 5010 is up
2024-06-11 19:04:36,262 Component on port 5008 is up
2024-06-11 19:04:36,263 Component on port 5009 is up
2024-06-11 19:04:36,264 Component on port 5010 is up
2024-06-11 19:04:41,269 Component on port 5008 is up
2024-06-11 19:04:41,270 Component on port 5009 is up
2024-06-11 19:04:41,271 Component on port 5010 is up
2024-06-11 19:04:46,276 Component on port 5008 is up
2024-06-11 19:04:46,276 Component on port 5009 is up
2024-06-11 19:04:46,277 Component on port 5010 is up
2024-06-11 19:04:51,289 Component on port 5008 is up
2024-06-11 19:04:51,291 Component on port 5009 is up
2024-06-11 19:04:51,292 Component on port 5010 is up
