2024-06-11 22:19:02,209 DEBUG Starting TradingApp
2024-06-11 22:19:02,325 DEBUG Starting MarketDataListener
2024-06-11 22:19:02,325 DEBUG Initializing MarketDataListener
2024-06-11 22:19:02,326 INFO Socket bound to ('', 5007)
2024-06-11 22:19:02,326 INFO MarketDataListener joined multicast group 224.1.1.1 on port 5007
2024-06-11 22:19:02,327 DEBUG MarketDataListener thread started
2024-06-11 22:19:02,332 DEBUG Updating status lights
2024-06-11 22:19:02,332 DEBUG Checking dependencies
2024-06-11 22:19:02,332 DEBUG Pinging component on port 5008
2024-06-11 22:19:02,332 INFO Trying to connect to localhost:5008
2024-06-11 22:19:04,362 DEBUG Component on port 5008 is down
2024-06-11 22:19:04,362 DEBUG Component OrderRouter status: down
2024-06-11 22:19:04,362 DEBUG Pinging component on port 5009
2024-06-11 22:19:04,362 INFO Trying to connect to localhost:5009
2024-06-11 22:19:06,384 DEBUG Component on port 5009 is down
2024-06-11 22:19:06,384 DEBUG Component FIXEngine status: down
2024-06-11 22:19:06,384 DEBUG Pinging component on port 5010
2024-06-11 22:19:06,384 INFO Trying to connect to localhost:5010
2024-06-11 22:19:08,415 DEBUG Component on port 5010 is down
2024-06-11 22:19:08,416 DEBUG Component MarketSimulator status: down
2024-06-11 22:19:08,417 DEBUG Checking market data multicast
2024-06-11 22:19:09,421 ERROR Failed to receive multicast data within the timeout period
2024-06-11 22:19:09,426 DEBUG MarketData component status: down
2024-06-11 22:19:09,427 DEBUG Checking dependencies
2024-06-11 22:19:09,427 DEBUG Pinging component on port 5008
2024-06-11 22:19:09,427 INFO Trying to connect to localhost:5008
2024-06-11 22:19:11,461 DEBUG Component on port 5008 is down
2024-06-11 22:19:11,462 DEBUG Component OrderRouter status: down
2024-06-11 22:19:11,462 DEBUG Pinging component on port 5009
2024-06-11 22:19:11,463 INFO Trying to connect to localhost:5009
2024-06-11 22:19:13,480 DEBUG Component on port 5009 is down
2024-06-11 22:19:13,480 DEBUG Component FIXEngine status: down
2024-06-11 22:19:13,480 DEBUG Pinging component on port 5010
2024-06-11 22:19:13,481 INFO Trying to connect to localhost:5010
2024-06-11 22:19:15,497 DEBUG Component on port 5010 is down
2024-06-11 22:19:15,497 DEBUG Component MarketSimulator status: down
2024-06-11 22:19:15,498 DEBUG Checking market data multicast
2024-06-11 22:19:16,506 ERROR Failed to receive multicast data within the timeout period
2024-06-11 22:19:16,506 DEBUG MarketData component status: down
2024-06-11 22:19:16,507 DEBUG Updating market data display
2024-06-11 22:19:16,507 DEBUG Updating status lights
2024-06-11 22:19:16,507 DEBUG Checking dependencies
2024-06-11 22:19:16,507 DEBUG Pinging component on port 5008
2024-06-11 22:19:16,507 INFO Trying to connect to localhost:5008
2024-06-11 22:19:18,527 DEBUG Component on port 5008 is down
2024-06-11 22:19:18,527 DEBUG Component OrderRouter status: down
2024-06-11 22:19:18,527 DEBUG Pinging component on port 5009
2024-06-11 22:19:18,528 INFO Trying to connect to localhost:5009
2024-06-11 22:19:20,565 DEBUG Component on port 5009 is down
2024-06-11 22:19:20,565 DEBUG Component FIXEngine status: down
2024-06-11 22:19:20,566 DEBUG Pinging component on port 5010
2024-06-11 22:19:20,566 INFO Trying to connect to localhost:5010
2024-06-11 22:19:22,596 INFO Trading App interrupted and exiting gracefully.
2024-06-11 22:19:22,617 DEBUG Starting TradingApp
2024-06-11 22:19:22,714 DEBUG Starting MarketDataListener
2024-06-11 22:19:22,714 DEBUG Initializing MarketDataListener
2024-06-11 22:19:22,714 INFO Socket bound to ('', 5007)
2024-06-11 22:19:22,715 INFO MarketDataListener joined multicast group 224.1.1.1 on port 5007
2024-06-11 22:19:22,715 DEBUG MarketDataListener thread started
2024-06-11 22:19:22,718 DEBUG Updating status lights
2024-06-11 22:19:22,718 DEBUG Checking dependencies
2024-06-11 22:19:22,718 DEBUG Pinging component on port 5008
2024-06-11 22:19:22,718 INFO Trying to connect to localhost:5008
2024-06-11 22:19:24,758 INFO Trading App interrupted and exiting gracefully.
2024-06-11 22:19:24,774 DEBUG Starting TradingApp
2024-06-11 22:19:24,882 DEBUG Starting MarketDataListener
2024-06-11 22:19:24,882 DEBUG Initializing MarketDataListener
2024-06-11 22:19:24,882 INFO Socket bound to ('', 5007)
2024-06-11 22:19:24,882 INFO MarketDataListener joined multicast group 224.1.1.1 on port 5007
2024-06-11 22:19:24,883 DEBUG MarketDataListener thread started
2024-06-11 22:19:24,885 DEBUG Updating status lights
2024-06-11 22:19:24,885 DEBUG Checking dependencies
2024-06-11 22:19:24,886 DEBUG Pinging component on port 5008
2024-06-11 22:19:24,886 INFO Trying to connect to localhost:5008
2024-06-11 22:19:26,914 DEBUG Component on port 5008 is down
2024-06-11 22:19:26,914 DEBUG Component OrderRouter status: down
2024-06-11 22:19:26,915 DEBUG Pinging component on port 5009
2024-06-11 22:19:26,915 INFO Trying to connect to localhost:5009
2024-06-11 22:19:28,973 DEBUG Component on port 5009 is down
2024-06-11 22:19:28,973 DEBUG Component FIXEngine status: down
2024-06-11 22:19:28,974 DEBUG Pinging component on port 5010
2024-06-11 22:19:28,974 INFO Trying to connect to localhost:5010
2024-06-11 22:19:31,001 INFO Trading App interrupted and exiting gracefully.
