2024-06-10 22:57:23,437 MarketDataListener initialized and joined multicast group
2024-06-10 22:57:24,274 Received market data message: blue
2024-06-10 22:57:25,475 Component on port 5008 is down
2024-06-10 22:57:26,278 Received market data message: blue
2024-06-10 22:57:27,524 Component on port 5009 is down
2024-06-10 22:57:28,292 Received market data message: blue
2024-06-10 22:57:29,555 Component on port 5010 is down
2024-06-10 22:57:29,559 Component on port 5008 is up
2024-06-10 22:57:29,560 Component on port 5009 is up
2024-06-10 22:57:30,307 Received market data message: red
2024-06-10 22:57:31,599 Component on port 5010 is down
2024-06-10 22:57:31,605 2024-06-10 22:57:31 - blue
2024-06-10 22:57:32,321 Received market data message: red
2024-06-10 22:57:32,606 2024-06-10 22:57:32 - blue
2024-06-10 22:57:33,324 Received market data message: red
2024-06-10 22:57:33,620 2024-06-10 22:57:33 - blue
2024-06-10 22:57:34,568 Component on port 5008 is up
2024-06-10 22:57:34,569 Component on port 5009 is up
2024-06-10 22:57:34,570 Component on port 5010 is up
2024-06-10 22:57:34,629 2024-06-10 22:57:34 - red
2024-06-10 22:57:35,336 Received market data message: red
2024-06-10 22:57:35,637 2024-06-10 22:57:35 - red
2024-06-10 22:57:36,651 2024-06-10 22:57:36 - red
2024-06-10 22:57:37,658 2024-06-10 22:57:37 - red
2024-06-10 22:57:38,352 Received market data message: red
2024-06-10 22:57:38,658 2024-06-10 22:57:38 - red
2024-06-10 22:57:39,578 Component on port 5008 is up
2024-06-10 22:57:39,579 Component on port 5009 is up
2024-06-10 22:57:39,580 Component on port 5010 is up
2024-06-10 22:57:40,357 Received market data message: blue
2024-06-10 22:57:42,360 Received market data message: red
2024-06-10 22:57:44,372 Received market data message: red
2024-06-10 22:57:44,592 Component on port 5008 is up
2024-06-10 22:57:44,594 Component on port 5009 is up
2024-06-10 22:57:44,594 Component on port 5010 is up
2024-06-10 22:57:44,686 2024-06-10 22:57:44 - blue
2024-06-10 22:57:45,693 2024-06-10 22:57:45 - red
2024-06-10 22:57:46,707 2024-06-10 22:57:46 - red
2024-06-10 22:57:47,375 Received market data message: red
2024-06-10 22:57:47,708 2024-06-10 22:57:47 - red
2024-06-10 22:57:49,602 Component on port 5008 is up
2024-06-10 22:57:49,603 Component on port 5009 is up
2024-06-10 22:57:49,604 Component on port 5010 is up
2024-06-10 22:57:50,386 Received market data message: red
2024-06-10 22:57:52,397 Received market data message: red
2024-06-10 22:57:53,407 Received market data message: blue
2024-06-10 22:57:53,718 2024-06-10 22:57:53 - red
2024-06-10 22:57:54,607 Component on port 5008 is up
2024-06-10 22:57:54,607 Component on port 5009 is up
2024-06-10 22:57:54,608 Component on port 5010 is up
2024-06-10 22:57:54,730 2024-06-10 22:57:54 - red
2024-06-10 22:57:55,744 2024-06-10 22:57:55 - blue
2024-06-10 22:57:56,417 Received market data message: red
2024-06-10 22:57:56,744 2024-06-10 22:57:56 - red
2024-06-10 22:57:58,432 Received market data message: red
2024-06-10 22:57:59,436 Received market data message: red
2024-06-10 22:57:59,613 Component on port 5008 is up
2024-06-10 22:57:59,613 Component on port 5009 is up
2024-06-10 22:57:59,615 Component on port 5010 is up
2024-06-10 22:58:00,445 Received market data message: blue
2024-06-10 22:58:01,456 Received market data message: red
2024-06-10 22:58:02,764 2024-06-10 22:58:02 - red
2024-06-10 22:58:03,459 Received market data message: red
2024-06-10 22:58:03,771 2024-06-10 22:58:03 - red
2024-06-10 22:58:04,473 Received market data message: red
2024-06-10 22:58:04,628 Component on port 5008 is up
2024-06-10 22:58:04,629 Component on port 5009 is up
2024-06-10 22:58:04,630 Component on port 5010 is up
2024-06-10 22:58:04,787 2024-06-10 22:58:04 - blue
2024-06-10 22:58:05,490 Received market data message: blue
2024-06-10 22:58:05,801 2024-06-10 22:58:05 - red
2024-06-10 22:58:06,495 Received market data message: red
2024-06-10 22:58:06,811 2024-06-10 22:58:06 - red
2024-06-10 22:58:07,815 2024-06-10 22:58:07 - red
2024-06-10 22:58:08,509 Received market data message: blue
2024-06-10 22:58:08,826 2024-06-10 22:58:08 - blue
2024-06-10 22:58:09,637 Component on port 5008 is up
2024-06-10 22:58:09,638 Component on port 5009 is up
2024-06-10 22:58:09,638 Component on port 5010 is up
2024-06-10 22:58:09,839 2024-06-10 22:58:09 - red
2024-06-10 22:58:10,842 2024-06-10 22:58:10 - blue
2024-06-10 22:58:11,517 Received market data message: blue
2024-06-10 22:58:11,848 2024-06-10 22:58:11 - blue
2024-06-10 22:58:13,521 Received market data message: red
2024-06-10 22:58:14,642 Component on port 5008 is up
2024-06-10 22:58:14,644 Component on port 5009 is up
2024-06-10 22:58:14,645 Component on port 5010 is up
2024-06-10 22:58:16,537 Received market data message: blue
2024-06-10 22:58:17,862 2024-06-10 22:58:17 - red
2024-06-10 22:58:18,538 Received market data message: blue
2024-06-10 22:58:18,867 2024-06-10 22:58:18 - blue
2024-06-10 22:58:19,657 Component on port 5008 is up
2024-06-10 22:58:19,659 Component on port 5009 is up
2024-06-10 22:58:19,660 Component on port 5010 is up
2024-06-10 22:58:19,875 2024-06-10 22:58:19 - blue
2024-06-10 22:58:21,541 Received market data message: red
2024-06-10 22:58:24,545 Received market data message: blue
2024-06-10 22:58:24,673 Component on port 5008 is up
2024-06-10 22:58:24,673 Component on port 5009 is up
2024-06-10 22:58:24,675 Component on port 5010 is up
2024-06-10 22:58:25,889 2024-06-10 22:58:25 - red
2024-06-10 22:58:26,891 2024-06-10 22:58:26 - blue
2024-06-10 22:58:27,550 Received market data message: red
2024-06-10 22:58:27,900 2024-06-10 22:58:27 - red
2024-06-10 22:58:29,687 Component on port 5008 is up
2024-06-10 22:58:29,688 Component on port 5009 is up
2024-06-10 22:58:29,689 Component on port 5010 is up
2024-06-10 22:58:30,555 Received market data message: blue
2024-06-10 22:58:32,559 Received market data message: red
2024-06-10 22:58:33,918 2024-06-10 22:58:33 - blue
2024-06-10 22:58:34,573 Received market data message: red
2024-06-10 22:58:34,700 Component on port 5008 is up
2024-06-10 22:58:34,703 Component on port 5009 is up
2024-06-10 22:58:34,706 Component on port 5010 is up
2024-06-10 22:58:34,932 2024-06-10 22:58:34 - red
2024-06-10 22:58:35,944 2024-06-10 22:58:35 - red
2024-06-10 22:58:36,576 Received market data message: blue
2024-06-10 22:58:36,952 2024-06-10 22:58:36 - blue
2024-06-10 22:58:39,579 Received market data message: red
2024-06-10 22:58:39,718 Component on port 5008 is up
2024-06-10 22:58:39,719 Component on port 5009 is up
2024-06-10 22:58:39,720 Component on port 5010 is up
2024-06-10 22:58:42,580 Received market data message: red
2024-06-10 22:58:42,973 2024-06-10 22:58:42 - red
2024-06-10 22:58:43,588 Received market data message: red
2024-06-10 22:58:43,982 2024-06-10 22:58:43 - red
2024-06-10 22:58:44,733 Component on port 5008 is up
2024-06-10 22:58:44,735 Component on port 5009 is up
2024-06-10 22:58:44,735 Component on port 5010 is up
2024-06-10 22:58:44,995 2024-06-10 22:58:44 - red
2024-06-10 22:58:46,595 Received market data message: red
2024-06-10 22:58:49,606 Received market data message: blue
2024-06-10 22:58:49,750 Component on port 5008 is up
2024-06-10 22:58:49,752 Component on port 5009 is up
2024-06-10 22:58:49,753 Component on port 5010 is up
2024-06-10 22:58:50,606 Received market data message: red
2024-06-10 22:58:50,998 2024-06-10 22:58:50 - red
2024-06-10 22:58:52,006 2024-06-10 22:58:52 - blue
2024-06-10 22:58:52,608 Received market data message: red
2024-06-10 22:58:53,016 2024-06-10 22:58:53 - red
2024-06-10 22:58:54,029 2024-06-10 22:58:54 - red
2024-06-10 22:58:54,763 Component on port 5008 is up
2024-06-10 22:58:54,764 Component on port 5009 is up
2024-06-10 22:58:54,765 Component on port 5010 is up
2024-06-10 22:58:55,618 Received market data message: blue
2024-06-10 22:58:57,625 Received market data message: red
2024-06-10 22:58:59,771 Component on port 5008 is up
2024-06-10 22:58:59,772 Component on port 5009 is up
2024-06-10 22:58:59,773 Component on port 5010 is up
2024-06-10 22:59:00,052 2024-06-10 22:59:00 - blue
2024-06-10 22:59:00,636 Received market data message: blue
2024-06-10 22:59:01,055 2024-06-10 22:59:01 - red
2024-06-10 22:59:01,641 Received market data message: blue
2024-06-10 22:59:02,066 2024-06-10 22:59:02 - blue
2024-06-10 22:59:03,077 2024-06-10 22:59:03 - blue
2024-06-10 22:59:03,654 Received market data message: blue
2024-06-10 22:59:04,093 2024-06-10 22:59:04 - blue
2024-06-10 22:59:04,785 Component on port 5008 is up
2024-06-10 22:59:04,787 Component on port 5009 is up
2024-06-10 22:59:04,788 Component on port 5010 is up
2024-06-10 22:59:06,668 Received market data message: red
2024-06-10 22:59:08,672 Received market data message: blue
2024-06-10 22:59:09,797 Component on port 5008 is up
2024-06-10 22:59:09,798 Component on port 5009 is up
2024-06-10 22:59:09,799 Component on port 5010 is up
2024-06-10 22:59:10,110 2024-06-10 22:59:10 - red
2024-06-10 22:59:10,687 Received market data message: red
2024-06-10 22:59:11,111 2024-06-10 22:59:11 - blue
2024-06-10 22:59:11,691 Received market data message: blue
2024-06-10 22:59:12,112 2024-06-10 22:59:12 - red
2024-06-10 22:59:13,127 2024-06-10 22:59:13 - blue
2024-06-10 22:59:14,705 Received market data message: blue
2024-06-10 22:59:14,816 Component on port 5008 is up
2024-06-10 22:59:14,819 Component on port 5009 is up
2024-06-10 22:59:14,820 Component on port 5010 is up
2024-06-10 22:59:15,720 Received market data message: red
2024-06-10 22:59:18,727 Received market data message: red
2024-06-10 22:59:19,155 2024-06-10 22:59:19 - blue
2024-06-10 22:59:19,832 Component on port 5008 is up
2024-06-10 22:59:19,833 Component on port 5009 is up
2024-06-10 22:59:19,834 Component on port 5010 is up
2024-06-10 22:59:20,161 2024-06-10 22:59:20 - red
2024-06-10 22:59:20,727 Received market data message: blue
2024-06-10 22:59:21,166 2024-06-10 22:59:21 - red
2024-06-10 22:59:22,166 2024-06-10 22:59:22 - blue
2024-06-10 22:59:22,733 Received market data message: blue
2024-06-10 22:59:23,177 2024-06-10 22:59:23 - blue
2024-06-10 22:59:23,745 Received market data message: red
2024-06-10 22:59:24,185 2024-06-10 22:59:24 - red
2024-06-10 22:59:24,847 Component on port 5008 is up
2024-06-10 22:59:24,848 Component on port 5009 is up
2024-06-10 22:59:24,849 Component on port 5010 is up
2024-06-10 22:59:25,759 Received market data message: red
2024-06-10 22:59:27,759 Received market data message: red
2024-06-10 22:59:29,855 Component on port 5008 is up
2024-06-10 22:59:29,856 Component on port 5009 is up
2024-06-10 22:59:29,857 Component on port 5010 is up
2024-06-10 22:59:30,202 2024-06-10 22:59:30 - red
2024-06-10 22:59:30,767 Received market data message: red
2024-06-10 22:59:31,208 2024-06-10 22:59:31 - red
2024-06-10 22:59:31,773 Received market data message: blue
2024-06-10 22:59:32,211 2024-06-10 22:59:32 - red
2024-06-10 22:59:33,216 2024-06-10 22:59:33 - blue
2024-06-10 22:59:33,781 Received market data message: red
2024-06-10 22:59:34,218 2024-06-10 22:59:34 - red
2024-06-10 22:59:34,865 Component on port 5008 is up
2024-06-10 22:59:34,866 Component on port 5009 is up
2024-06-10 22:59:34,867 Component on port 5010 is up
2024-06-10 22:59:35,792 Received market data message: red
2024-06-10 22:59:37,796 Received market data message: red
2024-06-10 22:59:39,880 Component on port 5008 is up
2024-06-10 22:59:39,882 Component on port 5009 is up
2024-06-10 22:59:39,883 Component on port 5010 is up
2024-06-10 22:59:40,237 2024-06-10 22:59:40 - red
2024-06-10 22:59:40,802 Received market data message: red
2024-06-10 22:59:41,238 2024-06-10 22:59:41 - red
2024-06-10 22:59:42,242 2024-06-10 22:59:42 - red
2024-06-10 22:59:42,805 Received market data message: red
2024-06-10 22:59:43,257 2024-06-10 22:59:43 - red
2024-06-10 22:59:44,813 Received market data message: blue
2024-06-10 22:59:44,892 Component on port 5008 is up
2024-06-10 22:59:44,895 Component on port 5009 is up
2024-06-10 22:59:44,895 Component on port 5010 is up
2024-06-10 22:59:46,829 Received market data message: red
2024-06-10 22:59:47,839 Received market data message: blue
2024-06-10 22:59:49,268 2024-06-10 22:59:49 - blue
2024-06-10 22:59:49,903 Component on port 5008 is up
2024-06-10 22:59:49,906 Component on port 5009 is up
2024-06-10 22:59:49,907 Component on port 5010 is up
2024-06-10 22:59:50,278 2024-06-10 22:59:50 - red
2024-06-10 22:59:50,844 Received market data message: blue
2024-06-10 22:59:51,286 2024-06-10 22:59:51 - blue
2024-06-10 22:59:52,301 2024-06-10 22:59:52 - blue
2024-06-10 22:59:52,849 Received market data message: red
2024-06-10 22:59:53,312 2024-06-10 22:59:53 - red
2024-06-10 22:59:54,855 Received market data message: blue
2024-06-10 22:59:54,919 Component on port 5008 is up
2024-06-10 22:59:54,919 Component on port 5009 is up
2024-06-10 22:59:54,920 Component on port 5010 is up
2024-06-10 22:59:56,861 Received market data message: red
2024-06-10 22:59:58,863 Received market data message: red
2024-06-10 22:59:59,320 2024-06-10 22:59:59 - blue
2024-06-10 22:59:59,937 Component on port 5008 is up
2024-06-10 22:59:59,938 Component on port 5009 is up
2024-06-10 22:59:59,938 Component on port 5010 is up
2024-06-10 23:00:00,323 2024-06-10 23:00:00 - red
2024-06-10 23:00:01,332 2024-06-10 23:00:01 - red
2024-06-10 23:00:01,878 Received market data message: blue
2024-06-10 23:00:02,333 2024-06-10 23:00:02 - blue
2024-06-10 23:00:03,889 Received market data message: red
2024-06-10 23:00:04,947 Component on port 5008 is up
2024-06-10 23:00:04,948 Component on port 5009 is up
2024-06-10 23:00:04,949 Component on port 5010 is up
2024-06-10 23:00:06,901 Received market data message: blue
2024-06-10 23:00:07,905 Received market data message: blue
2024-06-10 23:00:08,356 2024-06-10 23:00:08 - red
2024-06-10 23:00:08,905 Received market data message: blue
2024-06-10 23:00:09,372 2024-06-10 23:00:09 - blue
2024-06-10 23:00:09,953 Component on port 5008 is up
2024-06-10 23:00:09,954 Component on port 5009 is up
2024-06-10 23:00:09,955 Component on port 5010 is up
2024-06-10 23:00:10,379 2024-06-10 23:00:10 - blue
2024-06-10 23:00:11,389 2024-06-10 23:00:11 - blue
2024-06-10 23:00:11,906 Received market data message: blue
2024-06-10 23:00:12,406 2024-06-10 23:00:12 - blue
2024-06-10 23:00:14,918 Received market data message: red
2024-06-10 23:00:14,967 Component on port 5008 is up
2024-06-10 23:00:14,967 Component on port 5009 is up
2024-06-10 23:00:14,968 Component on port 5010 is up
2024-06-10 23:00:16,919 Received market data message: red
2024-06-10 23:00:18,420 2024-06-10 23:00:18 - red
2024-06-10 23:00:19,429 2024-06-10 23:00:19 - red
2024-06-10 23:00:19,929 Received market data message: red
2024-06-10 23:00:19,976 Component on port 5008 is up
2024-06-10 23:00:19,978 Component on port 5009 is up
2024-06-10 23:00:19,979 Component on port 5010 is up
2024-06-10 23:00:20,442 2024-06-10 23:00:20 - red
2024-06-10 23:00:21,937 Received market data message: blue
2024-06-10 23:00:22,946 Received market data message: red
2024-06-10 23:00:24,948 Received market data message: blue
2024-06-10 23:00:24,981 Component on port 5008 is up
2024-06-10 23:00:24,983 Component on port 5009 is up
2024-06-10 23:00:24,984 Component on port 5010 is up
2024-06-10 23:00:25,950 Received market data message: red
2024-06-10 23:00:26,454 2024-06-10 23:00:26 - blue
2024-06-10 23:00:27,461 2024-06-10 23:00:27 - red
2024-06-10 23:00:27,951 Received market data message: blue
2024-06-10 23:00:28,469 2024-06-10 23:00:28 - blue
2024-06-10 23:00:28,955 Received market data message: red
2024-06-10 23:00:29,484 2024-06-10 23:00:29 - red
2024-06-10 23:00:29,967 Received market data message: blue
2024-06-10 23:00:30,000 Component on port 5008 is up
2024-06-10 23:00:30,002 Component on port 5009 is up
2024-06-10 23:00:30,003 Component on port 5010 is up
2024-06-10 23:00:30,496 2024-06-10 23:00:30 - blue
2024-06-10 23:00:31,507 2024-06-10 23:00:31 - red
2024-06-10 23:00:32,511 2024-06-10 23:00:32 - blue
2024-06-10 23:00:32,978 Received market data message: blue
2024-06-10 23:00:33,523 2024-06-10 23:00:33 - blue
2024-06-10 23:00:35,015 Component on port 5008 is up
2024-06-10 23:00:35,019 Component on port 5009 is up
2024-06-10 23:00:35,019 Component on port 5010 is up
2024-06-10 23:00:35,981 Received market data message: red
2024-06-10 23:00:38,986 Received market data message: blue
2024-06-10 23:00:39,532 2024-06-10 23:00:39 - red
2024-06-10 23:00:40,001 Received market data message: blue
2024-06-10 23:00:40,032 Component on port 5008 is up
2024-06-10 23:00:40,033 Component on port 5009 is up
2024-06-10 23:00:40,033 Component on port 5010 is up
2024-06-10 23:00:40,534 2024-06-10 23:00:40 - blue
2024-06-10 23:00:41,542 2024-06-10 23:00:41 - blue
2024-06-10 23:00:42,016 Received market data message: blue
2024-06-10 23:00:42,551 2024-06-10 23:00:42 - blue
2024-06-10 23:00:45,018 Received market data message: red
2024-06-10 23:00:45,034 Component on port 5008 is up
2024-06-10 23:00:45,035 Component on port 5009 is up
2024-06-10 23:00:45,036 Component on port 5010 is up
2024-06-10 23:00:47,028 Received market data message: red
2024-06-10 23:00:48,039 Received market data message: blue
2024-06-10 23:00:48,554 2024-06-10 23:00:48 - red
2024-06-10 23:00:49,568 2024-06-10 23:00:49 - red
2024-06-10 23:00:50,042 Received market data message: blue
2024-06-10 23:00:50,043 Component on port 5008 is up
2024-06-10 23:00:50,043 Component on port 5009 is up
2024-06-10 23:00:50,044 Component on port 5010 is up
2024-06-10 23:00:50,579 2024-06-10 23:00:50 - blue
2024-06-10 23:00:51,593 2024-06-10 23:00:51 - blue
2024-06-10 23:00:52,045 Received market data message: blue
2024-06-10 23:00:52,600 2024-06-10 23:00:52 - blue
2024-06-10 23:00:55,056 Received market data message: red
2024-06-10 23:00:55,056 Component on port 5008 is up
2024-06-10 23:00:55,057 Component on port 5009 is up
2024-06-10 23:00:55,058 Component on port 5010 is up
2024-06-10 23:00:58,068 Received market data message: blue
2024-06-10 23:00:58,622 2024-06-10 23:00:58 - red
2024-06-10 23:00:59,626 2024-06-10 23:00:59 - blue
2024-06-10 23:01:00,062 Component on port 5008 is up
2024-06-10 23:01:00,063 Component on port 5009 is up
2024-06-10 23:01:00,064 Component on port 5010 is up
2024-06-10 23:01:01,080 Received market data message: red
2024-06-10 23:01:04,083 Received market data message: blue
2024-06-10 23:01:05,075 Component on port 5008 is up
2024-06-10 23:01:05,078 Component on port 5009 is up
2024-06-10 23:01:05,081 Component on port 5010 is up
2024-06-10 23:01:05,089 Received market data message: red
2024-06-10 23:01:05,627 2024-06-10 23:01:05 - red
2024-06-10 23:01:06,632 2024-06-10 23:01:06 - blue
2024-06-10 23:01:07,642 2024-06-10 23:01:07 - red
2024-06-10 23:01:08,095 Received market data message: red
2024-06-10 23:01:08,651 2024-06-10 23:01:08 - red
2024-06-10 23:01:10,092 Component on port 5008 is up
2024-06-10 23:01:10,093 Component on port 5009 is up
2024-06-10 23:01:10,094 Component on port 5010 is up
2024-06-10 23:01:10,107 Received market data message: blue
2024-06-10 23:01:12,121 Received market data message: red
2024-06-10 23:01:14,663 2024-06-10 23:01:14 - blue
2024-06-10 23:01:15,107 Component on port 5008 is up
2024-06-10 23:01:15,108 Component on port 5009 is up
2024-06-10 23:01:15,109 Component on port 5010 is up
2024-06-10 23:01:15,122 Received market data message: red
2024-06-10 23:01:15,678 2024-06-10 23:01:15 - red
2024-06-10 23:01:16,130 Received market data message: blue
2024-06-10 23:01:16,678 2024-06-10 23:01:16 - red
2024-06-10 23:01:17,682 2024-06-10 23:01:17 - blue
2024-06-10 23:01:18,139 Received market data message: red
2024-06-10 23:01:18,690 2024-06-10 23:01:18 - red
2024-06-10 23:01:20,117 Component on port 5008 is up
2024-06-10 23:01:20,118 Component on port 5009 is up
2024-06-10 23:01:20,119 Component on port 5010 is up
2024-06-10 23:01:21,151 Received market data message: blue
2024-06-10 23:01:23,167 Received market data message: red
2024-06-10 23:01:24,701 2024-06-10 23:01:24 - blue
2024-06-10 23:01:25,120 Component on port 5008 is up
2024-06-10 23:01:25,121 Component on port 5009 is up
2024-06-10 23:01:25,122 Component on port 5010 is up
2024-06-10 23:01:25,181 Received market data message: blue
2024-06-10 23:01:25,703 2024-06-10 23:01:25 - red
2024-06-10 23:01:26,192 Received market data message: blue
2024-06-10 23:01:26,706 2024-06-10 23:01:26 - blue
2024-06-10 23:01:27,715 2024-06-10 23:01:27 - blue
2024-06-10 23:01:29,207 Received market data message: red
2024-06-10 23:01:30,128 Component on port 5008 is up
2024-06-10 23:01:30,129 Component on port 5009 is up
2024-06-10 23:01:30,129 Component on port 5010 is up
2024-06-10 23:01:31,214 Received market data message: blue
2024-06-10 23:01:32,226 Received market data message: blue
2024-06-10 23:01:33,238 Received market data message: blue
2024-06-10 23:01:33,726 2024-06-10 23:01:33 - red
2024-06-10 23:01:34,245 Received market data message: blue
2024-06-10 23:01:34,734 2024-06-10 23:01:34 - blue
2024-06-10 23:01:35,142 Component on port 5008 is up
2024-06-10 23:01:35,145 Component on port 5009 is up
2024-06-10 23:01:35,148 Component on port 5010 is up
2024-06-10 23:01:35,735 2024-06-10 23:01:35 - blue
2024-06-10 23:01:36,252 Received market data message: red
2024-06-10 23:01:36,738 2024-06-10 23:01:36 - blue
2024-06-10 23:01:37,267 Received market data message: red
2024-06-10 23:01:37,753 2024-06-10 23:01:37 - blue
2024-06-10 23:01:38,760 2024-06-10 23:01:38 - red
2024-06-10 23:01:39,773 2024-06-10 23:01:39 - red
2024-06-10 23:01:40,161 Component on port 5008 is up
2024-06-10 23:01:40,162 Component on port 5009 is up
2024-06-10 23:01:40,163 Component on port 5010 is up
2024-06-10 23:01:40,271 Received market data message: red
2024-06-10 23:01:40,774 2024-06-10 23:01:40 - red
2024-06-10 23:01:43,279 Received market data message: blue
2024-06-10 23:01:45,176 Component on port 5008 is up
2024-06-10 23:01:45,177 Component on port 5009 is up
2024-06-10 23:01:45,178 Component on port 5010 is up
2024-06-10 23:01:46,286 Received market data message: blue
2024-06-10 23:01:46,794 2024-06-10 23:01:46 - blue
2024-06-10 23:01:47,795 2024-06-10 23:01:47 - blue
2024-06-10 23:01:49,293 Received market data message: blue
2024-06-10 23:01:50,185 Component on port 5008 is up
2024-06-10 23:01:50,187 Component on port 5009 is up
2024-06-10 23:01:50,188 Component on port 5010 is up
2024-06-10 23:01:50,309 Received market data message: blue
2024-06-10 23:01:52,323 Received market data message: blue
2024-06-10 23:01:53,331 Received market data message: red
2024-06-10 23:01:53,817 2024-06-10 23:01:53 - blue
2024-06-10 23:01:54,336 Received market data message: blue
2024-06-10 23:01:54,825 2024-06-10 23:01:54 - blue
2024-06-10 23:01:55,200 Component on port 5008 is up
2024-06-10 23:01:55,201 Component on port 5009 is up
2024-06-10 23:01:55,202 Component on port 5010 is up
2024-06-10 23:01:55,835 2024-06-10 23:01:55 - blue
2024-06-10 23:01:56,843 2024-06-10 23:01:56 - red
2024-06-10 23:01:57,351 Received market data message: blue
2024-06-10 23:01:57,858 2024-06-10 23:01:57 - blue
2024-06-10 23:01:58,863 2024-06-10 23:01:58 - blue
2024-06-10 23:01:59,352 Received market data message: blue
2024-06-10 23:01:59,868 2024-06-10 23:01:59 - blue
2024-06-10 23:02:00,215 Component on port 5008 is up
2024-06-10 23:02:00,216 Component on port 5009 is up
2024-06-10 23:02:00,217 Component on port 5010 is up
2024-06-10 23:02:00,356 Received market data message: blue
2024-06-10 23:02:00,870 2024-06-10 23:02:00 - blue
2024-06-10 23:02:03,370 Received market data message: blue
2024-06-10 23:02:05,223 Component on port 5008 is up
2024-06-10 23:02:05,223 Component on port 5009 is up
2024-06-10 23:02:05,224 Component on port 5010 is up
2024-06-10 23:02:06,376 Received market data message: blue
2024-06-10 23:02:06,894 2024-06-10 23:02:06 - blue
2024-06-10 23:02:07,383 Received market data message: red
2024-06-10 23:02:07,899 2024-06-10 23:02:07 - blue
2024-06-10 23:02:08,387 Received market data message: red
2024-06-10 23:02:08,907 2024-06-10 23:02:08 - red
2024-06-10 23:02:09,920 2024-06-10 23:02:09 - red
2024-06-10 23:02:10,235 Component on port 5008 is up
2024-06-10 23:02:10,239 Component on port 5009 is up
2024-06-10 23:02:10,240 Component on port 5010 is up
2024-06-10 23:02:11,391 Received market data message: red
2024-06-10 23:02:12,392 Received market data message: red
2024-06-10 23:02:15,248 Component on port 5008 is up
2024-06-10 23:02:15,249 Component on port 5009 is up
2024-06-10 23:02:15,250 Component on port 5010 is up
2024-06-10 23:02:15,405 Received market data message: red
2024-06-10 23:02:15,937 2024-06-10 23:02:15 - red
2024-06-10 23:02:16,938 2024-06-10 23:02:16 - red
2024-06-10 23:02:17,406 Received market data message: red
2024-06-10 23:02:17,944 2024-06-10 23:02:17 - red
2024-06-10 23:02:18,945 2024-06-10 23:02:18 - red
2024-06-10 23:02:19,416 Received market data message: blue
2024-06-10 23:02:19,953 2024-06-10 23:02:19 - blue
2024-06-10 23:02:20,252 Component on port 5008 is up
2024-06-10 23:02:20,253 Component on port 5009 is up
2024-06-10 23:02:20,254 Component on port 5010 is up
2024-06-10 23:02:21,429 Received market data message: red
2024-06-10 23:02:23,443 Received market data message: red
2024-06-10 23:02:25,264 Component on port 5008 is up
2024-06-10 23:02:25,265 Component on port 5009 is up
2024-06-10 23:02:25,266 Component on port 5010 is up
2024-06-10 23:02:25,451 Received market data message: blue
2024-06-10 23:02:25,967 2024-06-10 23:02:25 - red
2024-06-10 23:02:26,975 2024-06-10 23:02:26 - red
2024-06-10 23:02:27,462 Received market data message: blue
2024-06-10 23:02:27,976 2024-06-10 23:02:27 - blue
2024-06-10 23:02:28,987 2024-06-10 23:02:28 - blue
2024-06-10 23:02:29,471 Received market data message: blue
2024-06-10 23:02:29,992 2024-06-10 23:02:29 - blue
2024-06-10 23:02:30,278 Component on port 5008 is up
2024-06-10 23:02:30,279 Component on port 5009 is up
2024-06-10 23:02:30,281 Component on port 5010 is up
2024-06-10 23:02:30,482 Received market data message: blue
2024-06-10 23:02:30,999 2024-06-10 23:02:30 - blue
2024-06-10 23:02:31,498 Received market data message: red
2024-06-10 23:02:32,012 2024-06-10 23:02:32 - red
2024-06-10 23:02:33,510 Received market data message: red
2024-06-10 23:02:35,290 Component on port 5008 is up
2024-06-10 23:02:35,290 Component on port 5009 is up
2024-06-10 23:02:35,291 Component on port 5010 is up
2024-06-10 23:02:36,519 Received market data message: red
2024-06-10 23:02:37,530 Received market data message: blue
2024-06-10 23:02:38,030 2024-06-10 23:02:38 - red
2024-06-10 23:02:39,031 2024-06-10 23:02:39 - red
2024-06-10 23:02:39,537 Received market data message: blue
2024-06-10 23:02:40,042 2024-06-10 23:02:40 - blue
2024-06-10 23:02:40,295 Component on port 5008 is up
2024-06-10 23:02:40,295 Component on port 5009 is up
2024-06-10 23:02:40,296 Component on port 5010 is up
2024-06-10 23:02:40,549 Received market data message: red
2024-06-10 23:02:41,057 2024-06-10 23:02:41 - blue
2024-06-10 23:02:41,562 Received market data message: red
2024-06-10 23:02:42,068 2024-06-10 23:02:42 - red
2024-06-10 23:02:42,576 Received market data message: blue
2024-06-10 23:02:43,080 2024-06-10 23:02:43 - red
2024-06-10 23:02:43,582 Received market data message: red
2024-06-10 23:02:44,095 2024-06-10 23:02:44 - blue
2024-06-10 23:02:45,105 2024-06-10 23:02:45 - red
2024-06-10 23:02:45,308 Component on port 5008 is up
2024-06-10 23:02:45,311 Component on port 5009 is up
2024-06-10 23:02:45,313 Component on port 5010 is up
2024-06-10 23:02:46,584 Received market data message: blue
2024-06-10 23:02:47,592 Received market data message: red
2024-06-10 23:02:49,593 Received market data message: blue
2024-06-10 23:02:50,324 Component on port 5008 is up
2024-06-10 23:02:50,326 Component on port 5009 is up
2024-06-10 23:02:50,328 Component on port 5010 is up
2024-06-10 23:02:50,609 Received market data message: red
2024-06-10 23:02:51,115 2024-06-10 23:02:51 - blue
2024-06-10 23:02:52,116 2024-06-10 23:02:52 - red
2024-06-10 23:02:53,120 2024-06-10 23:02:53 - blue
2024-06-10 23:02:53,620 Received market data message: red
2024-06-10 23:02:54,121 2024-06-10 23:02:54 - red
2024-06-10 23:02:55,135 2024-06-10 23:02:55 - red
2024-06-10 23:02:55,337 Component on port 5008 is up
2024-06-10 23:02:55,337 Component on port 5009 is up
2024-06-10 23:02:55,338 Component on port 5010 is up
2024-06-10 23:02:56,630 Received market data message: red
2024-06-10 23:02:57,638 Received market data message: blue
2024-06-10 23:02:59,650 Received market data message: red
2024-06-10 23:03:00,342 Component on port 5008 is up
2024-06-10 23:03:00,343 Component on port 5009 is up
2024-06-10 23:03:00,343 Component on port 5010 is up
2024-06-10 23:03:01,160 2024-06-10 23:03:01 - red
2024-06-10 23:03:02,170 2024-06-10 23:03:02 - blue
2024-06-10 23:03:02,652 Received market data message: red
2024-06-10 23:03:03,176 2024-06-10 23:03:03 - red
2024-06-10 23:03:04,185 2024-06-10 23:03:04 - red
2024-06-10 23:03:04,656 Received market data message: blue
2024-06-10 23:03:05,187 2024-06-10 23:03:05 - blue
2024-06-10 23:03:05,346 Component on port 5008 is up
2024-06-10 23:03:05,349 Component on port 5009 is up
2024-06-10 23:03:05,349 Component on port 5010 is up
2024-06-10 23:03:06,670 Received market data message: red
2024-06-10 23:03:08,679 Received market data message: blue
2024-06-10 23:03:10,357 Component on port 5008 is up
2024-06-10 23:03:10,360 Component on port 5009 is up
2024-06-10 23:03:10,362 Component on port 5010 is up
2024-06-10 23:03:10,683 Received market data message: blue
2024-06-10 23:03:11,195 2024-06-10 23:03:11 - red
2024-06-10 23:03:12,208 2024-06-10 23:03:12 - blue
2024-06-10 23:03:13,219 2024-06-10 23:03:13 - blue
2024-06-10 23:03:13,693 Received market data message: red
2024-06-10 23:03:14,228 2024-06-10 23:03:14 - red
2024-06-10 23:03:14,700 Received market data message: blue
2024-06-10 23:03:15,230 2024-06-10 23:03:15 - blue
2024-06-10 23:03:15,371 Component on port 5008 is up
2024-06-10 23:03:15,372 Component on port 5009 is up
2024-06-10 23:03:15,373 Component on port 5010 is up
2024-06-10 23:03:17,704 Received market data message: blue
2024-06-10 23:03:18,706 Received market data message: red
2024-06-10 23:03:20,387 Component on port 5008 is up
2024-06-10 23:03:20,388 Component on port 5009 is up
2024-06-10 23:03:20,389 Component on port 5010 is up
2024-06-10 23:03:20,716 Received market data message: red
2024-06-10 23:03:21,239 2024-06-10 23:03:21 - blue
2024-06-10 23:03:21,729 Received market data message: blue
2024-06-10 23:03:22,251 2024-06-10 23:03:22 - red
2024-06-10 23:03:22,741 Received market data message: red
2024-06-10 23:03:23,264 2024-06-10 23:03:23 - red
2024-06-10 23:03:24,265 2024-06-10 23:03:24 - blue
2024-06-10 23:03:24,742 Received market data message: blue
2024-06-10 23:03:25,279 2024-06-10 23:03:25 - red
2024-06-10 23:03:25,405 Component on port 5008 is up
2024-06-10 23:03:25,406 Component on port 5009 is up
2024-06-10 23:03:25,407 Component on port 5010 is up
2024-06-10 23:03:25,753 Received market data message: blue
2024-06-10 23:03:26,287 2024-06-10 23:03:26 - blue
2024-06-10 23:03:27,289 2024-06-10 23:03:27 - blue
2024-06-10 23:03:28,764 Received market data message: blue
2024-06-10 23:03:30,417 Component on port 5008 is up
2024-06-10 23:03:30,418 Component on port 5009 is up
2024-06-10 23:03:30,419 Component on port 5010 is up
2024-06-10 23:03:31,778 Received market data message: blue
2024-06-10 23:03:33,298 2024-06-10 23:03:33 - blue
2024-06-10 23:03:34,311 2024-06-10 23:03:34 - blue
2024-06-10 23:03:34,782 Received market data message: blue
2024-06-10 23:03:35,313 2024-06-10 23:03:35 - blue
2024-06-10 23:03:35,425 Component on port 5008 is up
2024-06-10 23:03:35,427 Component on port 5009 is up
2024-06-10 23:03:35,428 Component on port 5010 is up
2024-06-10 23:03:35,787 Received market data message: red
2024-06-10 23:03:36,320 2024-06-10 23:03:36 - red
2024-06-10 23:03:36,800 Received market data message: blue
2024-06-10 23:03:37,328 2024-06-10 23:03:37 - blue
2024-06-10 23:03:39,809 Received market data message: red
2024-06-10 23:03:40,436 Component on port 5008 is up
2024-06-10 23:03:40,437 Component on port 5009 is up
2024-06-10 23:03:40,438 Component on port 5010 is up
2024-06-10 23:03:42,823 Received market data message: red
2024-06-10 23:03:43,338 2024-06-10 23:03:43 - red
2024-06-10 23:03:43,836 Received market data message: blue
2024-06-10 23:03:44,346 2024-06-10 23:03:44 - red
2024-06-10 23:03:44,837 Received market data message: red
2024-06-10 23:03:45,354 2024-06-10 23:03:45 - blue
2024-06-10 23:03:45,450 Component on port 5008 is up
2024-06-10 23:03:45,452 Component on port 5009 is up
2024-06-10 23:03:45,452 Component on port 5010 is up
2024-06-10 23:03:46,366 2024-06-10 23:03:46 - red
2024-06-10 23:03:47,852 Received market data message: blue
2024-06-10 23:03:48,861 Received market data message: blue
2024-06-10 23:03:49,867 Received market data message: blue
2024-06-10 23:03:50,468 Component on port 5008 is up
2024-06-10 23:03:50,469 Component on port 5009 is up
2024-06-10 23:03:50,470 Component on port 5010 is up
2024-06-10 23:03:50,869 Received market data message: blue
2024-06-10 23:03:52,381 2024-06-10 23:03:52 - blue
2024-06-10 23:03:53,384 2024-06-10 23:03:53 - blue
2024-06-10 23:03:53,882 Received market data message: blue
2024-06-10 23:03:54,391 2024-06-10 23:03:54 - blue
2024-06-10 23:03:55,399 2024-06-10 23:03:55 - blue
2024-06-10 23:03:55,479 Component on port 5008 is up
2024-06-10 23:03:55,481 Component on port 5009 is up
2024-06-10 23:03:55,482 Component on port 5010 is up
2024-06-10 23:03:56,407 2024-06-10 23:03:56 - blue
2024-06-10 23:03:56,892 Received market data message: blue
2024-06-10 23:03:57,418 2024-06-10 23:03:57 - blue
2024-06-10 23:03:58,902 Received market data message: red
2024-06-10 23:03:59,904 Received market data message: red
2024-06-10 23:04:00,491 Component on port 5008 is up
2024-06-10 23:04:00,492 Component on port 5009 is up
2024-06-10 23:04:00,494 Component on port 5010 is up
2024-06-10 23:04:01,913 Received market data message: blue
2024-06-10 23:04:03,425 2024-06-10 23:04:03 - red
2024-06-10 23:04:03,924 Received market data message: red
2024-06-10 23:04:04,440 2024-06-10 23:04:04 - red
2024-06-10 23:04:05,444 2024-06-10 23:04:05 - blue
2024-06-10 23:04:05,506 Component on port 5008 is up
2024-06-10 23:04:05,507 Component on port 5009 is up
2024-06-10 23:04:05,508 Component on port 5010 is up
2024-06-10 23:04:06,452 2024-06-10 23:04:06 - red
2024-06-10 23:04:06,937 Received market data message: red
2024-06-10 23:04:07,453 2024-06-10 23:04:07 - red
2024-06-10 23:04:09,939 Received market data message: blue
2024-06-10 23:04:10,511 Component on port 5008 is up
2024-06-10 23:04:10,512 Component on port 5009 is up
2024-06-10 23:04:10,513 Component on port 5010 is up
2024-06-10 23:04:10,951 Received market data message: red
2024-06-10 23:04:11,953 Received market data message: blue
2024-06-10 23:04:13,463 2024-06-10 23:04:13 - blue
2024-06-10 23:04:14,471 2024-06-10 23:04:14 - red
2024-06-10 23:04:14,962 Received market data message: red
2024-06-10 23:04:15,481 2024-06-10 23:04:15 - blue
2024-06-10 23:04:15,516 Component on port 5008 is up
2024-06-10 23:04:15,518 Component on port 5009 is up
2024-06-10 23:04:15,521 Component on port 5010 is up
2024-06-10 23:04:15,968 Received market data message: red
2024-06-10 23:04:16,490 2024-06-10 23:04:16 - red
2024-06-10 23:04:17,498 2024-06-10 23:04:17 - red
2024-06-10 23:04:18,982 Received market data message: blue
2024-06-10 23:04:20,524 Component on port 5008 is up
2024-06-10 23:04:20,526 Component on port 5009 is up
2024-06-10 23:04:20,527 Component on port 5010 is up
2024-06-10 23:04:20,994 Received market data message: blue
2024-06-10 23:04:23,513 2024-06-10 23:04:23 - blue
2024-06-10 23:04:24,003 Received market data message: red
2024-06-10 23:04:24,520 2024-06-10 23:04:24 - blue
2024-06-10 23:04:25,532 2024-06-10 23:04:25 - red
2024-06-10 23:04:25,535 Component on port 5008 is up
2024-06-10 23:04:25,538 Component on port 5009 is up
2024-06-10 23:04:25,540 Component on port 5010 is up
2024-06-10 23:04:27,009 Received market data message: red
2024-06-10 23:04:29,017 Received market data message: blue
2024-06-10 23:04:30,546 Component on port 5008 is up
2024-06-10 23:04:30,549 Component on port 5009 is up
2024-06-10 23:04:30,549 Component on port 5010 is up
2024-06-10 23:04:31,030 Received market data message: blue
2024-06-10 23:04:31,537 2024-06-10 23:04:31 - red
2024-06-10 23:04:32,547 2024-06-10 23:04:32 - blue
2024-06-10 23:04:33,561 2024-06-10 23:04:33 - blue
2024-06-10 23:04:34,032 Received market data message: red
2024-06-10 23:04:34,570 2024-06-10 23:04:34 - red
2024-06-10 23:04:35,043 Received market data message: blue
2024-06-10 23:04:35,560 Component on port 5008 is up
2024-06-10 23:04:35,561 Component on port 5009 is up
2024-06-10 23:04:35,562 Component on port 5010 is up
2024-06-10 23:04:35,575 2024-06-10 23:04:35 - blue
2024-06-10 23:04:36,044 Received market data message: blue
2024-06-10 23:04:36,589 2024-06-10 23:04:36 - blue
2024-06-10 23:04:38,054 Received market data message: blue
2024-06-10 23:04:39,054 Received market data message: red
2024-06-10 23:04:40,567 Component on port 5008 is up
2024-06-10 23:04:40,568 Component on port 5009 is up
2024-06-10 23:04:40,570 Component on port 5010 is up
2024-06-10 23:04:41,068 Received market data message: blue
2024-06-10 23:04:42,072 Received market data message: blue
2024-06-10 23:04:42,606 2024-06-10 23:04:42 - blue
2024-06-10 23:04:43,612 2024-06-10 23:04:43 - red
2024-06-10 23:04:44,617 2024-06-10 23:04:44 - blue
2024-06-10 23:04:45,072 Received market data message: red
2024-06-10 23:04:45,576 Component on port 5008 is up
2024-06-10 23:04:45,577 Component on port 5009 is up
2024-06-10 23:04:45,578 Component on port 5010 is up
2024-06-10 23:04:45,623 2024-06-10 23:04:45 - blue
2024-06-10 23:04:46,080 Received market data message: blue
2024-06-10 23:04:46,627 2024-06-10 23:04:46 - red
2024-06-10 23:04:47,632 2024-06-10 23:04:47 - blue
2024-06-10 23:04:49,084 Received market data message: blue
2024-06-10 23:04:50,592 Component on port 5008 is up
2024-06-10 23:04:50,592 Component on port 5009 is up
2024-06-10 23:04:50,593 Component on port 5010 is up
2024-06-10 23:04:52,099 Received market data message: blue
2024-06-10 23:04:53,648 2024-06-10 23:04:53 - blue
2024-06-10 23:04:54,105 Received market data message: blue
2024-06-10 23:04:54,650 2024-06-10 23:04:54 - blue
2024-06-10 23:04:55,596 Component on port 5008 is up
2024-06-10 23:04:55,597 Component on port 5009 is up
2024-06-10 23:04:55,598 Component on port 5010 is up
2024-06-10 23:04:55,659 2024-06-10 23:04:55 - blue
2024-06-10 23:04:56,115 Received market data message: red
2024-06-10 23:04:56,663 2024-06-10 23:04:56 - red
2024-06-10 23:04:58,132 Received market data message: blue
2024-06-10 23:04:59,137 Received market data message: red
2024-06-10 23:05:00,143 Received market data message: red
2024-06-10 23:05:00,600 Component on port 5008 is up
2024-06-10 23:05:00,601 Component on port 5009 is up
2024-06-10 23:05:00,602 Component on port 5010 is up
2024-06-10 23:05:02,154 Received market data message: blue
2024-06-10 23:05:02,673 2024-06-10 23:05:02 - blue
2024-06-10 23:05:03,157 Received market data message: red
2024-06-10 23:05:03,689 2024-06-10 23:05:03 - red
2024-06-10 23:05:04,162 Received market data message: blue
2024-06-10 23:05:04,700 2024-06-10 23:05:04 - red
2024-06-10 23:05:05,608 Component on port 5008 is up
2024-06-10 23:05:05,609 Component on port 5009 is up
2024-06-10 23:05:05,610 Component on port 5010 is up
2024-06-10 23:05:05,700 2024-06-10 23:05:05 - blue
2024-06-10 23:05:06,710 2024-06-10 23:05:06 - red
2024-06-10 23:05:07,168 Received market data message: blue
2024-06-10 23:05:07,711 2024-06-10 23:05:07 - blue
2024-06-10 23:05:08,724 2024-06-10 23:05:08 - blue
2024-06-10 23:05:09,177 Received market data message: red
2024-06-10 23:05:09,730 2024-06-10 23:05:09 - red
2024-06-10 23:05:10,623 Component on port 5008 is up
2024-06-10 23:05:10,625 Component on port 5009 is up
2024-06-10 23:05:10,626 Component on port 5010 is up
2024-06-10 23:05:11,187 Received market data message: red
2024-06-10 23:05:12,198 Received market data message: red
2024-06-10 23:05:15,212 Received market data message: red
2024-06-10 23:05:15,637 Component on port 5008 is up
2024-06-10 23:05:15,637 Component on port 5009 is up
2024-06-10 23:05:15,638 Component on port 5010 is up
2024-06-10 23:05:15,759 2024-06-10 23:05:15 - red
2024-06-10 23:05:16,766 2024-06-10 23:05:16 - red
2024-06-10 23:05:17,771 2024-06-10 23:05:17 - red
2024-06-10 23:05:18,212 Received market data message: red
2024-06-10 23:05:18,776 2024-06-10 23:05:18 - red
2024-06-10 23:05:20,219 Received market data message: blue
2024-06-10 23:05:20,645 Component on port 5008 is up
2024-06-10 23:05:20,645 Component on port 5009 is up
2024-06-10 23:05:20,646 Component on port 5010 is up
2024-06-10 23:05:21,221 Received market data message: blue
2024-06-10 23:05:24,234 Received market data message: blue
2024-06-10 23:05:24,796 2024-06-10 23:05:24 - blue
2024-06-10 23:05:25,658 Component on port 5008 is up
2024-06-10 23:05:25,659 Component on port 5009 is up
2024-06-10 23:05:25,660 Component on port 5010 is up
2024-06-10 23:05:25,799 2024-06-10 23:05:25 - blue
2024-06-10 23:05:26,237 Received market data message: red
2024-06-10 23:05:26,804 2024-06-10 23:05:26 - blue
2024-06-10 23:05:27,247 Received market data message: red
2024-06-10 23:05:27,807 2024-06-10 23:05:27 - red
2024-06-10 23:05:28,251 Received market data message: blue
2024-06-10 23:05:28,815 2024-06-10 23:05:28 - red
2024-06-10 23:05:29,256 Received market data message: blue
2024-06-10 23:05:29,820 2024-06-10 23:05:29 - blue
2024-06-10 23:05:30,667 Component on port 5008 is up
2024-06-10 23:05:30,668 Component on port 5009 is up
2024-06-10 23:05:30,670 Component on port 5010 is up
2024-06-10 23:05:30,822 2024-06-10 23:05:30 - blue
2024-06-10 23:05:31,262 Received market data message: red
2024-06-10 23:05:31,824 2024-06-10 23:05:31 - red
2024-06-10 23:05:33,277 Received market data message: blue
2024-06-10 23:05:35,278 Received market data message: red
2024-06-10 23:05:35,686 Component on port 5008 is up
2024-06-10 23:05:35,688 Component on port 5009 is up
2024-06-10 23:05:35,690 Component on port 5010 is up
2024-06-10 23:05:37,837 2024-06-10 23:05:37 - blue
2024-06-10 23:05:38,294 Received market data message: blue
2024-06-10 23:05:38,840 2024-06-10 23:05:38 - red
2024-06-10 23:05:39,854 2024-06-10 23:05:39 - blue
2024-06-10 23:05:40,295 Received market data message: blue
2024-06-10 23:05:40,691 Component on port 5008 is up
2024-06-10 23:05:40,692 Component on port 5009 is up
2024-06-10 23:05:40,693 Component on port 5010 is up
2024-06-10 23:05:40,864 2024-06-10 23:05:40 - blue
2024-06-10 23:05:43,301 Received market data message: red
2024-06-10 23:05:45,313 Received market data message: blue
2024-06-10 23:05:45,704 Component on port 5008 is up
2024-06-10 23:05:45,705 Component on port 5009 is up
2024-06-10 23:05:45,707 Component on port 5010 is up
2024-06-10 23:05:46,328 Received market data message: red
2024-06-10 23:05:46,882 2024-06-10 23:05:46 - red
2024-06-10 23:05:47,340 Received market data message: red
2024-06-10 23:05:47,888 2024-06-10 23:05:47 - blue
2024-06-10 23:05:48,354 Received market data message: blue
2024-06-10 23:05:48,899 2024-06-10 23:05:48 - red
2024-06-10 23:05:49,356 Received market data message: red
2024-06-10 23:05:49,905 2024-06-10 23:05:49 - red
2024-06-10 23:05:50,359 Received market data message: blue
2024-06-10 23:05:50,708 Component on port 5008 is up
2024-06-10 23:05:50,709 Component on port 5009 is up
2024-06-10 23:05:50,710 Component on port 5010 is up
2024-06-10 23:05:50,912 2024-06-10 23:05:50 - blue
2024-06-10 23:05:51,366 Received market data message: red
2024-06-10 23:05:51,918 2024-06-10 23:05:51 - red
2024-06-10 23:05:52,920 2024-06-10 23:05:52 - blue
2024-06-10 23:05:53,372 Received market data message: red
2024-06-10 23:05:53,927 2024-06-10 23:05:53 - red
2024-06-10 23:05:54,941 2024-06-10 23:05:54 - red
2024-06-10 23:05:55,385 Received market data message: blue
2024-06-10 23:05:55,719 Component on port 5008 is up
2024-06-10 23:05:55,722 Component on port 5009 is up
2024-06-10 23:05:55,724 Component on port 5010 is up
2024-06-10 23:05:55,949 2024-06-10 23:05:55 - blue
2024-06-10 23:05:57,397 Received market data message: blue
2024-06-10 23:05:58,408 Received market data message: blue
2024-06-10 23:06:00,734 Component on port 5008 is up
2024-06-10 23:06:00,735 Component on port 5009 is up
2024-06-10 23:06:00,735 Component on port 5010 is up
2024-06-10 23:06:01,420 Received market data message: red
2024-06-10 23:06:01,965 2024-06-10 23:06:01 - blue
2024-06-10 23:06:02,975 2024-06-10 23:06:02 - blue
2024-06-10 23:06:03,987 2024-06-10 23:06:03 - red
2024-06-10 23:06:04,433 Received market data message: red
2024-06-10 23:06:05,014 2024-06-10 23:06:05 - red
2024-06-10 23:06:05,748 Component on port 5008 is up
2024-06-10 23:06:05,749 Component on port 5009 is up
2024-06-10 23:06:05,750 Component on port 5010 is up
2024-06-10 23:06:07,444 Received market data message: red
2024-06-10 23:06:09,459 Received market data message: red
2024-06-10 23:06:10,761 Component on port 5008 is up
2024-06-10 23:06:10,762 Component on port 5009 is up
2024-06-10 23:06:10,763 Component on port 5010 is up
2024-06-10 23:06:11,026 2024-06-10 23:06:11 - red
2024-06-10 23:06:11,460 Received market data message: red
2024-06-10 23:06:12,038 2024-06-10 23:06:12 - red
2024-06-10 23:06:13,049 2024-06-10 23:06:13 - red
2024-06-10 23:06:14,473 Received market data message: blue
2024-06-10 23:06:15,478 Received market data message: blue
2024-06-10 23:06:15,776 Component on port 5008 is up
2024-06-10 23:06:15,777 Component on port 5009 is up
2024-06-10 23:06:15,778 Component on port 5010 is up
2024-06-10 23:06:18,486 Received market data message: blue
2024-06-10 23:06:19,066 2024-06-10 23:06:19 - blue
2024-06-10 23:06:20,073 2024-06-10 23:06:20 - blue
2024-06-10 23:06:20,782 Component on port 5008 is up
2024-06-10 23:06:20,782 Component on port 5009 is up
2024-06-10 23:06:20,783 Component on port 5010 is up
2024-06-10 23:06:21,081 2024-06-10 23:06:21 - blue
2024-06-10 23:06:21,491 Received market data message: red
2024-06-10 23:06:22,104 2024-06-10 23:06:22 - red
2024-06-10 23:06:22,495 Received market data message: red
2024-06-10 23:06:23,104 2024-06-10 23:06:23 - red
2024-06-10 23:06:23,509 Received market data message: blue
2024-06-10 23:06:24,105 2024-06-10 23:06:24 - blue
2024-06-10 23:06:25,524 Received market data message: red
2024-06-10 23:06:25,793 Component on port 5008 is up
2024-06-10 23:06:25,794 Component on port 5009 is up
2024-06-10 23:06:25,796 Component on port 5010 is up
2024-06-10 23:06:28,529 Received market data message: red
2024-06-10 23:06:30,115 2024-06-10 23:06:30 - red
2024-06-10 23:06:30,540 Received market data message: red
2024-06-10 23:06:30,811 Component on port 5008 is up
2024-06-10 23:06:30,812 Component on port 5009 is up
2024-06-10 23:06:30,814 Component on port 5010 is up
2024-06-10 23:06:31,122 2024-06-10 23:06:31 - red
2024-06-10 23:06:32,132 2024-06-10 23:06:32 - red
2024-06-10 23:06:32,555 Received market data message: blue
2024-06-10 23:06:33,137 2024-06-10 23:06:33 - blue
2024-06-10 23:06:33,561 Received market data message: blue
2024-06-10 23:06:34,146 2024-06-10 23:06:34 - blue
2024-06-10 23:06:35,565 Received market data message: blue
2024-06-10 23:06:35,821 Component on port 5008 is up
2024-06-10 23:06:35,823 Component on port 5009 is up
2024-06-10 23:06:35,824 Component on port 5010 is up
2024-06-10 23:06:38,573 Received market data message: blue
2024-06-10 23:06:40,169 2024-06-10 23:06:40 - blue
2024-06-10 23:06:40,583 Received market data message: red
2024-06-10 23:06:40,838 Component on port 5008 is up
2024-06-10 23:06:40,840 Component on port 5009 is up
2024-06-10 23:06:40,841 Component on port 5010 is up
2024-06-10 23:06:41,184 2024-06-10 23:06:41 - blue
2024-06-10 23:06:42,193 2024-06-10 23:06:42 - red
2024-06-10 23:06:42,587 Received market data message: blue
2024-06-10 23:06:43,206 2024-06-10 23:06:43 - blue
2024-06-10 23:06:43,599 Received market data message: blue
2024-06-10 23:06:44,215 2024-06-10 23:06:44 - blue
2024-06-10 23:06:44,611 Received market data message: blue
2024-06-10 23:06:45,215 2024-06-10 23:06:45 - blue
2024-06-10 23:06:45,851 Component on port 5008 is up
2024-06-10 23:06:45,853 Component on port 5009 is up
2024-06-10 23:06:45,854 Component on port 5010 is up
2024-06-10 23:06:46,626 Received market data message: blue
2024-06-10 23:06:48,640 Received market data message: blue
2024-06-10 23:06:50,855 Component on port 5008 is up
2024-06-10 23:06:50,856 Component on port 5009 is up
2024-06-10 23:06:50,858 Component on port 5010 is up
2024-06-10 23:06:51,233 2024-06-10 23:06:51 - blue
2024-06-10 23:06:51,644 Received market data message: red
2024-06-10 23:06:52,246 2024-06-10 23:06:52 - blue
2024-06-10 23:06:53,260 2024-06-10 23:06:53 - red
2024-06-10 23:06:53,655 Received market data message: red
2024-06-10 23:06:54,274 2024-06-10 23:06:54 - red
2024-06-10 23:06:55,872 Component on port 5008 is up
2024-06-10 23:06:55,873 Component on port 5009 is up
2024-06-10 23:06:55,874 Component on port 5010 is up
2024-06-10 23:06:56,661 Received market data message: red
2024-06-10 23:06:59,661 Received market data message: red
2024-06-10 23:07:00,294 2024-06-10 23:07:00 - red
2024-06-10 23:07:00,883 Component on port 5008 is up
2024-06-10 23:07:00,885 Component on port 5009 is up
2024-06-10 23:07:00,886 Component on port 5010 is up
2024-06-10 23:07:01,308 2024-06-10 23:07:01 - red
2024-06-10 23:07:02,672 Received market data message: red
2024-06-10 23:07:03,684 Received market data message: red
2024-06-10 23:07:05,694 Received market data message: blue
2024-06-10 23:07:05,901 Component on port 5008 is up
2024-06-10 23:07:05,903 Component on port 5009 is up
2024-06-10 23:07:05,904 Component on port 5010 is up
2024-06-10 23:07:07,325 2024-06-10 23:07:07 - red
2024-06-10 23:07:08,338 2024-06-10 23:07:08 - red
2024-06-10 23:07:08,703 Received market data message: red
2024-06-10 23:07:09,353 2024-06-10 23:07:09 - blue
2024-06-10 23:07:10,357 2024-06-10 23:07:10 - red
2024-06-10 23:07:10,915 Component on port 5008 is up
2024-06-10 23:07:10,917 Component on port 5009 is up
2024-06-10 23:07:10,918 Component on port 5010 is up
2024-06-10 23:07:11,707 Received market data message: blue
2024-06-10 23:07:12,718 Received market data message: red
2024-06-10 23:07:14,728 Received market data message: blue
2024-06-10 23:07:15,928 Component on port 5008 is up
2024-06-10 23:07:15,929 Component on port 5009 is up
2024-06-10 23:07:15,934 Component on port 5010 is up
2024-06-10 23:07:16,383 2024-06-10 23:07:16 - blue
2024-06-10 23:07:17,385 2024-06-10 23:07:17 - red
2024-06-10 23:07:17,732 Received market data message: blue
2024-06-10 23:07:18,394 2024-06-10 23:07:18 - blue
2024-06-10 23:07:19,409 2024-06-10 23:07:19 - blue
2024-06-10 23:07:19,743 Received market data message: red
2024-06-10 23:07:20,419 2024-06-10 23:07:20 - red
2024-06-10 23:07:20,749 Received market data message: red
2024-06-10 23:07:20,939 Component on port 5008 is up
2024-06-10 23:07:20,940 Component on port 5009 is up
2024-06-10 23:07:20,942 Component on port 5010 is up
2024-06-10 23:07:21,432 2024-06-10 23:07:21 - red
2024-06-10 23:07:23,757 Received market data message: red
2024-06-10 23:07:24,768 Received market data message: red
2024-06-10 23:07:25,778 Received market data message: red
2024-06-10 23:07:25,952 Component on port 5008 is up
2024-06-10 23:07:25,954 Component on port 5009 is up
2024-06-10 23:07:25,955 Component on port 5010 is up
2024-06-10 23:07:27,454 2024-06-10 23:07:27 - red
2024-06-10 23:07:28,464 2024-06-10 23:07:28 - red
2024-06-10 23:07:28,779 Received market data message: red
2024-06-10 23:07:29,477 2024-06-10 23:07:29 - red
2024-06-10 23:07:30,488 2024-06-10 23:07:30 - red
2024-06-10 23:07:30,786 Received market data message: blue
2024-06-10 23:07:30,962 Component on port 5008 is up
2024-06-10 23:07:30,964 Component on port 5009 is up
2024-06-10 23:07:30,965 Component on port 5010 is up
2024-06-10 23:07:31,498 2024-06-10 23:07:31 - blue
2024-06-10 23:07:31,800 Received market data message: blue
2024-06-10 23:07:32,512 2024-06-10 23:07:32 - blue
2024-06-10 23:07:34,803 Received market data message: red
2024-06-10 23:07:35,809 Received market data message: red
2024-06-10 23:07:35,981 Component on port 5008 is up
2024-06-10 23:07:35,982 Component on port 5009 is up
2024-06-10 23:07:35,982 Component on port 5010 is up
2024-06-10 23:07:36,811 Received market data message: blue
2024-06-10 23:07:38,523 2024-06-10 23:07:38 - red
2024-06-10 23:07:39,528 2024-06-10 23:07:39 - red
2024-06-10 23:07:39,826 Received market data message: blue
2024-06-10 23:07:40,531 2024-06-10 23:07:40 - blue
2024-06-10 23:07:40,987 Component on port 5008 is up
2024-06-10 23:07:40,988 Component on port 5009 is up
2024-06-10 23:07:40,989 Component on port 5010 is up
2024-06-10 23:07:41,535 2024-06-10 23:07:41 - blue
2024-06-10 23:07:42,838 Received market data message: blue
2024-06-10 23:07:44,853 Received market data message: blue
2024-06-10 23:07:45,856 Received market data message: red
2024-06-10 23:07:45,997 Component on port 5008 is up
2024-06-10 23:07:45,998 Component on port 5009 is up
2024-06-10 23:07:45,999 Component on port 5010 is up
2024-06-10 23:07:47,549 2024-06-10 23:07:47 - blue
2024-06-10 23:07:48,558 2024-06-10 23:07:48 - blue
2024-06-10 23:07:48,858 Received market data message: blue
2024-06-10 23:07:49,562 2024-06-10 23:07:49 - red
2024-06-10 23:07:49,861 Received market data message: red
2024-06-10 23:07:50,571 2024-06-10 23:07:50 - blue
2024-06-10 23:07:50,869 Received market data message: red
2024-06-10 23:07:51,013 Component on port 5008 is up
2024-06-10 23:07:51,016 Component on port 5009 is up
2024-06-10 23:07:51,019 Component on port 5010 is up
2024-06-10 23:07:51,576 2024-06-10 23:07:51 - red
2024-06-10 23:07:51,874 Received market data message: blue
2024-06-10 23:07:52,578 2024-06-10 23:07:52 - red
2024-06-10 23:07:53,590 2024-06-10 23:07:53 - blue
2024-06-10 23:07:54,889 Received market data message: red
2024-06-10 23:07:56,031 Component on port 5008 is up
2024-06-10 23:07:56,033 Component on port 5009 is up
2024-06-10 23:07:56,035 Component on port 5010 is up
2024-06-10 23:07:56,893 Received market data message: red
2024-06-10 23:07:59,602 2024-06-10 23:07:59 - red
2024-06-10 23:07:59,896 Received market data message: red
2024-06-10 23:08:00,604 2024-06-10 23:08:00 - red
2024-06-10 23:08:00,904 Received market data message: blue
2024-06-10 23:08:01,042 Component on port 5008 is up
2024-06-10 23:08:01,043 Component on port 5009 is up
2024-06-10 23:08:01,044 Component on port 5010 is up
2024-06-10 23:08:01,605 2024-06-10 23:08:01 - red
2024-06-10 23:08:01,918 Received market data message: red
2024-06-10 23:08:02,607 2024-06-10 23:08:02 - blue
2024-06-10 23:08:03,615 2024-06-10 23:08:03 - red
2024-06-10 23:08:03,932 Received market data message: red
2024-06-10 23:08:04,619 2024-06-10 23:08:04 - red
2024-06-10 23:08:04,937 Received market data message: red
2024-06-10 23:08:05,634 2024-06-10 23:08:05 - red
2024-06-10 23:08:06,046 Component on port 5008 is up
2024-06-10 23:08:06,047 Component on port 5009 is up
2024-06-10 23:08:06,048 Component on port 5010 is up
2024-06-10 23:08:06,939 Received market data message: red
2024-06-10 23:08:07,943 Received market data message: red
2024-06-10 23:08:08,948 Received market data message: red
2024-06-10 23:08:11,059 Component on port 5008 is up
2024-06-10 23:08:11,060 Component on port 5009 is up
2024-06-10 23:08:11,062 Component on port 5010 is up
2024-06-10 23:08:11,650 2024-06-10 23:08:11 - red
2024-06-10 23:08:11,962 Received market data message: blue
2024-06-10 23:08:12,652 2024-06-10 23:08:12 - red
2024-06-10 23:08:13,656 2024-06-10 23:08:13 - red
2024-06-10 23:08:13,972 Received market data message: blue
2024-06-10 23:08:14,666 2024-06-10 23:08:14 - blue
2024-06-10 23:08:15,669 2024-06-10 23:08:15 - blue
2024-06-10 23:08:15,984 Received market data message: red
2024-06-10 23:08:16,065 Component on port 5008 is up
2024-06-10 23:08:16,067 Component on port 5009 is up
2024-06-10 23:08:16,070 Component on port 5010 is up
2024-06-10 23:08:16,670 2024-06-10 23:08:16 - red
2024-06-10 23:08:18,996 Received market data message: red
2024-06-10 23:08:21,074 Component on port 5008 is up
2024-06-10 23:08:21,075 Component on port 5009 is up
2024-06-10 23:08:21,076 Component on port 5010 is up
2024-06-10 23:08:21,998 Received market data message: red
2024-06-10 23:08:22,676 2024-06-10 23:08:22 - red
2024-06-10 23:08:23,008 Received market data message: red
2024-06-10 23:08:23,679 2024-06-10 23:08:23 - red
2024-06-10 23:08:24,685 2024-06-10 23:08:24 - red
2024-06-10 23:08:25,017 Received market data message: red
2024-06-10 23:08:25,694 2024-06-10 23:08:25 - red
2024-06-10 23:08:26,085 Component on port 5008 is up
2024-06-10 23:08:26,087 Component on port 5009 is up
2024-06-10 23:08:26,088 Component on port 5010 is up
2024-06-10 23:08:28,019 Received market data message: blue
2024-06-10 23:08:29,024 Received market data message: blue
2024-06-10 23:08:31,094 Component on port 5008 is up
2024-06-10 23:08:31,097 Component on port 5009 is up
2024-06-10 23:08:31,097 Component on port 5010 is up
2024-06-10 23:08:31,700 2024-06-10 23:08:31 - blue
2024-06-10 23:08:32,033 Received market data message: red
2024-06-10 23:08:32,706 2024-06-10 23:08:32 - blue
2024-06-10 23:08:33,708 2024-06-10 23:08:33 - red
2024-06-10 23:08:34,042 Received market data message: blue
2024-06-10 23:08:34,722 2024-06-10 23:08:34 - blue
2024-06-10 23:08:35,057 Received market data message: red
2024-06-10 23:08:35,723 2024-06-10 23:08:35 - red
2024-06-10 23:08:36,071 Received market data message: blue
2024-06-10 23:08:36,104 Component on port 5008 is up
2024-06-10 23:08:36,107 Component on port 5009 is up
2024-06-10 23:08:36,108 Component on port 5010 is up
2024-06-10 23:08:36,729 2024-06-10 23:08:36 - blue
2024-06-10 23:08:38,074 Received market data message: blue
2024-06-10 23:08:41,079 Received market data message: blue
2024-06-10 23:08:41,111 Component on port 5008 is up
2024-06-10 23:08:41,112 Component on port 5009 is up
2024-06-10 23:08:41,113 Component on port 5010 is up
2024-06-10 23:08:42,749 2024-06-10 23:08:42 - blue
2024-06-10 23:08:43,081 Received market data message: blue
2024-06-10 23:08:43,757 2024-06-10 23:08:43 - blue
2024-06-10 23:08:44,757 2024-06-10 23:08:44 - blue
2024-06-10 23:08:45,091 Received market data message: red
2024-06-10 23:08:45,766 2024-06-10 23:08:45 - red
2024-06-10 23:08:46,100 Received market data message: red
2024-06-10 23:08:46,116 Component on port 5008 is up
2024-06-10 23:08:46,117 Component on port 5009 is up
2024-06-10 23:08:46,119 Component on port 5010 is up
2024-06-10 23:08:46,778 2024-06-10 23:08:46 - red
2024-06-10 23:08:47,108 Received market data message: red
2024-06-10 23:08:47,782 2024-06-10 23:08:47 - red
2024-06-10 23:08:50,111 Received market data message: red
2024-06-10 23:08:51,123 Component on port 5008 is up
2024-06-10 23:08:51,124 Component on port 5009 is up
2024-06-10 23:08:51,126 Component on port 5010 is up
2024-06-10 23:08:53,122 Received market data message: blue
2024-06-10 23:08:53,802 2024-06-10 23:08:53 - red
2024-06-10 23:08:54,809 2024-06-10 23:08:54 - blue
2024-06-10 23:08:55,125 Received market data message: blue
2024-06-10 23:08:55,818 2024-06-10 23:08:55 - blue
2024-06-10 23:08:56,132 Component on port 5008 is up
2024-06-10 23:08:56,134 Component on port 5009 is up
2024-06-10 23:08:56,135 Component on port 5010 is up
2024-06-10 23:08:57,134 Received market data message: blue
2024-06-10 23:08:58,140 Received market data message: red
2024-06-10 23:08:59,151 Received market data message: red
2024-06-10 23:09:00,153 Received market data message: blue
2024-06-10 23:09:01,140 Component on port 5008 is up
2024-06-10 23:09:01,141 Component on port 5009 is up
2024-06-10 23:09:01,142 Component on port 5010 is up
2024-06-10 23:09:01,156 Received market data message: blue
2024-06-10 23:09:01,835 2024-06-10 23:09:01 - blue
2024-06-10 23:09:02,167 Received market data message: blue
2024-06-10 23:09:02,843 2024-06-10 23:09:02 - red
2024-06-10 23:09:03,172 Received market data message: blue
2024-06-10 23:09:03,857 2024-06-10 23:09:03 - red
2024-06-10 23:09:04,871 2024-06-10 23:09:04 - blue
2024-06-10 23:09:05,187 Received market data message: red
2024-06-10 23:09:05,879 2024-06-10 23:09:05 - blue
2024-06-10 23:09:06,149 Component on port 5008 is up
2024-06-10 23:09:06,150 Component on port 5009 is up
2024-06-10 23:09:06,151 Component on port 5010 is up
2024-06-10 23:09:06,891 2024-06-10 23:09:06 - blue
2024-06-10 23:09:07,192 Received market data message: red
2024-06-10 23:09:07,898 2024-06-10 23:09:07 - blue
2024-06-10 23:09:08,905 2024-06-10 23:09:08 - red
2024-06-10 23:09:09,909 2024-06-10 23:09:09 - red
2024-06-10 23:09:10,194 Received market data message: blue
2024-06-10 23:09:10,923 2024-06-10 23:09:10 - blue
2024-06-10 23:09:11,162 Component on port 5008 is up
2024-06-10 23:09:11,165 Component on port 5009 is up
2024-06-10 23:09:11,166 Component on port 5010 is up
2024-06-10 23:09:11,207 Received market data message: red
2024-06-10 23:09:11,928 2024-06-10 23:09:11 - red
2024-06-10 23:09:12,214 Received market data message: blue
2024-06-10 23:09:12,934 2024-06-10 23:09:12 - blue
2024-06-10 23:09:15,225 Received market data message: red
2024-06-10 23:09:16,170 Component on port 5008 is up
2024-06-10 23:09:16,171 Component on port 5009 is up
2024-06-10 23:09:16,172 Component on port 5010 is up
2024-06-10 23:09:18,235 Received market data message: blue
2024-06-10 23:09:18,945 2024-06-10 23:09:18 - red
2024-06-10 23:09:19,959 2024-06-10 23:09:19 - blue
2024-06-10 23:09:20,245 Received market data message: red
2024-06-10 23:09:20,973 2024-06-10 23:09:20 - red
2024-06-10 23:09:21,181 Component on port 5008 is up
2024-06-10 23:09:21,182 Component on port 5009 is up
2024-06-10 23:09:21,183 Component on port 5010 is up
2024-06-10 23:09:22,251 Received market data message: red
2024-06-10 23:09:23,257 Received market data message: blue
2024-06-10 23:09:24,259 Received market data message: blue
2024-06-10 23:09:25,269 Received market data message: red
2024-06-10 23:09:26,188 Component on port 5008 is up
2024-06-10 23:09:26,189 Component on port 5009 is up
2024-06-10 23:09:26,190 Component on port 5010 is up
2024-06-10 23:09:26,989 2024-06-10 23:09:26 - red
2024-06-10 23:09:28,002 2024-06-10 23:09:28 - blue
2024-06-10 23:09:28,270 Received market data message: red
2024-06-10 23:09:29,012 2024-06-10 23:09:29 - blue
2024-06-10 23:09:29,277 Received market data message: red
2024-06-10 23:09:30,025 2024-06-10 23:09:30 - red
2024-06-10 23:09:31,032 2024-06-10 23:09:31 - red
2024-06-10 23:09:31,203 Component on port 5008 is up
2024-06-10 23:09:31,205 Component on port 5009 is up
2024-06-10 23:09:31,206 Component on port 5010 is up
2024-06-10 23:09:32,036 2024-06-10 23:09:32 - red
2024-06-10 23:09:32,289 Received market data message: blue
2024-06-10 23:09:33,037 2024-06-10 23:09:33 - blue
2024-06-10 23:09:34,297 Received market data message: red
2024-06-10 23:09:36,216 Component on port 5008 is up
2024-06-10 23:09:36,217 Component on port 5009 is up
2024-06-10 23:09:36,219 Component on port 5010 is up
2024-06-10 23:09:37,297 Received market data message: red
2024-06-10 23:09:38,310 Received market data message: blue
2024-06-10 23:09:39,049 2024-06-10 23:09:39 - red
2024-06-10 23:09:39,318 Received market data message: blue
2024-06-10 23:09:40,050 2024-06-10 23:09:40 - red
2024-06-10 23:09:41,055 2024-06-10 23:09:41 - blue
2024-06-10 23:09:41,228 Component on port 5008 is up
2024-06-10 23:09:41,230 Component on port 5009 is up
2024-06-10 23:09:41,230 Component on port 5010 is up
2024-06-10 23:09:42,056 2024-06-10 23:09:42 - blue
2024-06-10 23:09:42,324 Received market data message: blue
2024-06-10 23:09:43,063 2024-06-10 23:09:43 - blue
2024-06-10 23:09:44,338 Received market data message: red
2024-06-10 23:09:45,343 Received market data message: red
2024-06-10 23:09:46,248 Component on port 5008 is up
2024-06-10 23:09:46,251 Component on port 5009 is up
2024-06-10 23:09:46,254 Component on port 5010 is up
2024-06-10 23:09:46,354 Received market data message: blue
2024-06-10 23:09:47,357 Received market data message: red
2024-06-10 23:09:48,371 Received market data message: red
2024-06-10 23:09:49,074 2024-06-10 23:09:49 - red
2024-06-10 23:09:50,080 2024-06-10 23:09:50 - red
2024-06-10 23:09:50,383 Received market data message: blue
2024-06-10 23:09:51,086 2024-06-10 23:09:51 - blue
2024-06-10 23:09:51,259 Component on port 5008 is up
2024-06-10 23:09:51,261 Component on port 5009 is up
2024-06-10 23:09:51,262 Component on port 5010 is up
2024-06-10 23:09:52,089 2024-06-10 23:09:52 - red
2024-06-10 23:09:53,091 2024-06-10 23:09:53 - red
2024-06-10 23:09:53,392 Received market data message: red
2024-06-10 23:09:54,102 2024-06-10 23:09:54 - blue
2024-06-10 23:09:55,116 2024-06-10 23:09:55 - red
2024-06-10 23:09:55,402 Received market data message: blue
2024-06-10 23:09:56,130 2024-06-10 23:09:56 - blue
2024-06-10 23:09:56,273 Component on port 5008 is up
2024-06-10 23:09:56,274 Component on port 5009 is up
2024-06-10 23:09:56,275 Component on port 5010 is up
2024-06-10 23:09:56,416 Received market data message: blue
2024-06-10 23:09:57,143 2024-06-10 23:09:57 - blue
2024-06-10 23:09:59,419 Received market data message: blue
2024-06-10 23:10:00,421 Received market data message: red
2024-06-10 23:10:01,278 Component on port 5008 is up
2024-06-10 23:10:01,279 Component on port 5009 is up
2024-06-10 23:10:01,280 Component on port 5010 is up
2024-06-10 23:10:01,433 Received market data message: red
2024-06-10 23:10:03,156 2024-06-10 23:10:03 - blue
2024-06-10 23:10:04,166 2024-06-10 23:10:04 - red
2024-06-10 23:10:04,435 Received market data message: red
2024-06-10 23:10:05,174 2024-06-10 23:10:05 - red
2024-06-10 23:10:06,176 2024-06-10 23:10:06 - red
2024-06-10 23:10:06,288 Component on port 5008 is up
2024-06-10 23:10:06,288 Component on port 5009 is up
2024-06-10 23:10:06,289 Component on port 5010 is up
2024-06-10 23:10:06,445 Received market data message: blue
2024-06-10 23:10:07,189 2024-06-10 23:10:07 - blue
2024-06-10 23:10:09,447 Received market data message: red
2024-06-10 23:10:11,294 Component on port 5008 is up
2024-06-10 23:10:11,295 Component on port 5009 is up
2024-06-10 23:10:11,296 Component on port 5010 is up
2024-06-10 23:10:11,453 Received market data message: blue
2024-06-10 23:10:13,205 2024-06-10 23:10:13 - red
2024-06-10 23:10:13,457 Received market data message: blue
2024-06-10 23:10:14,211 2024-06-10 23:10:14 - blue
2024-06-10 23:10:15,224 2024-06-10 23:10:15 - blue
2024-06-10 23:10:15,460 Received market data message: blue
2024-06-10 23:10:16,226 2024-06-10 23:10:16 - blue
2024-06-10 23:10:16,305 Component on port 5008 is up
2024-06-10 23:10:16,306 Component on port 5009 is up
2024-06-10 23:10:16,307 Component on port 5010 is up
2024-06-10 23:10:18,461 Received market data message: blue
2024-06-10 23:10:19,475 Received market data message: red
2024-06-10 23:10:21,316 Component on port 5008 is up
2024-06-10 23:10:21,319 Component on port 5009 is up
2024-06-10 23:10:21,320 Component on port 5010 is up
2024-06-10 23:10:22,236 2024-06-10 23:10:22 - blue
2024-06-10 23:10:22,487 Received market data message: blue
2024-06-10 23:10:23,244 2024-06-10 23:10:23 - red
2024-06-10 23:10:24,258 2024-06-10 23:10:24 - blue
2024-06-10 23:10:24,489 Received market data message: blue
2024-06-10 23:10:25,263 2024-06-10 23:10:25 - blue
2024-06-10 23:10:26,333 Component on port 5008 is up
2024-06-10 23:10:26,335 Component on port 5009 is up
2024-06-10 23:10:26,337 Component on port 5010 is up
2024-06-10 23:10:26,505 Received market data message: red
2024-06-10 23:10:27,514 Received market data message: red
2024-06-10 23:10:29,527 Received market data message: blue
2024-06-10 23:10:31,282 2024-06-10 23:10:31 - red
2024-06-10 23:10:31,346 Component on port 5008 is up
2024-06-10 23:10:31,347 Component on port 5009 is up
2024-06-10 23:10:31,348 Component on port 5010 is up
2024-06-10 23:10:32,292 2024-06-10 23:10:32 - red
2024-06-10 23:10:32,541 Received market data message: blue
2024-06-10 23:10:33,294 2024-06-10 23:10:33 - blue
2024-06-10 23:10:34,307 2024-06-10 23:10:34 - blue
2024-06-10 23:10:35,551 Received market data message: red
2024-06-10 23:10:36,351 Component on port 5008 is up
2024-06-10 23:10:36,353 Component on port 5009 is up
2024-06-10 23:10:36,354 Component on port 5010 is up
2024-06-10 23:10:36,556 Received market data message: red
2024-06-10 23:10:39,559 Received market data message: blue
2024-06-10 23:10:40,326 2024-06-10 23:10:40 - red
2024-06-10 23:10:41,334 2024-06-10 23:10:41 - red
2024-06-10 23:10:41,365 Component on port 5008 is up
2024-06-10 23:10:41,366 Component on port 5009 is up
2024-06-10 23:10:41,367 Component on port 5010 is up
2024-06-10 23:10:42,344 2024-06-10 23:10:42 - blue
2024-06-10 23:10:42,566 Received market data message: blue
2024-06-10 23:10:43,350 2024-06-10 23:10:43 - blue
2024-06-10 23:10:43,570 Received market data message: red
2024-06-10 23:10:44,361 2024-06-10 23:10:44 - red
2024-06-10 23:10:45,579 Received market data message: blue
2024-06-10 23:10:46,379 Component on port 5008 is up
2024-06-10 23:10:46,380 Component on port 5009 is up
2024-06-10 23:10:46,382 Component on port 5010 is up
2024-06-10 23:10:46,581 Received market data message: red
2024-06-10 23:10:47,592 Received market data message: red
2024-06-10 23:10:50,364 2024-06-10 23:10:50 - blue
2024-06-10 23:10:50,601 Received market data message: blue
2024-06-10 23:10:51,376 2024-06-10 23:10:51 - red
2024-06-10 23:10:51,392 Component on port 5008 is up
2024-06-10 23:10:51,393 Component on port 5009 is up
2024-06-10 23:10:51,394 Component on port 5010 is up
2024-06-10 23:10:52,387 2024-06-10 23:10:52 - red
2024-06-10 23:10:53,390 2024-06-10 23:10:53 - blue
2024-06-10 23:10:53,607 Received market data message: red
2024-06-10 23:10:54,394 2024-06-10 23:10:54 - red
2024-06-10 23:10:54,615 Received market data message: red
2024-06-10 23:10:55,396 2024-06-10 23:10:55 - red
2024-06-10 23:10:56,403 Component on port 5008 is up
2024-06-10 23:10:56,404 Component on port 5009 is up
2024-06-10 23:10:56,405 Component on port 5010 is up
2024-06-10 23:10:57,619 Received market data message: blue
2024-06-10 23:11:00,622 Received market data message: blue
2024-06-10 23:11:01,419 Component on port 5008 is up
2024-06-10 23:11:01,420 Component on port 5009 is up
2024-06-10 23:11:01,421 Component on port 5010 is up
2024-06-10 23:11:01,421 2024-06-10 23:11:01 - blue
2024-06-10 23:11:02,432 2024-06-10 23:11:02 - blue
2024-06-10 23:11:03,626 Received market data message: red
2024-06-10 23:11:05,639 Received market data message: blue
2024-06-10 23:11:06,435 Component on port 5008 is up
2024-06-10 23:11:06,436 Component on port 5009 is up
2024-06-10 23:11:06,436 Component on port 5010 is up
2024-06-10 23:11:08,441 2024-06-10 23:11:08 - red
2024-06-10 23:11:08,646 Received market data message: red
2024-06-10 23:11:09,449 2024-06-10 23:11:09 - blue
2024-06-10 23:11:09,653 Received market data message: red
2024-06-10 23:11:10,463 2024-06-10 23:11:10 - red
2024-06-10 23:11:11,452 Component on port 5008 is up
2024-06-10 23:11:11,453 Component on port 5009 is up
2024-06-10 23:11:11,454 Component on port 5010 is up
2024-06-10 23:11:11,468 2024-06-10 23:11:11 - red
2024-06-10 23:11:11,657 Received market data message: red
2024-06-10 23:11:12,473 2024-06-10 23:11:12 - red
2024-06-10 23:11:12,661 Received market data message: red
2024-06-10 23:11:13,481 2024-06-10 23:11:13 - red
2024-06-10 23:11:15,669 Received market data message: blue
2024-06-10 23:11:16,457 Component on port 5008 is up
2024-06-10 23:11:16,458 Component on port 5009 is up
2024-06-10 23:11:16,459 Component on port 5010 is up
2024-06-10 23:11:17,681 Received market data message: blue
2024-06-10 23:11:19,490 2024-06-10 23:11:19 - blue
2024-06-10 23:11:20,500 2024-06-10 23:11:20 - blue
2024-06-10 23:11:20,692 Received market data message: red
2024-06-10 23:11:21,462 Component on port 5008 is up
2024-06-10 23:11:21,464 Component on port 5009 is up
2024-06-10 23:11:21,465 Component on port 5010 is up
2024-06-10 23:11:21,508 2024-06-10 23:11:21 - red
2024-06-10 23:11:21,696 Received market data message: red
2024-06-10 23:11:22,516 2024-06-10 23:11:22 - red
2024-06-10 23:11:24,710 Received market data message: red
2024-06-10 23:11:26,466 Component on port 5008 is up
2024-06-10 23:11:26,467 Component on port 5009 is up
2024-06-10 23:11:26,469 Component on port 5010 is up
2024-06-10 23:11:26,717 Received market data message: red
2024-06-10 23:11:27,731 Received market data message: blue
2024-06-10 23:11:28,531 2024-06-10 23:11:28 - red
2024-06-10 23:11:29,544 2024-06-10 23:11:29 - red
2024-06-10 23:11:30,555 2024-06-10 23:11:30 - blue
2024-06-10 23:11:30,745 Received market data message: red
2024-06-10 23:11:31,481 Component on port 5008 is up
2024-06-10 23:11:31,483 Component on port 5009 is up
2024-06-10 23:11:31,484 Component on port 5010 is up
2024-06-10 23:11:31,560 2024-06-10 23:11:31 - red
2024-06-10 23:11:31,748 Received market data message: blue
2024-06-10 23:11:32,575 2024-06-10 23:11:32 - blue
2024-06-10 23:11:34,759 Received market data message: red
2024-06-10 23:11:36,500 Component on port 5008 is up
2024-06-10 23:11:36,503 Component on port 5009 is up
2024-06-10 23:11:36,504 Component on port 5010 is up
2024-06-10 23:11:37,772 Received market data message: blue
2024-06-10 23:11:38,585 2024-06-10 23:11:38 - red
2024-06-10 23:11:39,589 2024-06-10 23:11:39 - blue
2024-06-10 23:11:39,776 Received market data message: blue
2024-06-10 23:11:40,593 2024-06-10 23:11:40 - blue
2024-06-10 23:11:41,519 Component on port 5008 is up
2024-06-10 23:11:41,520 Component on port 5009 is up
2024-06-10 23:11:41,521 Component on port 5010 is up
2024-06-10 23:11:41,783 Received market data message: red
2024-06-10 23:11:44,790 Received market data message: red
2024-06-10 23:11:46,523 Component on port 5008 is up
2024-06-10 23:11:46,524 Component on port 5009 is up
2024-06-10 23:11:46,525 Component on port 5010 is up
2024-06-10 23:11:46,601 2024-06-10 23:11:46 - red
2024-06-10 23:11:47,616 2024-06-10 23:11:47 - red
2024-06-10 23:11:47,792 Received market data message: red
2024-06-10 23:11:48,627 2024-06-10 23:11:48 - red
2024-06-10 23:11:49,795 Received market data message: red
2024-06-10 23:11:51,535 Component on port 5008 is up
2024-06-10 23:11:51,536 Component on port 5009 is up
2024-06-10 23:11:51,537 Component on port 5010 is up
2024-06-10 23:11:52,800 Received market data message: red
2024-06-10 23:11:54,653 2024-06-10 23:11:54 - red
2024-06-10 23:11:55,658 2024-06-10 23:11:55 - red
2024-06-10 23:11:55,801 Received market data message: blue
2024-06-10 23:11:56,544 Component on port 5008 is up
2024-06-10 23:11:56,546 Component on port 5009 is up
2024-06-10 23:11:56,548 Component on port 5010 is up
2024-06-10 23:11:56,669 2024-06-10 23:11:56 - blue
2024-06-10 23:11:57,809 Received market data message: blue
2024-06-10 23:12:00,822 Received market data message: blue
2024-06-10 23:12:01,556 Component on port 5008 is up
2024-06-10 23:12:01,559 Component on port 5009 is up
2024-06-10 23:12:01,560 Component on port 5010 is up
2024-06-10 23:12:01,836 Received market data message: blue
2024-06-10 23:12:02,689 2024-06-10 23:12:02 - blue
2024-06-10 23:12:03,695 2024-06-10 23:12:03 - blue
2024-06-10 23:12:04,702 2024-06-10 23:12:04 - blue
2024-06-10 23:12:04,844 Received market data message: blue
2024-06-10 23:12:05,708 2024-06-10 23:12:05 - blue
2024-06-10 23:12:06,574 Component on port 5008 is up
2024-06-10 23:12:06,575 Component on port 5009 is up
2024-06-10 23:12:06,576 Component on port 5010 is up
2024-06-10 23:12:07,850 Received market data message: red
2024-06-10 23:12:08,859 Received market data message: blue
2024-06-10 23:12:10,867 Received market data message: blue
2024-06-10 23:12:11,588 Component on port 5008 is up
2024-06-10 23:12:11,589 Component on port 5009 is up
2024-06-10 23:12:11,590 Component on port 5010 is up
2024-06-10 23:12:11,729 2024-06-10 23:12:11 - red
2024-06-10 23:12:12,745 2024-06-10 23:12:12 - blue
2024-06-10 23:12:13,757 2024-06-10 23:12:13 - blue
2024-06-10 23:12:13,869 Received market data message: blue
2024-06-10 23:12:14,763 2024-06-10 23:12:14 - blue
2024-06-10 23:12:16,602 Component on port 5008 is up
2024-06-10 23:12:16,603 Component on port 5009 is up
2024-06-10 23:12:16,605 Component on port 5010 is up
2024-06-10 23:12:16,883 Received market data message: blue
2024-06-10 23:12:17,889 Received market data message: red
2024-06-10 23:12:20,777 2024-06-10 23:12:20 - blue
2024-06-10 23:12:20,901 Received market data message: red
2024-06-10 23:12:21,619 Component on port 5008 is up
2024-06-10 23:12:21,620 Component on port 5009 is up
2024-06-10 23:12:21,621 Component on port 5010 is up
2024-06-10 23:12:21,791 2024-06-10 23:12:21 - red
2024-06-10 23:12:22,792 2024-06-10 23:12:22 - red
2024-06-10 23:12:23,905 Received market data message: blue
2024-06-10 23:12:26,631 Component on port 5008 is up
2024-06-10 23:12:26,633 Component on port 5009 is up
2024-06-10 23:12:26,634 Component on port 5010 is up
2024-06-10 23:12:26,913 Received market data message: blue
2024-06-10 23:12:28,802 2024-06-10 23:12:28 - blue
2024-06-10 23:12:28,927 Received market data message: blue
2024-06-10 23:12:29,804 2024-06-10 23:12:29 - blue
2024-06-10 23:12:30,818 2024-06-10 23:12:30 - blue
2024-06-10 23:12:31,638 Component on port 5008 is up
2024-06-10 23:12:31,639 Component on port 5009 is up
2024-06-10 23:12:31,640 Component on port 5010 is up
2024-06-10 23:12:31,934 Received market data message: blue
2024-06-10 23:12:34,942 Received market data message: red
2024-06-10 23:12:35,945 Received market data message: red
2024-06-10 23:12:36,641 Component on port 5008 is up
2024-06-10 23:12:36,642 Component on port 5009 is up
2024-06-10 23:12:36,642 Component on port 5010 is up
2024-06-10 23:12:36,828 2024-06-10 23:12:36 - blue
2024-06-10 23:12:36,955 Received market data message: blue
2024-06-10 23:12:37,832 2024-06-10 23:12:37 - red
2024-06-10 23:12:38,844 2024-06-10 23:12:38 - red
2024-06-10 23:12:38,970 Received market data message: red
2024-06-10 23:12:39,849 2024-06-10 23:12:39 - blue
2024-06-10 23:12:40,853 2024-06-10 23:12:40 - red
2024-06-10 23:12:40,979 Received market data message: blue
2024-06-10 23:12:41,656 Component on port 5008 is up
2024-06-10 23:12:41,657 Component on port 5009 is up
2024-06-10 23:12:41,659 Component on port 5010 is up
2024-06-10 23:12:41,859 2024-06-10 23:12:41 - blue
2024-06-10 23:12:42,987 Received market data message: red
2024-06-10 23:12:45,999 Received market data message: red
2024-06-10 23:12:46,672 Component on port 5008 is up
2024-06-10 23:12:46,675 Component on port 5009 is up
2024-06-10 23:12:46,678 Component on port 5010 is up
2024-06-10 23:12:47,867 2024-06-10 23:12:47 - red
2024-06-10 23:12:48,881 2024-06-10 23:12:48 - red
2024-06-10 23:12:49,007 Received market data message: red
2024-06-10 23:12:49,893 2024-06-10 23:12:49 - red
2024-06-10 23:12:50,017 Received market data message: red
2024-06-10 23:12:50,898 2024-06-10 23:12:50 - red
2024-06-10 23:12:51,683 Component on port 5008 is up
2024-06-10 23:12:51,684 Component on port 5009 is up
2024-06-10 23:12:51,684 Component on port 5010 is up
2024-06-10 23:12:53,028 Received market data message: blue
2024-06-10 23:12:56,034 Received market data message: blue
2024-06-10 23:12:56,691 Component on port 5008 is up
2024-06-10 23:12:56,692 Component on port 5009 is up
2024-06-10 23:12:56,694 Component on port 5010 is up
2024-06-10 23:12:56,908 2024-06-10 23:12:56 - blue
2024-06-10 23:12:57,909 2024-06-10 23:12:57 - blue
2024-06-10 23:12:58,036 Received market data message: red
2024-06-10 23:12:58,915 2024-06-10 23:12:58 - red
2024-06-10 23:12:59,040 Received market data message: blue
2024-06-10 23:12:59,931 2024-06-10 23:12:59 - blue
2024-06-10 23:13:00,055 Received market data message: red
2024-06-10 23:13:00,934 2024-06-10 23:13:00 - red
2024-06-10 23:13:01,696 Component on port 5008 is up
2024-06-10 23:13:01,697 Component on port 5009 is up
2024-06-10 23:13:01,699 Component on port 5010 is up
2024-06-10 23:13:03,069 Received market data message: blue
2024-06-10 23:13:06,078 Received market data message: red
2024-06-10 23:13:06,708 Component on port 5008 is up
2024-06-10 23:13:06,708 Component on port 5009 is up
2024-06-10 23:13:06,709 Component on port 5010 is up
2024-06-10 23:13:06,960 2024-06-10 23:13:06 - blue
2024-06-10 23:13:07,085 Received market data message: blue
2024-06-10 23:13:07,963 2024-06-10 23:13:07 - red
2024-06-10 23:13:08,971 2024-06-10 23:13:08 - blue
2024-06-10 23:13:10,093 Received market data message: red
2024-06-10 23:13:11,094 Received market data message: blue
2024-06-10 23:13:11,725 Component on port 5008 is up
2024-06-10 23:13:11,729 Component on port 5009 is up
2024-06-10 23:13:11,733 Component on port 5010 is up
2024-06-10 23:13:12,094 Received market data message: blue
2024-06-10 23:13:13,109 Received market data message: blue
2024-06-10 23:13:14,996 2024-06-10 23:13:14 - red
2024-06-10 23:13:16,010 2024-06-10 23:13:16 - blue
2024-06-10 23:13:16,121 Received market data message: blue
2024-06-10 23:13:16,747 Component on port 5008 is up
2024-06-10 23:13:16,747 Component on port 5009 is up
2024-06-10 23:13:16,748 Component on port 5010 is up
2024-06-10 23:13:17,012 2024-06-10 23:13:17 - blue
2024-06-10 23:13:17,122 Received market data message: red
2024-06-10 23:13:18,019 2024-06-10 23:13:18 - blue
2024-06-10 23:13:18,130 Received market data message: blue
2024-06-10 23:13:19,023 2024-06-10 23:13:19 - blue
2024-06-10 23:13:20,032 2024-06-10 23:13:20 - red
2024-06-10 23:13:21,034 2024-06-10 23:13:21 - blue
2024-06-10 23:13:21,143 Received market data message: red
2024-06-10 23:13:21,756 Component on port 5008 is up
2024-06-10 23:13:21,757 Component on port 5009 is up
2024-06-10 23:13:21,759 Component on port 5010 is up
2024-06-10 23:13:22,037 2024-06-10 23:13:22 - red
2024-06-10 23:13:24,153 Received market data message: blue
2024-06-10 23:13:26,761 Component on port 5008 is up
2024-06-10 23:13:26,762 Component on port 5009 is up
2024-06-10 23:13:26,763 Component on port 5010 is up
2024-06-10 23:13:27,155 Received market data message: blue
2024-06-10 23:13:28,059 2024-06-10 23:13:28 - blue
2024-06-10 23:13:29,071 2024-06-10 23:13:29 - blue
2024-06-10 23:13:29,167 Received market data message: blue
2024-06-10 23:13:30,078 2024-06-10 23:13:30 - blue
2024-06-10 23:13:31,182 Received market data message: red
2024-06-10 23:13:31,766 Component on port 5008 is up
2024-06-10 23:13:31,768 Component on port 5009 is up
2024-06-10 23:13:31,768 Component on port 5010 is up
2024-06-10 23:13:33,193 Received market data message: red
2024-06-10 23:13:35,203 Received market data message: blue
2024-06-10 23:13:36,097 2024-06-10 23:13:36 - red
2024-06-10 23:13:36,775 Component on port 5008 is up
2024-06-10 23:13:36,777 Component on port 5009 is up
2024-06-10 23:13:36,778 Component on port 5010 is up
2024-06-10 23:13:37,106 2024-06-10 23:13:37 - red
2024-06-10 23:13:37,215 Received market data message: blue
2024-06-10 23:13:38,119 2024-06-10 23:13:38 - blue
2024-06-10 23:13:39,120 2024-06-10 23:13:39 - blue
2024-06-10 23:13:40,228 Received market data message: blue
2024-06-10 23:13:41,783 Component on port 5008 is up
2024-06-10 23:13:41,783 Component on port 5009 is up
2024-06-10 23:13:41,785 Component on port 5010 is up
2024-06-10 23:13:43,242 Received market data message: red
2024-06-10 23:13:45,141 2024-06-10 23:13:45 - blue
2024-06-10 23:13:45,249 Received market data message: blue
2024-06-10 23:13:46,153 2024-06-10 23:13:46 - red
2024-06-10 23:13:46,798 Component on port 5008 is up
2024-06-10 23:13:46,799 Component on port 5009 is up
2024-06-10 23:13:46,800 Component on port 5010 is up
2024-06-10 23:13:47,162 2024-06-10 23:13:47 - blue
2024-06-10 23:13:47,257 Received market data message: red
2024-06-10 23:13:48,177 2024-06-10 23:13:48 - red
2024-06-10 23:13:49,260 Received market data message: red
2024-06-10 23:13:51,262 Received market data message: blue
2024-06-10 23:13:51,810 Component on port 5008 is up
2024-06-10 23:13:51,811 Component on port 5009 is up
2024-06-10 23:13:51,812 Component on port 5010 is up
2024-06-10 23:13:53,268 Received market data message: red
2024-06-10 23:13:54,196 2024-06-10 23:13:54 - red
2024-06-10 23:13:55,206 2024-06-10 23:13:55 - blue
2024-06-10 23:13:55,283 Received market data message: red
2024-06-10 23:13:56,219 2024-06-10 23:13:56 - red
2024-06-10 23:13:56,283 Received market data message: blue
2024-06-10 23:13:56,813 Component on port 5008 is up
2024-06-10 23:13:56,814 Component on port 5009 is up
2024-06-10 23:13:56,815 Component on port 5010 is up
2024-06-10 23:13:57,223 2024-06-10 23:13:57 - red
2024-06-10 23:13:58,226 2024-06-10 23:13:58 - blue
2024-06-10 23:13:58,291 Received market data message: blue
2024-06-10 23:13:59,230 2024-06-10 23:13:59 - blue
2024-06-10 23:13:59,290 Received market data message: red
2024-06-10 23:14:00,242 2024-06-10 23:14:00 - red
2024-06-10 23:14:01,291 Received market data message: blue
2024-06-10 23:14:01,825 Component on port 5008 is up
2024-06-10 23:14:01,827 Component on port 5009 is up
2024-06-10 23:14:01,828 Component on port 5010 is up
2024-06-10 23:14:04,292 Received market data message: blue
2024-06-10 23:14:05,303 Received market data message: red
2024-06-10 23:14:06,245 2024-06-10 23:14:06 - blue
2024-06-10 23:14:06,308 Received market data message: red
2024-06-10 23:14:06,835 Component on port 5008 is up
2024-06-10 23:14:06,836 Component on port 5009 is up
2024-06-10 23:14:06,837 Component on port 5010 is up
2024-06-10 23:14:07,247 2024-06-10 23:14:07 - blue
2024-06-10 23:14:08,258 2024-06-10 23:14:08 - red
2024-06-10 23:14:09,272 2024-06-10 23:14:09 - red
2024-06-10 23:14:09,320 Received market data message: blue
2024-06-10 23:14:10,286 2024-06-10 23:14:10 - blue
2024-06-10 23:14:10,333 Received market data message: red
2024-06-10 23:14:11,289 2024-06-10 23:14:11 - red
2024-06-10 23:14:11,851 Component on port 5008 is up
2024-06-10 23:14:11,851 Component on port 5009 is up
2024-06-10 23:14:11,852 Component on port 5010 is up
2024-06-10 23:14:13,338 Received market data message: blue
2024-06-10 23:14:15,341 Received market data message: red
2024-06-10 23:14:16,866 Component on port 5008 is up
2024-06-10 23:14:16,867 Component on port 5009 is up
2024-06-10 23:14:16,868 Component on port 5010 is up
2024-06-10 23:14:17,308 2024-06-10 23:14:17 - blue
2024-06-10 23:14:17,356 Received market data message: red
2024-06-10 23:14:18,317 2024-06-10 23:14:18 - red
2024-06-10 23:14:18,363 Received market data message: red
2024-06-10 23:14:19,326 2024-06-10 23:14:19 - red
2024-06-10 23:14:20,332 2024-06-10 23:14:20 - red
2024-06-10 23:14:20,365 Received market data message: blue
2024-06-10 23:14:21,340 2024-06-10 23:14:21 - blue
2024-06-10 23:14:21,876 Component on port 5008 is up
2024-06-10 23:14:21,877 Component on port 5009 is up
2024-06-10 23:14:21,878 Component on port 5010 is up
2024-06-10 23:14:22,379 Received market data message: blue
2024-06-10 23:14:23,387 Received market data message: red
2024-06-10 23:14:24,392 Received market data message: blue
2024-06-10 23:14:25,403 Received market data message: blue
2024-06-10 23:14:26,888 Component on port 5008 is up
2024-06-10 23:14:26,889 Component on port 5009 is up
2024-06-10 23:14:26,890 Component on port 5010 is up
2024-06-10 23:14:27,362 2024-06-10 23:14:27 - blue
2024-06-10 23:14:27,409 Received market data message: red
2024-06-10 23:14:28,376 2024-06-10 23:14:28 - red
2024-06-10 23:14:28,424 Received market data message: blue
2024-06-10 23:14:29,389 2024-06-10 23:14:29 - blue
2024-06-10 23:14:30,407 2024-06-10 23:14:30 - blue
2024-06-10 23:14:30,431 Received market data message: red
2024-06-10 23:14:31,407 2024-06-10 23:14:31 - red
2024-06-10 23:14:31,898 Component on port 5008 is up
2024-06-10 23:14:31,901 Component on port 5009 is up
2024-06-10 23:14:31,903 Component on port 5010 is up
2024-06-10 23:14:32,411 2024-06-10 23:14:32 - blue
2024-06-10 23:14:32,441 Received market data message: red
2024-06-10 23:14:33,414 2024-06-10 23:14:33 - red
2024-06-10 23:14:34,425 2024-06-10 23:14:34 - red
2024-06-10 23:14:34,441 Received market data message: blue
2024-06-10 23:14:35,426 2024-06-10 23:14:35 - blue
2024-06-10 23:14:36,445 Received market data message: red
2024-06-10 23:14:36,911 Component on port 5008 is up
2024-06-10 23:14:36,912 Component on port 5009 is up
2024-06-10 23:14:36,913 Component on port 5010 is up
2024-06-10 23:14:38,448 Received market data message: red
2024-06-10 23:14:41,434 2024-06-10 23:14:41 - red
2024-06-10 23:14:41,450 Received market data message: red
2024-06-10 23:14:41,926 Component on port 5008 is up
2024-06-10 23:14:41,928 Component on port 5009 is up
2024-06-10 23:14:41,929 Component on port 5010 is up
2024-06-10 23:14:42,444 2024-06-10 23:14:42 - red
2024-06-10 23:14:43,448 2024-06-10 23:14:43 - red
2024-06-10 23:14:44,453 Received market data message: red
2024-06-10 23:14:46,456 Received market data message: red
2024-06-10 23:14:46,941 Component on port 5008 is up
2024-06-10 23:14:46,942 Component on port 5009 is up
2024-06-10 23:14:46,943 Component on port 5010 is up
2024-06-10 23:14:48,457 Received market data message: blue
2024-06-10 23:14:49,462 2024-06-10 23:14:49 - red
2024-06-10 23:14:50,467 2024-06-10 23:14:50 - red
2024-06-10 23:14:50,467 Received market data message: red
2024-06-10 23:14:51,472 2024-06-10 23:14:51 - blue
2024-06-10 23:14:51,472 Received market data message: blue
2024-06-10 23:14:51,954 Component on port 5008 is up
2024-06-10 23:14:51,955 Component on port 5009 is up
2024-06-10 23:14:51,957 Component on port 5010 is up
2024-06-10 23:14:52,475 2024-06-10 23:14:52 - red
2024-06-10 23:14:53,486 2024-06-10 23:14:53 - blue
2024-06-10 23:14:54,474 Received market data message: red
2024-06-10 23:14:54,489 2024-06-10 23:14:54 - red
2024-06-10 23:14:56,479 Received market data message: blue
2024-06-10 23:14:56,973 Component on port 5008 is up
2024-06-10 23:14:56,974 Component on port 5009 is up
2024-06-10 23:14:56,975 Component on port 5010 is up
2024-06-10 23:14:58,486 Received market data message: blue
2024-06-10 23:15:00,511 2024-06-10 23:15:00 - blue
2024-06-10 23:15:01,488 Received market data message: blue
2024-06-10 23:15:01,520 2024-06-10 23:15:01 - blue
2024-06-10 23:15:01,977 Component on port 5008 is up
2024-06-10 23:15:01,978 Component on port 5009 is up
2024-06-10 23:15:01,979 Component on port 5010 is up
2024-06-10 23:15:02,522 2024-06-10 23:15:02 - blue
2024-06-10 23:15:03,501 Received market data message: blue
2024-06-10 23:15:03,532 2024-06-10 23:15:03 - blue
2024-06-10 23:15:05,515 Received market data message: blue
2024-06-10 23:15:06,983 Component on port 5008 is up
2024-06-10 23:15:06,984 Component on port 5009 is up
2024-06-10 23:15:06,986 Component on port 5010 is up
2024-06-10 23:15:08,528 Received market data message: red
2024-06-10 23:15:09,543 2024-06-10 23:15:09 - blue
2024-06-10 23:15:10,534 Received market data message: blue
2024-06-10 23:15:10,549 2024-06-10 23:15:10 - red
2024-06-10 23:15:11,552 2024-06-10 23:15:11 - blue
2024-06-10 23:15:11,996 Component on port 5008 is up
2024-06-10 23:15:11,997 Component on port 5009 is up
2024-06-10 23:15:11,999 Component on port 5010 is up
2024-06-10 23:15:13,544 Received market data message: red
2024-06-10 23:15:16,548 Received market data message: red
2024-06-10 23:15:17,010 Component on port 5008 is up
2024-06-10 23:15:17,011 Component on port 5009 is up
2024-06-10 23:15:17,012 Component on port 5010 is up
2024-06-10 23:15:17,562 2024-06-10 23:15:17 - red
2024-06-10 23:15:17,562 Received market data message: blue
2024-06-10 23:15:18,574 2024-06-10 23:15:18 - red
2024-06-10 23:15:18,575 Received market data message: blue
2024-06-10 23:15:19,590 2024-06-10 23:15:19 - blue
2024-06-10 23:15:20,585 Received market data message: red
2024-06-10 23:15:20,601 2024-06-10 23:15:20 - blue
2024-06-10 23:15:21,610 2024-06-10 23:15:21 - red
2024-06-10 23:15:22,020 Component on port 5008 is up
2024-06-10 23:15:22,021 Component on port 5009 is up
2024-06-10 23:15:22,022 Component on port 5010 is up
2024-06-10 23:15:22,586 Received market data message: blue
2024-06-10 23:15:22,617 2024-06-10 23:15:22 - blue
2024-06-10 23:15:25,597 Received market data message: red
2024-06-10 23:15:27,035 Component on port 5008 is up
2024-06-10 23:15:27,037 Component on port 5009 is up
2024-06-10 23:15:27,039 Component on port 5010 is up
2024-06-10 23:15:27,611 Received market data message: blue
2024-06-10 23:15:28,622 Received market data message: red
2024-06-10 23:15:28,638 2024-06-10 23:15:28 - red
2024-06-10 23:15:29,625 Received market data message: blue
2024-06-10 23:15:29,641 2024-06-10 23:15:29 - blue
2024-06-10 23:15:30,647 2024-06-10 23:15:30 - red
2024-06-10 23:15:31,639 Received market data message: blue
2024-06-10 23:15:31,655 2024-06-10 23:15:31 - blue
2024-06-10 23:15:32,049 Component on port 5008 is up
2024-06-10 23:15:32,049 Component on port 5009 is up
2024-06-10 23:15:32,050 Component on port 5010 is up
2024-06-10 23:15:32,660 2024-06-10 23:15:32 - blue
2024-06-10 23:15:33,654 Received market data message: blue
2024-06-10 23:15:33,670 2024-06-10 23:15:33 - blue
2024-06-10 23:15:36,667 Received market data message: red
2024-06-10 23:15:37,059 Component on port 5008 is up
2024-06-10 23:15:37,060 Component on port 5009 is up
2024-06-10 23:15:37,061 Component on port 5010 is up
2024-06-10 23:15:38,674 Received market data message: blue
2024-06-10 23:15:39,684 2024-06-10 23:15:39 - red
2024-06-10 23:15:40,694 2024-06-10 23:15:40 - blue
2024-06-10 23:15:41,682 Received market data message: blue
2024-06-10 23:15:41,697 2024-06-10 23:15:41 - blue
2024-06-10 23:15:42,074 Component on port 5008 is up
2024-06-10 23:15:42,074 Component on port 5009 is up
2024-06-10 23:15:42,075 Component on port 5010 is up
2024-06-10 23:15:43,693 Received market data message: red
2024-06-10 23:15:45,707 Received market data message: blue
2024-06-10 23:15:47,083 Component on port 5008 is up
2024-06-10 23:15:47,083 Component on port 5009 is up
2024-06-10 23:15:47,084 Component on port 5010 is up
2024-06-10 23:15:47,712 2024-06-10 23:15:47 - red
2024-06-10 23:15:48,714 2024-06-10 23:15:48 - blue
2024-06-10 23:15:48,715 Received market data message: red
2024-06-10 23:15:49,721 2024-06-10 23:15:49 - red
2024-06-10 23:15:49,721 Received market data message: red
2024-06-10 23:15:50,736 2024-06-10 23:15:50 - red
2024-06-10 23:15:50,736 Received market data message: blue
2024-06-10 23:15:51,739 2024-06-10 23:15:51 - blue
2024-06-10 23:15:51,739 Received market data message: blue
2024-06-10 23:15:52,088 Component on port 5008 is up
2024-06-10 23:15:52,091 Component on port 5009 is up
2024-06-10 23:15:52,092 Component on port 5010 is up
2024-06-10 23:15:52,744 2024-06-10 23:15:52 - blue
2024-06-10 23:15:52,744 Received market data message: red
2024-06-10 23:15:53,746 2024-06-10 23:15:53 - red
