2024-06-10 19:57:38,692 Received market data message: blue
2024-06-10 19:57:39,791 Error receiving market data message: main thread is not in main loop
2024-06-10 19:57:40,792 Received market data message: red
2024-06-10 19:57:40,804 Received market data message: blue
2024-06-10 19:57:40,864 Received market data message: blue
2024-06-10 19:57:41,012 Received market data message: red
2024-06-10 19:57:44,015 Received market data message: red
2024-06-10 19:57:45,016 Received market data message: blue
2024-06-10 19:57:46,028 Received market data message: blue
2024-06-10 19:57:48,040 Received market data message: blue
2024-06-10 19:57:50,045 Received market data message: blue
2024-06-10 19:57:52,059 Received market data message: blue
2024-06-10 19:57:55,062 Received market data message: red
2024-06-10 19:57:56,652 Sent order: order red
2024-06-10 19:57:57,815 Sent order: order blue
2024-06-10 19:57:58,067 Received market data message: blue
2024-06-10 19:57:59,042 Sent order: order red
2024-06-10 19:58:00,079 Received market data message: blue
2024-06-10 19:58:01,093 Received market data message: blue
2024-06-10 19:58:02,107 Received market data message: blue
2024-06-10 19:58:05,116 Received market data message: red
2024-06-10 19:58:06,129 Received market data message: blue
2024-06-10 19:58:08,132 Received market data message: blue
2024-06-10 19:58:10,141 Received market data message: red
2024-06-10 19:58:13,152 Received market data message: red
2024-06-10 19:58:15,163 Received market data message: red
2024-06-10 19:58:18,172 Received market data message: red
2024-06-10 19:58:20,185 Received market data message: red
2024-06-10 19:58:23,195 Received market data message: blue
2024-06-10 19:58:25,207 Received market data message: blue
2024-06-10 19:58:27,216 Received market data message: blue
2024-06-10 19:58:28,216 Received market data message: red
2024-06-10 19:58:31,224 Received market data message: blue
2024-06-10 19:58:33,238 Received market data message: blue
2024-06-10 19:58:34,244 Received market data message: blue
2024-06-10 19:58:36,251 Received market data message: red
2024-06-10 19:58:38,259 Received market data message: red
2024-06-10 19:58:39,265 Received market data message: blue
2024-06-10 19:58:41,268 Received market data message: blue
2024-06-10 19:58:44,279 Received market data message: blue
2024-06-10 19:58:45,294 Received market data message: blue
2024-06-10 19:58:46,296 Received market data message: red
2024-06-10 19:58:49,307 Received market data message: blue
2024-06-10 19:58:52,315 Received market data message: blue
2024-06-10 19:58:53,325 Received market data message: blue
2024-06-10 19:58:55,326 Received market data message: red
2024-06-10 19:58:56,331 Received market data message: red
2024-06-10 19:58:57,349 Received market data message: red
2024-06-10 19:59:00,353 Received market data message: red
2024-06-10 19:59:03,353 Received market data message: red
2024-06-10 19:59:05,359 Received market data message: blue
2024-06-10 19:59:08,373 Received market data message: blue
2024-06-10 19:59:10,380 Received market data message: blue
2024-06-10 19:59:12,393 Received market data message: red
2024-06-10 19:59:13,403 Received market data message: blue
2024-06-10 19:59:14,405 Received market data message: blue
2024-06-10 19:59:17,406 Received market data message: blue
2024-06-10 19:59:18,411 Received market data message: red
2024-06-10 19:59:21,416 Received market data message: red
2024-06-10 19:59:24,429 Received market data message: blue
2024-06-10 19:59:27,435 Received market data message: blue
2024-06-10 19:59:28,442 Received market data message: red
2024-06-10 19:59:31,445 Received market data message: red
2024-06-10 19:59:34,451 Received market data message: blue
2024-06-10 19:59:35,458 Received market data message: blue
2024-06-10 19:59:37,461 Received market data message: blue
2024-06-10 19:59:40,468 Received market data message: blue
2024-06-10 19:59:43,479 Received market data message: red
2024-06-10 19:59:44,482 Received market data message: blue
2024-06-10 19:59:47,486 Received market data message: red
2024-06-10 19:59:48,496 Received market data message: blue
2024-06-10 19:59:49,509 Received market data message: red
2024-06-10 19:59:51,515 Received market data message: red
2024-06-10 19:59:53,521 Received market data message: blue
2024-06-10 19:59:56,530 Received market data message: blue
2024-06-10 19:59:57,544 Received market data message: blue
2024-06-10 19:59:58,553 Received market data message: red
2024-06-10 20:00:01,558 Received market data message: red
2024-06-10 20:00:04,560 Received market data message: blue
2024-06-10 20:00:06,572 Received market data message: blue
2024-06-10 20:00:07,584 Received market data message: red
2024-06-10 20:00:10,593 Received market data message: blue
2024-06-10 20:00:11,603 Received market data message: red
2024-06-10 20:00:13,613 Received market data message: blue
2024-06-10 20:00:15,624 Received market data message: red
2024-06-10 20:00:17,628 Received market data message: red
2024-06-10 20:00:20,638 Received market data message: blue
2024-06-10 20:00:22,648 Received market data message: blue
2024-06-10 20:00:23,652 Received market data message: blue
2024-06-10 20:00:25,655 Received market data message: blue
2024-06-10 20:00:28,671 Received market data message: red
2024-06-10 20:00:30,675 Received market data message: blue
2024-06-10 20:00:31,682 Received market data message: red
2024-06-10 20:00:33,693 Received market data message: blue
2024-06-10 20:00:35,701 Received market data message: red
2024-06-10 20:00:38,709 Received market data message: red
2024-06-10 20:00:39,715 Received market data message: blue
2024-06-10 20:00:40,722 Received market data message: red
2024-06-10 20:00:43,725 Received market data message: red
2024-06-10 20:00:45,732 Received market data message: red
2024-06-10 20:00:48,740 Received market data message: blue
2024-06-10 20:00:50,747 Received market data message: red
2024-06-10 20:00:52,762 Received market data message: red
2024-06-10 20:00:54,778 Received market data message: blue
2024-06-10 20:00:55,793 Received market data message: red
2024-06-10 20:00:57,808 Received market data message: blue
2024-06-10 20:00:58,810 Received market data message: blue
2024-06-10 20:01:00,817 Received market data message: blue
2024-06-10 20:01:01,825 Received market data message: blue
2024-06-10 20:01:03,827 Received market data message: blue
2024-06-10 20:01:04,828 Received market data message: red
2024-06-10 20:01:07,832 Received market data message: blue
2024-06-10 20:01:09,842 Received market data message: red
2024-06-10 20:01:12,856 Received market data message: blue
2024-06-10 20:01:14,858 Received market data message: blue
2024-06-10 20:01:15,865 Received market data message: red
2024-06-10 20:01:18,873 Received market data message: blue
2024-06-10 20:01:20,887 Received market data message: blue
2024-06-10 20:01:23,902 Received market data message: red
2024-06-10 20:01:26,914 Received market data message: blue
2024-06-10 20:01:29,917 Received market data message: red
2024-06-10 20:01:30,931 Received market data message: blue
2024-06-10 20:01:31,937 Received market data message: red
2024-06-10 20:01:32,948 Received market data message: red
2024-06-10 20:01:35,949 Received market data message: blue
2024-06-10 20:01:37,950 Received market data message: red
2024-06-10 20:01:39,952 Received market data message: red
2024-06-10 20:01:41,953 Received market data message: red
2024-06-10 20:01:43,961 Received market data message: blue
2024-06-10 20:01:45,973 Received market data message: red
2024-06-10 20:01:46,980 Received market data message: blue
2024-06-10 20:01:47,989 Received market data message: red
2024-06-10 20:01:48,996 Received market data message: red
2024-06-10 20:01:52,006 Received market data message: blue
2024-06-10 20:01:54,017 Received market data message: blue
2024-06-10 20:01:56,018 Received market data message: blue
2024-06-10 20:01:57,048 Received market data message: blue
2024-06-10 20:01:58,054 Received market data message: red
2024-06-10 20:02:01,060 Received market data message: red
2024-06-10 20:02:03,074 Received market data message: blue
2024-06-10 20:02:04,077 Received market data message: red
2024-06-10 20:02:05,093 Received market data message: red
2024-06-10 20:02:08,100 Received market data message: blue
2024-06-10 20:02:11,105 Received market data message: red
2024-06-10 20:02:14,109 Received market data message: red
2024-06-10 20:02:15,123 Received market data message: red
2024-06-10 20:02:16,136 Received market data message: red
2024-06-10 20:02:19,138 Received market data message: blue
2024-06-10 20:02:22,154 Received market data message: blue
2024-06-10 20:02:23,155 Received market data message: blue
2024-06-10 20:02:26,162 Received market data message: red
