2024-06-10 19:11:58,982 Received market data message: red
2024-06-10 19:12:00,081 Error receiving market data message: main thread is not in main loop
2024-06-10 19:12:01,070 Received market data message: red
2024-06-10 19:12:01,086 Received market data message: blue
2024-06-10 19:12:01,089 Received market data message: blue
2024-06-10 19:12:01,458 Received market data message: red
2024-06-10 19:12:02,469 Received market data message: red
2024-06-10 19:12:05,479 Received market data message: red
2024-06-10 19:12:06,496 Received market data message: red
2024-06-10 19:12:07,500 Received market data message: blue
2024-06-10 19:12:09,510 Received market data message: red
2024-06-10 19:12:12,526 Received market data message: blue
2024-06-10 19:12:14,529 Received market data message: blue
2024-06-10 19:12:16,538 Received market data message: red
2024-06-10 19:12:18,552 Received market data message: red
2024-06-10 19:12:20,560 Received market data message: blue
2024-06-10 19:12:23,573 Received market data message: red
2024-06-10 19:12:24,587 Received market data message: blue
2024-06-10 19:12:27,593 Received market data message: red
2024-06-10 19:12:29,607 Received market data message: red
2024-06-10 19:12:30,618 Received market data message: red
2024-06-10 19:12:31,624 Received market data message: blue
2024-06-10 19:12:33,631 Received market data message: red
2024-06-10 19:12:34,635 Received market data message: red
2024-06-10 19:12:36,640 Received market data message: red
2024-06-10 19:12:38,654 Received market data message: blue
2024-06-10 19:12:41,655 Received market data message: red
2024-06-10 19:12:44,667 Received market data message: red
2024-06-10 19:12:46,683 Received market data message: blue
2024-06-10 19:12:47,697 Received market data message: blue
2024-06-10 19:12:49,706 Received market data message: red
2024-06-10 19:12:51,709 Received market data message: red
2024-06-10 19:12:52,713 Received market data message: red
2024-06-10 19:12:55,717 Received market data message: red
2024-06-10 19:12:56,730 Received market data message: blue
2024-06-10 19:12:57,733 Received market data message: blue
2024-06-10 19:12:58,744 Received market data message: red
2024-06-10 19:12:59,749 Received market data message: blue
2024-06-10 19:13:01,220 Sent order: order red
2024-06-10 19:13:02,110 Sent order: order red
2024-06-10 19:13:02,753 Received market data message: red
2024-06-10 19:13:03,165 Sent order: order blue
2024-06-10 19:13:03,767 Received market data message: red
2024-06-10 19:13:03,870 Sent order: order blue
2024-06-10 19:13:04,779 Received market data message: red
2024-06-10 19:13:05,028 Sent order: order red
2024-06-10 19:13:05,699 Sent order: order red
2024-06-10 19:13:05,786 Received market data message: blue
2024-06-10 19:13:07,046 Sent order: order blue
2024-06-10 19:13:07,715 Sent order: order blue
2024-06-10 19:13:08,799 Received market data message: blue
2024-06-10 19:13:09,044 Sent order: order red
2024-06-10 19:13:09,729 Sent order: order red
2024-06-10 19:13:10,419 Sent order: order red
2024-06-10 19:13:11,802 Received market data message: red
2024-06-10 19:13:11,866 Sent order: order blue
2024-06-10 19:13:12,474 Sent order: order blue
2024-06-10 19:13:12,808 Received market data message: red
2024-06-10 19:13:13,146 Sent order: order blue
2024-06-10 19:13:14,534 Sent order: order red
2024-06-10 19:13:15,179 Sent order: order red
2024-06-10 19:13:15,810 Received market data message: red
2024-06-10 19:13:15,902 Sent order: order red
2024-06-10 19:13:16,811 Received market data message: red
2024-06-10 19:13:17,283 Sent order: order blue
2024-06-10 19:13:17,825 Received market data message: red
2024-06-10 19:13:17,986 Sent order: order blue
2024-06-10 19:13:18,719 Sent order: order blue
2024-06-10 19:13:19,836 Received market data message: blue
2024-06-10 19:13:21,838 Received market data message: red
2024-06-10 19:13:24,853 Received market data message: blue
2024-06-10 19:13:25,868 Received market data message: blue
2024-06-10 19:13:27,876 Received market data message: red
2024-06-10 19:13:29,884 Received market data message: blue
2024-06-10 19:13:31,898 Received market data message: red
2024-06-10 19:13:34,906 Received market data message: red
2024-06-10 19:13:35,912 Received market data message: red
2024-06-10 19:13:38,919 Received market data message: blue
2024-06-10 19:13:40,933 Received market data message: blue
2024-06-10 19:13:41,936 Received market data message: blue
2024-06-10 19:13:42,940 Received market data message: red
2024-06-10 19:13:43,952 Received market data message: red
2024-06-10 19:13:44,958 Received market data message: blue
2024-06-10 19:13:47,960 Received market data message: red
2024-06-10 19:13:49,967 Received market data message: blue
2024-06-10 19:13:52,981 Received market data message: red
2024-06-10 19:13:54,983 Received market data message: red
2024-06-10 19:13:55,998 Received market data message: red
2024-06-10 19:13:58,004 Received market data message: red
2024-06-10 19:14:01,006 Received market data message: blue
2024-06-10 19:14:03,009 Received market data message: blue
2024-06-10 19:14:05,012 Received market data message: red
2024-06-10 19:14:07,013 Received market data message: red
2024-06-10 19:14:08,028 Received market data message: blue
2024-06-10 19:14:10,030 Received market data message: blue
2024-06-10 19:14:13,046 Received market data message: red
2024-06-10 19:14:15,061 Received market data message: red
2024-06-10 19:14:17,073 Received market data message: red
2024-06-10 19:14:18,076 Received market data message: red
2024-06-10 19:14:21,085 Received market data message: red
2024-06-10 19:14:23,099 Received market data message: blue
2024-06-10 19:14:24,101 Received market data message: red
2024-06-10 19:14:25,103 Received market data message: red
2024-06-10 19:14:27,109 Received market data message: blue
2024-06-10 19:14:30,122 Received market data message: red
2024-06-10 19:14:32,138 Received market data message: blue
2024-06-10 19:14:33,153 Received market data message: red
2024-06-10 19:14:35,154 Received market data message: red
2024-06-10 19:14:36,170 Received market data message: blue
2024-06-10 19:14:38,181 Received market data message: blue
2024-06-10 19:14:39,184 Received market data message: blue
2024-06-10 19:14:42,186 Received market data message: blue
2024-06-10 19:14:45,201 Received market data message: blue
2024-06-10 19:14:47,216 Received market data message: blue
2024-06-10 19:14:49,231 Received market data message: blue
2024-06-10 19:14:50,237 Received market data message: blue
2024-06-10 19:14:51,247 Received market data message: blue
2024-06-10 19:14:52,256 Received market data message: red
2024-06-10 19:14:55,263 Received market data message: blue
2024-06-10 19:14:56,270 Received market data message: red
2024-06-10 19:14:58,280 Received market data message: blue
2024-06-10 19:15:00,296 Received market data message: red
2024-06-10 19:15:01,299 Received market data message: red
2024-06-10 19:15:02,304 Received market data message: red
2024-06-10 19:15:05,309 Received market data message: red
2024-06-10 19:15:07,310 Received market data message: red
2024-06-10 19:15:10,324 Received market data message: blue
2024-06-10 19:15:11,326 Received market data message: blue
2024-06-10 19:15:12,339 Received market data message: blue
2024-06-10 19:15:14,342 Received market data message: blue
2024-06-10 19:15:16,357 Received market data message: blue
2024-06-10 19:15:19,367 Received market data message: red
2024-06-10 19:15:21,372 Received market data message: blue
2024-06-10 19:15:22,385 Received market data message: red
2024-06-10 19:15:24,388 Received market data message: blue
2024-06-10 19:15:25,389 Received market data message: red
2024-06-10 19:15:28,397 Received market data message: blue
2024-06-10 19:15:30,404 Received market data message: blue
2024-06-10 19:15:31,405 Received market data message: blue
2024-06-10 19:15:34,421 Received market data message: red
2024-06-10 19:15:36,429 Received market data message: blue
2024-06-10 19:15:39,436 Received market data message: blue
2024-06-10 19:15:41,451 Received market data message: red
2024-06-10 19:15:43,457 Received market data message: blue
2024-06-10 19:15:44,460 Received market data message: red
2024-06-10 19:15:46,469 Received market data message: red
2024-06-10 19:15:47,480 Received market data message: red
2024-06-10 19:15:48,483 Received market data message: red
2024-06-10 19:15:50,493 Received market data message: blue
2024-06-10 19:15:52,503 Received market data message: blue
2024-06-10 19:15:53,505 Received market data message: blue
2024-06-10 19:15:54,518 Received market data message: red
2024-06-10 19:15:55,524 Received market data message: red
2024-06-10 19:15:58,528 Received market data message: red
2024-06-10 19:15:59,538 Received market data message: red
2024-06-10 19:16:02,550 Received market data message: blue
2024-06-10 19:16:05,553 Received market data message: red
2024-06-10 19:16:07,554 Received market data message: blue
2024-06-10 19:16:08,560 Received market data message: red
2024-06-10 19:16:11,575 Received market data message: red
2024-06-10 19:16:14,576 Received market data message: blue
2024-06-10 19:16:16,581 Received market data message: red
2024-06-10 19:16:17,590 Received market data message: red
2024-06-10 19:16:20,605 Received market data message: blue
2024-06-10 19:16:23,610 Received market data message: red
2024-06-10 19:16:25,616 Received market data message: red
2024-06-10 19:16:27,624 Received market data message: red
2024-06-10 19:16:28,633 Received market data message: blue
2024-06-10 19:16:29,645 Received market data message: red
2024-06-10 19:16:32,659 Received market data message: blue
2024-06-10 19:16:34,670 Received market data message: red
2024-06-10 19:16:35,680 Received market data message: blue
2024-06-10 19:16:37,694 Received market data message: red
2024-06-10 19:16:40,696 Received market data message: red
2024-06-10 19:16:41,698 Received market data message: red
2024-06-10 19:16:43,711 Received market data message: blue
2024-06-10 19:16:45,715 Received market data message: blue
2024-06-10 19:16:46,716 Received market data message: red
2024-06-10 19:16:49,727 Received market data message: red
2024-06-10 19:16:52,743 Received market data message: blue
2024-06-10 19:16:55,747 Received market data message: blue
2024-06-10 19:16:58,749 Received market data message: blue
2024-06-10 19:16:59,764 Received market data message: blue
2024-06-10 19:17:00,771 Received market data message: red
2024-06-10 19:17:01,779 Received market data message: red
2024-06-10 19:17:02,793 Received market data message: red
2024-06-10 19:17:03,808 Received market data message: blue
2024-06-10 19:17:05,822 Received market data message: blue
2024-06-10 19:17:07,823 Received market data message: blue
2024-06-10 19:17:10,826 Received market data message: red
2024-06-10 19:17:13,832 Received market data message: blue
2024-06-10 19:17:14,836 Received market data message: red
2024-06-10 19:17:16,840 Received market data message: blue
2024-06-10 19:17:17,842 Received market data message: red
2024-06-10 19:17:19,844 Received market data message: blue
2024-06-10 19:17:21,851 Received market data message: blue
