2024-06-10 19:17:39,169 Received market data message: blue
2024-06-10 19:17:40,271 Error receiving market data message: main thread is not in main loop
2024-06-10 19:17:41,291 Received market data message: blue
2024-06-10 19:17:41,305 Received market data message: blue
2024-06-10 19:17:41,309 Received market data message: blue
2024-06-10 19:17:43,047 Received market data message: red
2024-06-10 19:17:45,057 Received market data message: blue
2024-06-10 19:17:48,070 Received market data message: blue
2024-06-10 19:17:51,086 Received market data message: blue
2024-06-10 19:17:53,094 Received market data message: blue
2024-06-10 19:17:55,102 Received market data message: blue
2024-06-10 19:17:57,117 Received market data message: red
2024-06-10 19:18:00,127 Received market data message: red
2024-06-10 19:18:03,140 Received market data message: blue
2024-06-10 19:18:05,141 Received market data message: red
2024-06-10 19:18:06,634 Sent order: order red
2024-06-10 19:18:08,142 Received market data message: blue
2024-06-10 19:18:08,931 Sent order: order blue
2024-06-10 19:18:10,150 Received market data message: blue
2024-06-10 19:18:12,165 Received market data message: blue
2024-06-10 19:18:14,178 Received market data message: blue
2024-06-10 19:18:15,190 Received market data message: blue
2024-06-10 19:18:16,197 Received market data message: red
2024-06-10 19:18:18,203 Received market data message: blue
2024-06-10 19:18:19,206 Received market data message: blue
2024-06-10 19:18:20,226 Received market data message: blue
2024-06-10 19:18:21,240 Received market data message: blue
2024-06-10 19:18:23,246 Received market data message: red
2024-06-10 19:18:25,257 Received market data message: red
2024-06-10 19:18:27,271 Received market data message: blue
2024-06-10 19:18:28,274 Received market data message: red
2024-06-10 19:18:31,287 Received market data message: red
2024-06-10 19:18:33,289 Received market data message: red
2024-06-10 19:18:34,305 Received market data message: blue
2024-06-10 19:18:37,312 Received market data message: red
2024-06-10 19:18:38,317 Received market data message: blue
2024-06-10 19:18:39,323 Received market data message: red
2024-06-10 19:18:42,336 Received market data message: red
2024-06-10 19:18:45,343 Received market data message: blue
2024-06-10 19:18:46,353 Received market data message: red
2024-06-10 19:18:47,356 Received market data message: red
2024-06-10 19:18:48,364 Received market data message: blue
2024-06-10 19:18:49,366 Received market data message: blue
2024-06-10 19:18:51,379 Received market data message: blue
2024-06-10 19:18:52,381 Received market data message: blue
2024-06-10 19:18:55,397 Received market data message: blue
2024-06-10 19:18:58,411 Received market data message: red
2024-06-10 19:19:00,423 Received market data message: blue
2024-06-10 19:19:01,434 Received market data message: blue
2024-06-10 19:19:04,435 Received market data message: blue
2024-06-10 19:19:07,445 Received market data message: blue
2024-06-10 19:19:10,456 Received market data message: blue
