2024-06-10 19:24:55,257 Received market data message: red
2024-06-10 19:24:56,360 Error receiving market data message: main thread is not in main loop
2024-06-10 19:24:57,355 Received market data message: red
2024-06-10 19:24:57,363 Received market data message: blue
2024-06-10 19:24:57,369 Received market data message: blue
2024-06-10 19:24:59,053 Received market data message: red
2024-06-10 19:25:01,060 Received market data message: red
2024-06-10 19:25:03,070 Received market data message: blue
2024-06-10 19:25:04,077 Received market data message: blue
2024-06-10 19:25:07,091 Received market data message: blue
2024-06-10 19:25:10,105 Received market data message: red
2024-06-10 19:25:12,119 Received market data message: blue
2024-06-10 19:25:15,134 Received market data message: blue
2024-06-10 19:25:15,928 Sent order: order red
2024-06-10 19:25:16,146 Received market data message: red
2024-06-10 19:25:16,770 Sent order: order blue
2024-06-10 19:25:18,150 Received market data message: red
2024-06-10 19:25:19,153 Received market data message: red
2024-06-10 19:25:20,161 Received market data message: red
2024-06-10 19:25:21,167 Received market data message: blue
2024-06-10 19:25:24,175 Received market data message: red
2024-06-10 19:25:25,189 Received market data message: blue
2024-06-10 19:25:28,190 Received market data message: red
2024-06-10 19:25:30,203 Received market data message: blue
2024-06-10 19:25:32,211 Received market data message: blue
2024-06-10 19:25:33,224 Received market data message: red
2024-06-10 19:25:34,239 Received market data message: red
2024-06-10 19:25:36,243 Received market data message: blue
2024-06-10 19:25:39,260 Received market data message: red
2024-06-10 19:25:41,261 Received market data message: blue
2024-06-10 19:25:43,262 Received market data message: red
2024-06-10 19:25:44,264 Received market data message: blue
2024-06-10 19:25:45,272 Received market data message: red
2024-06-10 19:25:48,283 Received market data message: red
2024-06-10 19:25:50,298 Received market data message: red
2024-06-10 19:25:53,308 Received market data message: red
2024-06-10 19:25:54,313 Received market data message: blue
2024-06-10 19:25:56,324 Received market data message: blue
2024-06-10 19:25:59,335 Received market data message: blue
2024-06-10 19:26:01,342 Received market data message: red
2024-06-10 19:26:03,357 Received market data message: blue
2024-06-10 19:26:06,367 Received market data message: blue
2024-06-10 19:26:09,375 Received market data message: blue
2024-06-10 19:26:10,379 Received market data message: red
2024-06-10 19:26:12,385 Received market data message: red
2024-06-10 19:26:15,390 Received market data message: blue
2024-06-10 19:26:18,406 Received market data message: red
2024-06-10 19:26:20,419 Received market data message: blue
2024-06-10 19:26:21,430 Received market data message: red
2024-06-10 19:26:23,434 Received market data message: blue
2024-06-10 19:26:26,436 Received market data message: blue
2024-06-10 19:26:29,448 Received market data message: blue
2024-06-10 19:26:30,466 Received market data message: red
2024-06-10 19:26:33,474 Received market data message: red
2024-06-10 19:26:36,477 Received market data message: blue
2024-06-10 19:26:38,492 Received market data message: red
2024-06-10 19:26:41,507 Received market data message: blue
2024-06-10 19:26:42,513 Received market data message: blue
2024-06-10 19:26:43,519 Received market data message: blue
2024-06-10 19:26:44,528 Received market data message: red
2024-06-10 19:26:45,542 Received market data message: blue
2024-06-10 19:26:47,557 Received market data message: red
2024-06-10 19:26:49,570 Received market data message: red
2024-06-10 19:26:50,584 Received market data message: red
2024-06-10 19:26:53,588 Received market data message: blue
2024-06-10 19:26:56,593 Received market data message: red
2024-06-10 19:26:57,598 Received market data message: red
2024-06-10 19:27:00,605 Received market data message: red
2024-06-10 19:27:02,614 Received market data message: red
2024-06-10 19:27:05,621 Received market data message: blue
2024-06-10 19:27:07,623 Received market data message: red
2024-06-10 19:27:10,630 Received market data message: blue
2024-06-10 19:27:12,644 Received market data message: red
2024-06-10 19:27:14,657 Received market data message: red
2024-06-10 19:27:17,670 Received market data message: blue
2024-06-10 19:27:20,674 Received market data message: blue
2024-06-10 19:27:21,685 Received market data message: red
2024-06-10 19:27:23,687 Received market data message: blue
2024-06-10 19:27:24,699 Received market data message: blue
2024-06-10 19:27:27,701 Received market data message: blue
2024-06-10 19:27:29,716 Received market data message: blue
2024-06-10 19:27:30,729 Received market data message: blue
2024-06-10 19:27:33,731 Received market data message: blue
2024-06-10 19:27:36,745 Received market data message: red
2024-06-10 19:27:39,748 Received market data message: blue
2024-06-10 19:27:41,749 Received market data message: red
2024-06-10 19:27:44,765 Received market data message: blue
2024-06-10 19:27:46,773 Received market data message: red
2024-06-10 19:27:49,779 Received market data message: red
2024-06-10 19:27:50,793 Received market data message: blue
2024-06-10 19:27:52,807 Received market data message: red
2024-06-10 19:27:55,817 Received market data message: red
2024-06-10 19:27:58,830 Received market data message: red
2024-06-10 19:27:59,838 Received market data message: red
2024-06-10 19:28:00,843 Received market data message: blue
2024-06-10 19:28:01,847 Received market data message: red
2024-06-10 19:28:02,856 Received market data message: red
2024-06-10 19:28:04,866 Received market data message: blue
2024-06-10 19:28:06,871 Received market data message: red
2024-06-10 19:28:08,876 Received market data message: red
2024-06-10 19:28:10,889 Received market data message: red
2024-06-10 19:28:12,894 Received market data message: red
2024-06-10 19:28:13,910 Received market data message: blue
2024-06-10 19:28:16,922 Received market data message: red
2024-06-10 19:28:18,929 Received market data message: blue
2024-06-10 19:28:19,936 Received market data message: red
2024-06-10 19:28:21,950 Received market data message: red
2024-06-10 19:28:22,966 Received market data message: red
2024-06-10 19:28:25,976 Received market data message: blue
2024-06-10 19:28:27,980 Received market data message: blue
2024-06-10 19:28:30,993 Received market data message: red
2024-06-10 19:28:33,997 Received market data message: red
2024-06-10 19:28:35,999 Received market data message: red
2024-06-10 19:28:39,012 Received market data message: red
2024-06-10 19:28:40,024 Received market data message: red
2024-06-10 19:28:41,031 Received market data message: red
2024-06-10 19:28:42,044 Received market data message: blue
2024-06-10 19:28:43,049 Received market data message: blue
2024-06-10 19:28:46,058 Received market data message: blue
2024-06-10 19:28:47,065 Received market data message: blue
2024-06-10 19:28:50,074 Received market data message: red
2024-06-10 19:28:53,077 Received market data message: red
2024-06-10 19:28:56,089 Received market data message: red
2024-06-10 19:28:58,093 Received market data message: red
2024-06-10 19:29:00,107 Received market data message: blue
2024-06-10 19:29:01,110 Received market data message: red
2024-06-10 19:29:04,122 Received market data message: red
2024-06-10 19:29:07,132 Received market data message: blue
2024-06-10 19:29:08,142 Received market data message: blue
2024-06-10 19:29:10,151 Received market data message: red
2024-06-10 19:29:11,158 Received market data message: blue
2024-06-10 19:29:12,165 Received market data message: blue
2024-06-10 19:29:13,173 Received market data message: red
2024-06-10 19:29:16,185 Received market data message: red
2024-06-10 19:29:17,192 Received market data message: red
2024-06-10 19:29:18,207 Received market data message: red
2024-06-10 19:29:20,210 Received market data message: blue
2024-06-10 19:29:22,226 Received market data message: red
2024-06-10 19:29:25,235 Received market data message: blue
2024-06-10 19:29:28,243 Received market data message: blue
2024-06-10 19:29:31,243 Received market data message: red
2024-06-10 19:29:34,249 Received market data message: blue
2024-06-10 19:29:36,251 Received market data message: red
2024-06-10 19:29:39,264 Received market data message: red
2024-06-10 19:29:41,279 Received market data message: red
2024-06-10 19:29:42,285 Received market data message: blue
2024-06-10 19:29:43,293 Received market data message: red
2024-06-10 19:29:46,309 Received market data message: blue
2024-06-10 19:29:49,324 Received market data message: red
2024-06-10 19:29:52,325 Received market data message: blue
2024-06-10 19:29:53,337 Received market data message: red
2024-06-10 19:29:56,353 Received market data message: blue
2024-06-10 19:29:59,366 Received market data message: blue
2024-06-10 19:30:00,373 Received market data message: red
2024-06-10 19:30:03,387 Received market data message: blue
2024-06-10 19:30:06,388 Received market data message: red
2024-06-10 19:30:07,394 Received market data message: blue
2024-06-10 19:30:09,396 Received market data message: blue
2024-06-10 19:30:11,400 Received market data message: blue
2024-06-10 19:30:12,403 Received market data message: blue
2024-06-10 19:30:15,415 Received market data message: red
2024-06-10 19:30:17,419 Received market data message: blue
2024-06-10 19:30:18,425 Received market data message: red
2024-06-10 19:30:20,431 Received market data message: blue
2024-06-10 19:30:21,436 Received market data message: blue
2024-06-10 19:30:24,449 Received market data message: blue
2024-06-10 19:30:25,449 Received market data message: red
2024-06-10 19:30:26,460 Received market data message: red
2024-06-10 19:30:27,472 Received market data message: blue
2024-06-10 19:30:28,482 Received market data message: red
2024-06-10 19:30:31,489 Received market data message: red
2024-06-10 19:30:33,495 Received market data message: blue
2024-06-10 19:30:34,498 Received market data message: blue
2024-06-10 19:30:35,504 Received market data message: red
2024-06-10 19:30:37,505 Received market data message: blue
2024-06-10 19:30:40,520 Received market data message: blue
2024-06-10 19:30:41,526 Received market data message: blue
2024-06-10 19:30:43,528 Received market data message: blue
2024-06-10 19:30:44,532 Received market data message: blue
2024-06-10 19:30:47,544 Received market data message: red
2024-06-10 19:30:48,554 Received market data message: blue
2024-06-10 19:30:51,559 Received market data message: blue
2024-06-10 19:30:53,560 Received market data message: blue
2024-06-10 19:30:56,574 Received market data message: blue
2024-06-10 19:30:59,584 Received market data message: red
2024-06-10 19:31:00,597 Received market data message: red
2024-06-10 19:31:03,600 Received market data message: blue
2024-06-10 19:31:04,610 Received market data message: blue
2024-06-10 19:31:05,624 Received market data message: red
2024-06-10 19:31:08,638 Received market data message: blue
2024-06-10 19:31:11,648 Received market data message: blue
2024-06-10 19:31:12,655 Received market data message: blue
2024-06-10 19:31:14,657 Received market data message: red
2024-06-10 19:31:15,667 Received market data message: red
2024-06-10 19:31:16,671 Received market data message: blue
2024-06-10 19:31:17,681 Received market data message: blue
2024-06-10 19:31:20,685 Received market data message: blue
2024-06-10 19:31:22,686 Received market data message: red
2024-06-10 19:31:24,696 Received market data message: red
2024-06-10 19:31:25,711 Received market data message: blue
2024-06-10 19:31:27,719 Received market data message: red
2024-06-10 19:31:28,728 Received market data message: red
2024-06-10 19:31:31,732 Received market data message: blue
2024-06-10 19:31:34,735 Received market data message: blue
2024-06-10 19:31:37,748 Received market data message: red
2024-06-10 19:31:38,763 Received market data message: blue
2024-06-10 19:31:40,773 Received market data message: blue
2024-06-10 19:31:42,775 Received market data message: red
2024-06-10 19:31:43,781 Received market data message: blue
2024-06-10 19:31:44,783 Received market data message: red
2024-06-10 19:31:46,798 Received market data message: blue
2024-06-10 19:31:49,810 Received market data message: red
2024-06-10 19:31:51,810 Received market data message: red
2024-06-10 19:31:52,825 Received market data message: red
2024-06-10 19:31:55,832 Received market data message: blue
2024-06-10 19:31:56,838 Received market data message: blue
2024-06-10 19:31:57,845 Received market data message: red
2024-06-10 19:32:00,860 Received market data message: red
2024-06-10 19:32:03,873 Received market data message: blue
2024-06-10 19:32:05,882 Received market data message: red
2024-06-10 19:32:06,888 Received market data message: blue
2024-06-10 19:32:08,892 Received market data message: red
2024-06-10 19:32:11,893 Received market data message: red
2024-06-10 19:32:14,907 Received market data message: red
2024-06-10 19:32:17,919 Received market data message: blue
2024-06-10 19:32:20,919 Received market data message: blue
2024-06-10 19:32:22,922 Received market data message: red
2024-06-10 19:32:23,933 Received market data message: red
2024-06-10 19:32:26,937 Received market data message: blue
2024-06-10 19:32:28,949 Received market data message: red
2024-06-10 19:32:31,958 Received market data message: red
2024-06-10 19:32:32,961 Received market data message: red
2024-06-10 19:32:34,971 Received market data message: blue
2024-06-10 19:32:37,980 Received market data message: red
2024-06-10 19:32:39,981 Received market data message: red
2024-06-10 19:32:42,983 Received market data message: red
2024-06-10 19:32:43,998 Received market data message: red
2024-06-10 19:32:47,010 Received market data message: red
2024-06-10 19:32:50,022 Received market data message: red
2024-06-10 19:32:52,029 Received market data message: blue
2024-06-10 19:32:54,032 Received market data message: blue
2024-06-10 19:32:57,035 Received market data message: blue
2024-06-10 19:32:58,046 Received market data message: blue
2024-06-10 19:33:01,048 Received market data message: blue
2024-06-10 19:33:02,054 Received market data message: red
2024-06-10 19:33:04,057 Received market data message: blue
2024-06-10 19:33:07,073 Received market data message: red
2024-06-10 19:33:08,076 Received market data message: blue
2024-06-10 19:33:10,084 Received market data message: blue
2024-06-10 19:33:13,096 Received market data message: blue
2024-06-10 19:33:14,102 Received market data message: blue
2024-06-10 19:33:16,108 Received market data message: blue
2024-06-10 19:33:17,121 Received market data message: red
2024-06-10 19:33:19,122 Received market data message: blue
2024-06-10 19:33:21,130 Received market data message: blue
2024-06-10 19:33:22,136 Received market data message: blue
2024-06-10 19:33:25,145 Received market data message: red
2024-06-10 19:33:27,153 Received market data message: blue
2024-06-10 19:33:28,163 Received market data message: blue
2024-06-10 19:33:30,166 Received market data message: red
2024-06-10 19:33:33,176 Received market data message: red
2024-06-10 19:33:35,189 Received market data message: red
2024-06-10 19:33:36,201 Received market data message: red
2024-06-10 19:33:37,216 Received market data message: red
2024-06-10 19:33:39,229 Received market data message: red
2024-06-10 19:33:40,243 Received market data message: blue
2024-06-10 19:33:43,255 Received market data message: red
2024-06-10 19:33:45,259 Received market data message: blue
2024-06-10 19:33:47,275 Received market data message: red
2024-06-10 19:33:50,278 Received market data message: red
2024-06-10 19:33:53,283 Received market data message: red
2024-06-10 19:33:54,298 Received market data message: blue
2024-06-10 19:33:56,307 Received market data message: blue
2024-06-10 19:33:59,319 Received market data message: blue
2024-06-10 19:34:00,326 Received market data message: red
2024-06-10 19:34:02,338 Received market data message: red
2024-06-10 19:34:03,339 Received market data message: blue
2024-06-10 19:34:06,353 Received market data message: red
2024-06-10 19:34:09,357 Received market data message: red
2024-06-10 19:34:10,362 Received market data message: blue
2024-06-10 19:34:11,374 Received market data message: red
2024-06-10 19:34:13,388 Received market data message: red
2024-06-10 19:34:14,388 Received market data message: blue
2024-06-10 19:34:15,389 Received market data message: blue
2024-06-10 19:34:17,397 Received market data message: blue
2024-06-10 19:34:19,401 Received market data message: blue
2024-06-10 19:34:20,412 Received market data message: red
2024-06-10 19:34:22,418 Received market data message: red
2024-06-10 19:34:24,433 Received market data message: blue
2024-06-10 19:34:26,445 Received market data message: red
2024-06-10 19:34:28,453 Received market data message: red
2024-06-10 19:34:30,454 Received market data message: blue
2024-06-10 19:34:31,467 Received market data message: blue
2024-06-10 19:34:34,479 Received market data message: blue
2024-06-10 19:34:36,482 Received market data message: red
2024-06-10 19:34:38,488 Received market data message: blue
2024-06-10 19:34:40,498 Received market data message: red
2024-06-10 19:34:41,510 Received market data message: red
2024-06-10 19:34:44,511 Received market data message: blue
2024-06-10 19:34:45,516 Received market data message: blue
2024-06-10 19:34:46,522 Received market data message: red
2024-06-10 19:34:47,531 Received market data message: red
2024-06-10 19:34:49,541 Received market data message: red
2024-06-10 19:34:51,542 Received market data message: blue
2024-06-10 19:34:52,550 Received market data message: red
2024-06-10 19:34:55,564 Received market data message: red
2024-06-10 19:34:57,566 Received market data message: red
2024-06-10 19:35:00,577 Received market data message: blue
2024-06-10 19:35:01,591 Received market data message: blue
2024-06-10 19:35:04,605 Received market data message: blue
2024-06-10 19:35:05,610 Received market data message: red
2024-06-10 19:35:06,624 Received market data message: red
2024-06-10 19:35:08,639 Received market data message: red
2024-06-10 19:35:11,646 Received market data message: blue
2024-06-10 19:35:14,654 Received market data message: blue
2024-06-10 19:35:15,663 Received market data message: blue
2024-06-10 19:35:17,666 Received market data message: red
2024-06-10 19:35:19,670 Received market data message: blue
2024-06-10 19:35:21,677 Received market data message: red
2024-06-10 19:35:24,686 Received market data message: red
2024-06-10 19:35:27,689 Received market data message: blue
2024-06-10 19:35:29,695 Received market data message: red
2024-06-10 19:35:32,704 Received market data message: blue
2024-06-10 19:35:35,718 Received market data message: red
2024-06-10 19:35:37,721 Received market data message: blue
2024-06-10 19:35:38,732 Received market data message: blue
2024-06-10 19:35:39,743 Received market data message: blue
2024-06-10 19:35:41,757 Received market data message: red
2024-06-10 19:35:44,759 Received market data message: red
2024-06-10 19:35:46,762 Received market data message: red
2024-06-10 19:35:48,767 Received market data message: red
2024-06-10 19:35:49,775 Received market data message: blue
2024-06-10 19:35:52,784 Received market data message: red
2024-06-10 19:35:54,787 Received market data message: red
2024-06-10 19:35:56,793 Received market data message: red
2024-06-10 19:35:57,804 Received market data message: blue
2024-06-10 19:35:58,811 Received market data message: blue
2024-06-10 19:36:01,825 Received market data message: red
2024-06-10 19:36:02,827 Received market data message: blue
2024-06-10 19:36:04,842 Received market data message: red
2024-06-10 19:36:06,853 Received market data message: red
2024-06-10 19:36:09,866 Received market data message: blue
2024-06-10 19:36:11,867 Received market data message: red
2024-06-10 19:36:14,882 Received market data message: blue
2024-06-10 19:36:15,890 Received market data message: red
2024-06-10 19:36:17,901 Received market data message: blue
2024-06-10 19:36:19,910 Received market data message: red
2024-06-10 19:36:22,925 Received market data message: blue
2024-06-10 19:36:24,928 Received market data message: blue
2024-06-10 19:36:27,929 Received market data message: red
2024-06-10 19:36:29,931 Received market data message: blue
2024-06-10 19:36:30,939 Received market data message: blue
2024-06-10 19:36:32,947 Received market data message: blue
2024-06-10 19:36:35,951 Received market data message: blue
2024-06-10 19:36:36,956 Received market data message: blue
2024-06-10 19:36:38,966 Received market data message: blue
2024-06-10 19:36:40,969 Received market data message: red
2024-06-10 19:36:42,982 Received market data message: red
2024-06-10 19:36:43,985 Received market data message: red
2024-06-10 19:36:46,000 Received market data message: red
2024-06-10 19:36:49,010 Received market data message: blue
2024-06-10 19:36:52,026 Received market data message: blue
2024-06-10 19:36:55,030 Received market data message: blue
2024-06-10 19:36:56,035 Received market data message: blue
2024-06-10 19:36:58,040 Received market data message: red
2024-06-10 19:37:00,046 Received market data message: red
2024-06-10 19:37:02,054 Received market data message: red
2024-06-10 19:37:04,069 Received market data message: blue
2024-06-10 19:37:05,083 Received market data message: red
2024-06-10 19:37:08,097 Received market data message: red
2024-06-10 19:37:11,113 Received market data message: red
2024-06-10 19:37:13,124 Received market data message: red
2024-06-10 19:37:14,139 Received market data message: blue
2024-06-10 19:37:15,140 Received market data message: red
2024-06-10 19:37:16,152 Received market data message: blue
2024-06-10 19:37:17,155 Received market data message: blue
2024-06-10 19:37:18,158 Received market data message: blue
2024-06-10 19:37:20,161 Received market data message: red
2024-06-10 19:37:21,173 Received market data message: blue
2024-06-10 19:37:24,180 Received market data message: blue
2024-06-10 19:37:26,190 Received market data message: blue
2024-06-10 19:37:29,196 Received market data message: blue
2024-06-10 19:37:30,204 Received market data message: blue
2024-06-10 19:37:31,209 Received market data message: blue
2024-06-10 19:37:33,215 Received market data message: blue
2024-06-10 19:37:36,226 Received market data message: blue
2024-06-10 19:37:37,233 Received market data message: blue
2024-06-10 19:37:40,235 Received market data message: blue
2024-06-10 19:37:43,247 Received market data message: red
2024-06-10 19:37:44,260 Received market data message: red
2024-06-10 19:37:46,265 Received market data message: blue
2024-06-10 19:37:47,270 Received market data message: red
2024-06-10 19:37:50,273 Received market data message: red
2024-06-10 19:37:52,279 Received market data message: red
2024-06-10 19:37:53,294 Received market data message: red
2024-06-10 19:37:55,304 Received market data message: blue
2024-06-10 19:37:58,306 Received market data message: blue
2024-06-10 19:38:00,318 Received market data message: red
2024-06-10 19:38:01,327 Received market data message: red
2024-06-10 19:38:03,331 Received market data message: red
2024-06-10 19:38:06,343 Received market data message: red
2024-06-10 19:38:08,358 Received market data message: red
2024-06-10 19:38:11,373 Received market data message: red
2024-06-10 19:38:13,373 Received market data message: blue
2024-06-10 19:38:14,389 Received market data message: blue
2024-06-10 19:38:16,389 Received market data message: red
2024-06-10 19:38:17,404 Received market data message: blue
2024-06-10 19:38:18,415 Received market data message: blue
2024-06-10 19:38:20,430 Received market data message: blue
2024-06-10 19:38:23,431 Received market data message: blue
2024-06-10 19:38:26,441 Received market data message: red
2024-06-10 19:38:27,443 Received market data message: red
2024-06-10 19:38:30,456 Received market data message: blue
2024-06-10 19:38:33,464 Received market data message: blue
2024-06-10 19:38:35,476 Received market data message: blue
2024-06-10 19:38:37,489 Received market data message: red
2024-06-10 19:38:40,491 Received market data message: blue
2024-06-10 19:38:42,502 Received market data message: blue
2024-06-10 19:38:45,514 Received market data message: red
2024-06-10 19:38:46,524 Received market data message: red
2024-06-10 19:38:48,531 Received market data message: blue
2024-06-10 19:38:49,546 Received market data message: blue
2024-06-10 19:38:52,552 Received market data message: red
2024-06-10 19:38:53,561 Received market data message: red
2024-06-10 19:38:56,576 Received market data message: blue
2024-06-10 19:38:59,576 Received market data message: blue
2024-06-10 19:39:01,590 Received market data message: red
2024-06-10 19:39:02,592 Received market data message: blue
2024-06-10 19:39:03,603 Received market data message: blue
2024-06-10 19:39:05,608 Received market data message: blue
2024-06-10 19:39:06,610 Received market data message: blue
2024-06-10 19:39:07,624 Received market data message: red
2024-06-10 19:39:08,625 Received market data message: red
2024-06-10 19:39:11,626 Received market data message: red
2024-06-10 19:39:14,634 Received market data message: blue
2024-06-10 19:39:15,646 Received market data message: blue
2024-06-10 19:39:17,654 Received market data message: red
2024-06-10 19:39:20,669 Received market data message: blue
2024-06-10 19:39:22,669 Received market data message: blue
2024-06-10 19:39:24,673 Received market data message: blue
2024-06-10 19:39:27,685 Received market data message: blue
2024-06-10 19:39:29,701 Received market data message: red
2024-06-10 19:39:32,702 Received market data message: red
2024-06-10 19:39:35,710 Received market data message: red
2024-06-10 19:39:37,715 Received market data message: red
2024-06-10 19:39:38,716 Received market data message: blue
2024-06-10 19:39:40,727 Received market data message: red
2024-06-10 19:39:42,731 Received market data message: red
2024-06-10 19:39:44,739 Received market data message: blue
2024-06-10 19:39:47,754 Received market data message: blue
2024-06-10 19:39:50,763 Received market data message: blue
2024-06-10 19:39:52,764 Received market data message: blue
2024-06-10 19:39:54,779 Received market data message: red
2024-06-10 19:39:55,780 Received market data message: blue
2024-06-10 19:39:58,788 Received market data message: red
2024-06-10 19:39:59,799 Received market data message: red
2024-06-10 19:40:01,808 Received market data message: red
2024-06-10 19:40:03,819 Received market data message: red
2024-06-10 19:40:06,830 Received market data message: red
2024-06-10 19:40:07,839 Received market data message: blue
2024-06-10 19:40:09,848 Received market data message: blue
2024-06-10 19:40:10,856 Received market data message: red
2024-06-10 19:40:13,864 Received market data message: red
2024-06-10 19:40:14,866 Received market data message: red
2024-06-10 19:40:16,876 Received market data message: red
2024-06-10 19:40:19,882 Received market data message: blue
2024-06-10 19:40:22,889 Received market data message: red
2024-06-10 19:40:25,891 Received market data message: blue
2024-06-10 19:40:26,903 Received market data message: red
2024-06-10 19:40:29,904 Received market data message: blue
2024-06-10 19:40:31,907 Received market data message: blue
2024-06-10 19:40:34,921 Received market data message: blue
2024-06-10 19:40:35,928 Received market data message: blue
2024-06-10 19:40:37,938 Received market data message: blue
2024-06-10 19:40:40,938 Received market data message: blue
2024-06-10 19:40:41,944 Received market data message: blue
2024-06-10 19:40:43,944 Received market data message: red
2024-06-10 19:40:46,951 Received market data message: red
2024-06-10 19:40:48,964 Received market data message: red
2024-06-10 19:40:50,973 Received market data message: red
2024-06-10 19:40:53,986 Received market data message: red
2024-06-10 19:40:55,000 Received market data message: red
2024-06-10 19:40:57,007 Received market data message: blue
2024-06-10 19:41:00,016 Received market data message: blue
2024-06-10 19:41:03,027 Received market data message: red
2024-06-10 19:41:06,028 Received market data message: blue
2024-06-10 19:41:07,039 Received market data message: blue
2024-06-10 19:41:10,046 Received market data message: blue
2024-06-10 19:41:11,052 Received market data message: red
2024-06-10 19:41:12,063 Received market data message: blue
2024-06-10 19:41:13,073 Received market data message: red
2024-06-10 19:41:14,079 Received market data message: blue
2024-06-10 19:41:16,085 Received market data message: red
2024-06-10 19:41:19,089 Received market data message: blue
2024-06-10 19:41:21,091 Received market data message: blue
2024-06-10 19:41:24,101 Received market data message: blue
2024-06-10 19:41:26,107 Received market data message: red
2024-06-10 19:41:28,120 Received market data message: blue
2024-06-10 19:41:29,132 Received market data message: blue
2024-06-10 19:41:32,138 Received market data message: blue
2024-06-10 19:41:33,145 Received market data message: red
2024-06-10 19:41:34,156 Received market data message: blue
2024-06-10 19:41:37,162 Received market data message: blue
2024-06-10 19:41:39,169 Received market data message: blue
2024-06-10 19:41:41,171 Received market data message: red
2024-06-10 19:41:43,185 Received market data message: red
2024-06-10 19:41:46,186 Received market data message: red
2024-06-10 19:41:47,202 Received market data message: blue
2024-06-10 19:41:48,217 Received market data message: blue
2024-06-10 19:41:51,218 Received market data message: red
2024-06-10 19:41:54,220 Received market data message: red
2024-06-10 19:41:57,233 Received market data message: blue
2024-06-10 19:42:00,245 Received market data message: blue
2024-06-10 19:42:01,256 Received market data message: red
2024-06-10 19:42:04,263 Received market data message: blue
2024-06-10 19:42:06,265 Received market data message: red
2024-06-10 19:42:09,279 Received market data message: blue
2024-06-10 19:42:12,288 Received market data message: red
2024-06-10 19:42:14,303 Received market data message: blue
2024-06-10 19:42:17,313 Received market data message: red
2024-06-10 19:42:19,318 Received market data message: red
2024-06-10 19:42:22,324 Received market data message: red
2024-06-10 19:42:25,332 Received market data message: blue
2024-06-10 19:42:27,339 Received market data message: blue
2024-06-10 19:42:30,354 Received market data message: blue
2024-06-10 19:42:32,369 Received market data message: red
2024-06-10 19:42:33,374 Received market data message: red
2024-06-10 19:42:36,381 Received market data message: blue
2024-06-10 19:42:38,397 Received market data message: red
2024-06-10 19:42:39,399 Received market data message: red
2024-06-10 19:42:40,405 Received market data message: red
2024-06-10 19:42:41,418 Received market data message: blue
2024-06-10 19:42:43,434 Received market data message: blue
2024-06-10 19:42:44,435 Received market data message: red
2024-06-10 19:42:47,436 Received market data message: red
2024-06-10 19:42:49,449 Received market data message: blue
2024-06-10 19:42:50,454 Received market data message: red
2024-06-10 19:42:51,461 Received market data message: blue
2024-06-10 19:42:54,475 Received market data message: blue
2024-06-10 19:42:55,485 Received market data message: red
2024-06-10 19:42:56,494 Received market data message: blue
2024-06-10 19:42:57,499 Received market data message: blue
2024-06-10 19:43:00,508 Received market data message: blue
2024-06-10 19:43:03,518 Received market data message: red
2024-06-10 19:43:06,523 Received market data message: red
2024-06-10 19:43:08,529 Received market data message: blue
2024-06-10 19:43:11,535 Received market data message: blue
2024-06-10 19:43:12,541 Received market data message: red
2024-06-10 19:43:13,545 Received market data message: red
2024-06-10 19:43:16,560 Received market data message: red
2024-06-10 19:43:17,575 Received market data message: blue
2024-06-10 19:43:18,583 Received market data message: red
2024-06-10 19:43:19,593 Received market data message: blue
2024-06-10 19:43:22,604 Received market data message: red
2024-06-10 19:43:23,615 Received market data message: blue
2024-06-10 19:43:24,623 Received market data message: blue
2024-06-10 19:43:25,624 Received market data message: red
2024-06-10 19:43:28,640 Received market data message: blue
2024-06-10 19:43:29,641 Received market data message: blue
2024-06-10 19:43:30,647 Received market data message: blue
2024-06-10 19:43:33,659 Received market data message: blue
2024-06-10 19:43:36,674 Received market data message: red
2024-06-10 19:43:39,688 Received market data message: blue
2024-06-10 19:43:40,695 Received market data message: red
2024-06-10 19:43:41,696 Received market data message: blue
2024-06-10 19:43:44,700 Received market data message: red
2024-06-10 19:43:46,702 Received market data message: red
2024-06-10 19:43:49,718 Received market data message: blue
2024-06-10 19:43:51,730 Received market data message: blue
2024-06-10 19:43:54,737 Received market data message: red
2024-06-10 19:43:56,739 Received market data message: blue
2024-06-10 19:43:57,742 Received market data message: blue
2024-06-10 19:43:58,745 Received market data message: red
2024-06-10 19:44:01,750 Received market data message: blue
2024-06-10 19:44:04,752 Received market data message: blue
2024-06-10 19:44:07,755 Received market data message: blue
2024-06-10 19:44:10,766 Received market data message: red
2024-06-10 19:44:12,766 Received market data message: red
2024-06-10 19:44:13,768 Received market data message: red
2024-06-10 19:44:16,780 Received market data message: red
2024-06-10 19:44:19,793 Received market data message: red
2024-06-10 19:44:20,799 Received market data message: red
2024-06-10 19:44:23,807 Received market data message: red
2024-06-10 19:44:25,811 Received market data message: blue
2024-06-10 19:44:28,822 Received market data message: red
2024-06-10 19:44:29,836 Received market data message: blue
2024-06-10 19:44:32,842 Received market data message: red
2024-06-10 19:44:33,851 Received market data message: blue
2024-06-10 19:44:35,859 Received market data message: red
2024-06-10 19:44:37,860 Received market data message: blue
2024-06-10 19:44:38,865 Received market data message: blue
2024-06-10 19:44:40,871 Received market data message: blue
2024-06-10 19:44:41,872 Received market data message: blue
2024-06-10 19:44:44,878 Received market data message: red
2024-06-10 19:44:47,892 Received market data message: blue
2024-06-10 19:44:50,900 Received market data message: blue
2024-06-10 19:44:51,915 Received market data message: red
2024-06-10 19:44:53,921 Received market data message: blue
2024-06-10 19:44:54,929 Received market data message: blue
2024-06-10 19:44:57,937 Received market data message: red
2024-06-10 19:44:59,950 Received market data message: red
2024-06-10 19:45:02,966 Received market data message: red
2024-06-10 19:45:05,977 Received market data message: blue
2024-06-10 19:45:06,993 Received market data message: blue
2024-06-10 19:45:09,998 Received market data message: red
2024-06-10 19:45:12,011 Received market data message: blue
2024-06-10 19:45:14,013 Received market data message: red
2024-06-10 19:45:15,016 Received market data message: blue
2024-06-10 19:45:16,024 Received market data message: blue
2024-06-10 19:45:17,033 Received market data message: red
2024-06-10 19:45:18,045 Received market data message: red
2024-06-10 19:45:19,047 Received market data message: blue
2024-06-10 19:45:22,055 Received market data message: blue
2024-06-10 19:45:23,066 Received market data message: red
2024-06-10 19:45:26,075 Received market data message: red
2024-06-10 19:45:27,079 Received market data message: blue
2024-06-10 19:45:29,095 Received market data message: red
2024-06-10 19:45:31,096 Received market data message: blue
2024-06-10 19:45:33,095 Received market data message: blue
2024-06-10 19:45:34,105 Received market data message: red
2024-06-10 19:45:35,108 Received market data message: red
2024-06-10 19:45:36,123 Received market data message: blue
2024-06-10 19:45:39,137 Received market data message: red
2024-06-10 19:45:41,149 Received market data message: blue
2024-06-10 19:45:44,159 Received market data message: red
2024-06-10 19:45:46,163 Received market data message: red
2024-06-10 19:45:47,178 Received market data message: blue
2024-06-10 19:45:49,186 Received market data message: blue
2024-06-10 19:45:51,201 Received market data message: red
2024-06-10 19:45:52,217 Received market data message: red
2024-06-10 19:45:53,225 Received market data message: red
2024-06-10 19:45:56,226 Received market data message: red
2024-06-10 19:45:58,235 Received market data message: blue
2024-06-10 19:45:59,236 Received market data message: blue
2024-06-10 19:46:02,248 Received market data message: blue
2024-06-10 19:46:04,262 Received market data message: red
2024-06-10 19:46:05,277 Received market data message: red
2024-06-10 19:46:06,288 Received market data message: blue
2024-06-10 19:46:08,294 Received market data message: red
2024-06-10 19:46:11,310 Received market data message: red
2024-06-10 19:46:12,326 Received market data message: blue
2024-06-10 19:46:13,341 Received market data message: blue
2024-06-10 19:46:16,341 Received market data message: red
2024-06-10 19:46:17,352 Received market data message: blue
2024-06-10 19:46:20,355 Received market data message: red
2024-06-10 19:46:21,364 Received market data message: blue
2024-06-10 19:46:22,379 Received market data message: blue
2024-06-10 19:46:23,385 Received market data message: blue
2024-06-10 19:46:24,386 Received market data message: blue
2024-06-10 19:46:26,399 Received market data message: red
2024-06-10 19:46:28,412 Received market data message: red
2024-06-10 19:46:31,414 Received market data message: blue
2024-06-10 19:46:34,426 Received market data message: blue
2024-06-10 19:46:35,441 Received market data message: red
2024-06-10 19:46:37,446 Received market data message: blue
2024-06-10 19:46:38,453 Received market data message: blue
2024-06-10 19:46:39,455 Received market data message: blue
2024-06-10 19:46:41,470 Received market data message: red
2024-06-10 19:46:43,471 Received market data message: red
2024-06-10 19:46:45,473 Received market data message: blue
2024-06-10 19:46:48,476 Received market data message: blue
2024-06-10 19:46:51,481 Received market data message: red
2024-06-10 19:46:52,482 Received market data message: blue
2024-06-10 19:46:55,485 Received market data message: blue
2024-06-10 19:46:56,502 Received market data message: red
2024-06-10 19:46:57,507 Received market data message: red
2024-06-10 19:46:58,518 Received market data message: blue
2024-06-10 19:46:59,530 Received market data message: blue
2024-06-10 19:47:02,543 Received market data message: red
2024-06-10 19:47:03,550 Received market data message: blue
2024-06-10 19:47:04,563 Received market data message: blue
2024-06-10 19:47:05,578 Received market data message: blue
2024-06-10 19:47:07,592 Received market data message: blue
2024-06-10 19:47:08,598 Received market data message: red
2024-06-10 19:47:11,605 Received market data message: blue
2024-06-10 19:47:14,608 Received market data message: red
2024-06-10 19:47:16,615 Received market data message: red
2024-06-10 19:47:18,623 Received market data message: blue
2024-06-10 19:47:20,633 Received market data message: blue
2024-06-10 19:47:21,642 Received market data message: blue
2024-06-10 19:47:23,655 Received market data message: red
2024-06-10 19:47:26,659 Received market data message: red
2024-06-10 19:47:28,673 Received market data message: blue
2024-06-10 19:47:31,688 Received market data message: red
2024-06-10 19:47:34,701 Received market data message: red
2024-06-10 19:47:36,713 Received market data message: blue
2024-06-10 19:47:38,718 Received market data message: blue
2024-06-10 19:47:41,731 Received market data message: red
2024-06-10 19:47:43,741 Received market data message: blue
2024-06-10 19:47:46,756 Received market data message: blue
2024-06-10 19:47:48,765 Received market data message: blue
2024-06-10 19:47:49,766 Received market data message: blue
2024-06-10 19:47:51,779 Received market data message: blue
2024-06-10 19:47:54,789 Received market data message: blue
2024-06-10 19:47:57,804 Received market data message: red
2024-06-10 19:47:59,811 Received market data message: red
2024-06-10 19:48:00,816 Received market data message: blue
2024-06-10 19:48:01,824 Received market data message: blue
2024-06-10 19:48:02,833 Received market data message: blue
2024-06-10 19:48:03,840 Received market data message: red
2024-06-10 19:48:06,855 Received market data message: red
2024-06-10 19:48:09,858 Received market data message: red
2024-06-10 19:48:12,870 Received market data message: blue
2024-06-10 19:48:14,877 Received market data message: blue
2024-06-10 19:48:15,880 Received market data message: blue
2024-06-10 19:48:17,886 Received market data message: red
2024-06-10 19:48:18,891 Received market data message: blue
2024-06-10 19:48:19,906 Received market data message: blue
2024-06-10 19:48:21,907 Received market data message: blue
2024-06-10 19:48:24,909 Received market data message: blue
2024-06-10 19:48:27,913 Received market data message: red
2024-06-10 19:48:30,916 Received market data message: blue
2024-06-10 19:48:32,923 Received market data message: blue
2024-06-10 19:48:34,934 Received market data message: blue
2024-06-10 19:48:36,947 Received market data message: red
2024-06-10 19:48:39,949 Received market data message: red
2024-06-10 19:48:42,951 Received market data message: red
2024-06-10 19:48:45,960 Received market data message: red
2024-06-10 19:48:46,964 Received market data message: red
2024-06-10 19:48:48,974 Received market data message: blue
2024-06-10 19:48:49,979 Received market data message: red
2024-06-10 19:48:50,992 Received market data message: blue
2024-06-10 19:48:52,997 Received market data message: blue
2024-06-10 19:48:55,002 Received market data message: blue
2024-06-10 19:48:56,009 Received market data message: red
2024-06-10 19:48:57,013 Received market data message: blue
2024-06-10 19:48:59,015 Received market data message: blue
2024-06-10 19:49:00,028 Received market data message: red
2024-06-10 19:49:01,041 Received market data message: blue
2024-06-10 19:49:04,052 Received market data message: blue
2024-06-10 19:49:07,065 Received market data message: blue
2024-06-10 19:49:09,076 Received market data message: red
2024-06-10 19:49:12,083 Received market data message: red
2024-06-10 19:49:15,089 Received market data message: blue
2024-06-10 19:49:18,103 Received market data message: blue
2024-06-10 19:49:20,109 Received market data message: red
2024-06-10 19:49:21,115 Received market data message: blue
2024-06-10 19:49:22,122 Received market data message: red
2024-06-10 19:49:25,284 Received market data message: blue
2024-06-10 19:49:27,288 Received market data message: red
2024-06-10 19:49:30,304 Received market data message: blue
2024-06-10 19:49:32,311 Received market data message: blue
2024-06-10 19:49:33,318 Received market data message: blue
2024-06-10 19:49:35,333 Received market data message: blue
2024-06-10 19:49:36,341 Received market data message: red
2024-06-10 19:49:38,346 Received market data message: red
2024-06-10 19:49:40,349 Received market data message: blue
